{"/Users/jasonsutter/Documents/Companies/ZTA.io/zero-trust-analytics/netlify/functions/activity-log.js": {"path":"/Users/jasonsutter/Documents/Companies/ZTA.io/zero-trust-analytics/netlify/functions/activity-log.js","statementMap":{"0":{"start":{"line":5,"column":2},"end":{"line":14,"column":3}},"1":{"start":{"line":6,"column":4},"end":{"line":13,"column":7}},"2":{"start":{"line":17,"column":15},"end":{"line":17,"column":47}},"3":{"start":{"line":18,"column":2},"end":{"line":23,"column":3}},"4":{"start":{"line":19,"column":4},"end":{"line":22,"column":7}},"5":{"start":{"line":25,"column":17},"end":{"line":25,"column":29}},"6":{"start":{"line":28,"column":2},"end":{"line":61,"column":3}},"7":{"start":{"line":29,"column":4},"end":{"line":60,"column":5}},"8":{"start":{"line":30,"column":18},"end":{"line":30,"column":34}},"9":{"start":{"line":31,"column":20},"end":{"line":31,"column":71}},"10":{"start":{"line":32,"column":21},"end":{"line":32,"column":72}},"11":{"start":{"line":34,"column":21},"end":{"line":34,"column":68}},"12":{"start":{"line":37,"column":34},"end":{"line":40,"column":9}},"13":{"start":{"line":37,"column":69},"end":{"line":40,"column":7}},"14":{"start":{"line":42,"column":6},"end":{"line":52,"column":9}},"15":{"start":{"line":55,"column":6},"end":{"line":55,"column":48}},"16":{"start":{"line":56,"column":6},"end":{"line":59,"column":9}},"17":{"start":{"line":63,"column":2},"end":{"line":66,"column":5}},"18":{"start":{"line":69,"column":22},"end":{"line":71,"column":1}}},"fnMap":{"0":{"name":"handler","decl":{"start":{"line":4,"column":30},"end":{"line":4,"column":37}},"loc":{"start":{"line":4,"column":52},"end":{"line":67,"column":1}},"line":4},"1":{"name":"(anonymous_1)","decl":{"start":{"line":37,"column":56},"end":{"line":37,"column":57}},"loc":{"start":{"line":37,"column":69},"end":{"line":40,"column":7}},"line":37}},"branchMap":{"0":{"loc":{"start":{"line":5,"column":2},"end":{"line":14,"column":3}},"type":"if","locations":[{"start":{"line":5,"column":2},"end":{"line":14,"column":3}},{"start":{},"end":{}}],"line":5},"1":{"loc":{"start":{"line":18,"column":2},"end":{"line":23,"column":3}},"type":"if","locations":[{"start":{"line":18,"column":2},"end":{"line":23,"column":3}},{"start":{},"end":{}}],"line":18},"2":{"loc":{"start":{"line":28,"column":2},"end":{"line":61,"column":3}},"type":"if","locations":[{"start":{"line":28,"column":2},"end":{"line":61,"column":3}},{"start":{},"end":{}}],"line":28},"3":{"loc":{"start":{"line":31,"column":29},"end":{"line":31,"column":66}},"type":"binary-expr","locations":[{"start":{"line":31,"column":29},"end":{"line":31,"column":58}},{"start":{"line":31,"column":62},"end":{"line":31,"column":66}}],"line":31},"4":{"loc":{"start":{"line":32,"column":30},"end":{"line":32,"column":67}},"type":"binary-expr","locations":[{"start":{"line":32,"column":30},"end":{"line":32,"column":60}},{"start":{"line":32,"column":64},"end":{"line":32,"column":67}}],"line":32}},"s":{"0":0,"1":0,"2":0,"3":0,"4":0,"5":0,"6":0,"7":0,"8":0,"9":0,"10":0,"11":0,"12":0,"13":0,"14":0,"15":0,"16":0,"17":0,"18":0},"f":{"0":0,"1":0},"b":{"0":[0,0],"1":[0,0],"2":[0,0],"3":[0,0],"4":[0,0]},"inputSourceMap":null}
,"/Users/jasonsutter/Documents/Companies/ZTA.io/zero-trust-analytics/netlify/functions/alerts.js": {"path":"/Users/jasonsutter/Documents/Companies/ZTA.io/zero-trust-analytics/netlify/functions/alerts.js","statementMap":{"0":{"start":{"line":5,"column":2},"end":{"line":14,"column":3}},"1":{"start":{"line":6,"column":4},"end":{"line":13,"column":7}},"2":{"start":{"line":17,"column":15},"end":{"line":17,"column":47}},"3":{"start":{"line":18,"column":2},"end":{"line":23,"column":3}},"4":{"start":{"line":19,"column":4},"end":{"line":22,"column":7}},"5":{"start":{"line":25,"column":17},"end":{"line":25,"column":29}},"6":{"start":{"line":26,"column":14},"end":{"line":26,"column":30}},"7":{"start":{"line":29,"column":2},"end":{"line":70,"column":3}},"8":{"start":{"line":30,"column":19},"end":{"line":30,"column":49}},"9":{"start":{"line":32,"column":4},"end":{"line":37,"column":5}},"10":{"start":{"line":33,"column":6},"end":{"line":36,"column":9}},"11":{"start":{"line":40,"column":22},"end":{"line":40,"column":48}},"12":{"start":{"line":41,"column":4},"end":{"line":46,"column":5}},"13":{"start":{"line":42,"column":6},"end":{"line":45,"column":9}},"14":{"start":{"line":48,"column":4},"end":{"line":69,"column":5}},"15":{"start":{"line":49,"column":21},"end":{"line":49,"column":48}},"16":{"start":{"line":50,"column":23},"end":{"line":50,"column":55}},"17":{"start":{"line":52,"column":6},"end":{"line":61,"column":9}},"18":{"start":{"line":64,"column":6},"end":{"line":64,"column":47}},"19":{"start":{"line":65,"column":6},"end":{"line":68,"column":9}},"20":{"start":{"line":73,"column":2},"end":{"line":122,"column":3}},"21":{"start":{"line":74,"column":4},"end":{"line":121,"column":5}},"22":{"start":{"line":75,"column":19},"end":{"line":75,"column":35}},"23":{"start":{"line":76,"column":98},"end":{"line":76,"column":102}},"24":{"start":{"line":78,"column":6},"end":{"line":83,"column":7}},"25":{"start":{"line":79,"column":8},"end":{"line":82,"column":11}},"26":{"start":{"line":86,"column":24},"end":{"line":86,"column":50}},"27":{"start":{"line":87,"column":6},"end":{"line":92,"column":7}},"28":{"start":{"line":88,"column":8},"end":{"line":91,"column":11}},"29":{"start":{"line":95,"column":29},"end":{"line":95,"column":85}},"30":{"start":{"line":97,"column":20},"end":{"line":105,"column":8}},"31":{"start":{"line":107,"column":6},"end":{"line":113,"column":9}},"32":{"start":{"line":116,"column":6},"end":{"line":116,"column":48}},"33":{"start":{"line":117,"column":6},"end":{"line":120,"column":9}},"34":{"start":{"line":125,"column":2},"end":{"line":161,"column":3}},"35":{"start":{"line":126,"column":4},"end":{"line":160,"column":5}},"36":{"start":{"line":127,"column":19},"end":{"line":127,"column":35}},"37":{"start":{"line":128,"column":38},"end":{"line":128,"column":42}},"38":{"start":{"line":130,"column":6},"end":{"line":135,"column":7}},"39":{"start":{"line":131,"column":8},"end":{"line":134,"column":11}},"40":{"start":{"line":137,"column":22},"end":{"line":137,"column":65}},"41":{"start":{"line":139,"column":6},"end":{"line":144,"column":7}},"42":{"start":{"line":140,"column":8},"end":{"line":143,"column":11}},"43":{"start":{"line":146,"column":6},"end":{"line":152,"column":9}},"44":{"start":{"line":155,"column":6},"end":{"line":155,"column":48}},"45":{"start":{"line":156,"column":6},"end":{"line":159,"column":9}},"46":{"start":{"line":164,"column":2},"end":{"line":199,"column":3}},"47":{"start":{"line":165,"column":20},"end":{"line":165,"column":51}},"48":{"start":{"line":167,"column":4},"end":{"line":172,"column":5}},"49":{"start":{"line":168,"column":6},"end":{"line":171,"column":9}},"50":{"start":{"line":174,"column":4},"end":{"line":198,"column":5}},"51":{"start":{"line":175,"column":22},"end":{"line":175,"column":56}},"52":{"start":{"line":177,"column":6},"end":{"line":182,"column":7}},"53":{"start":{"line":178,"column":8},"end":{"line":181,"column":11}},"54":{"start":{"line":184,"column":6},"end":{"line":190,"column":9}},"55":{"start":{"line":193,"column":6},"end":{"line":193,"column":48}},"56":{"start":{"line":194,"column":6},"end":{"line":197,"column":9}},"57":{"start":{"line":201,"column":2},"end":{"line":204,"column":5}},"58":{"start":{"line":207,"column":22},"end":{"line":209,"column":1}}},"fnMap":{"0":{"name":"handler","decl":{"start":{"line":4,"column":30},"end":{"line":4,"column":37}},"loc":{"start":{"line":4,"column":52},"end":{"line":205,"column":1}},"line":4}},"branchMap":{"0":{"loc":{"start":{"line":5,"column":2},"end":{"line":14,"column":3}},"type":"if","locations":[{"start":{"line":5,"column":2},"end":{"line":14,"column":3}},{"start":{},"end":{}}],"line":5},"1":{"loc":{"start":{"line":18,"column":2},"end":{"line":23,"column":3}},"type":"if","locations":[{"start":{"line":18,"column":2},"end":{"line":23,"column":3}},{"start":{},"end":{}}],"line":18},"2":{"loc":{"start":{"line":29,"column":2},"end":{"line":70,"column":3}},"type":"if","locations":[{"start":{"line":29,"column":2},"end":{"line":70,"column":3}},{"start":{},"end":{}}],"line":29},"3":{"loc":{"start":{"line":32,"column":4},"end":{"line":37,"column":5}},"type":"if","locations":[{"start":{"line":32,"column":4},"end":{"line":37,"column":5}},{"start":{},"end":{}}],"line":32},"4":{"loc":{"start":{"line":41,"column":4},"end":{"line":46,"column":5}},"type":"if","locations":[{"start":{"line":41,"column":4},"end":{"line":46,"column":5}},{"start":{},"end":{}}],"line":41},"5":{"loc":{"start":{"line":73,"column":2},"end":{"line":122,"column":3}},"type":"if","locations":[{"start":{"line":73,"column":2},"end":{"line":122,"column":3}},{"start":{},"end":{}}],"line":73},"6":{"loc":{"start":{"line":78,"column":6},"end":{"line":83,"column":7}},"type":"if","locations":[{"start":{"line":78,"column":6},"end":{"line":83,"column":7}},{"start":{},"end":{}}],"line":78},"7":{"loc":{"start":{"line":87,"column":6},"end":{"line":92,"column":7}},"type":"if","locations":[{"start":{"line":87,"column":6},"end":{"line":92,"column":7}},{"start":{},"end":{}}],"line":87},"8":{"loc":{"start":{"line":95,"column":57},"end":{"line":95,"column":83}},"type":"binary-expr","locations":[{"start":{"line":95,"column":57},"end":{"line":95,"column":76}},{"start":{"line":95,"column":80},"end":{"line":95,"column":83}}],"line":95},"9":{"loc":{"start":{"line":99,"column":14},"end":{"line":99,"column":37}},"type":"binary-expr","locations":[{"start":{"line":99,"column":14},"end":{"line":99,"column":18}},{"start":{"line":99,"column":22},"end":{"line":99,"column":37}}],"line":99},"10":{"loc":{"start":{"line":101,"column":48},"end":{"line":101,"column":74}},"type":"binary-expr","locations":[{"start":{"line":101,"column":48},"end":{"line":101,"column":68}},{"start":{"line":101,"column":72},"end":{"line":101,"column":74}}],"line":101},"11":{"loc":{"start":{"line":102,"column":46},"end":{"line":102,"column":70}},"type":"binary-expr","locations":[{"start":{"line":102,"column":46},"end":{"line":102,"column":64}},{"start":{"line":102,"column":68},"end":{"line":102,"column":70}}],"line":102},"12":{"loc":{"start":{"line":125,"column":2},"end":{"line":161,"column":3}},"type":"if","locations":[{"start":{"line":125,"column":2},"end":{"line":161,"column":3}},{"start":{},"end":{}}],"line":125},"13":{"loc":{"start":{"line":130,"column":6},"end":{"line":135,"column":7}},"type":"if","locations":[{"start":{"line":130,"column":6},"end":{"line":135,"column":7}},{"start":{},"end":{}}],"line":130},"14":{"loc":{"start":{"line":139,"column":6},"end":{"line":144,"column":7}},"type":"if","locations":[{"start":{"line":139,"column":6},"end":{"line":144,"column":7}},{"start":{},"end":{}}],"line":139},"15":{"loc":{"start":{"line":164,"column":2},"end":{"line":199,"column":3}},"type":"if","locations":[{"start":{"line":164,"column":2},"end":{"line":199,"column":3}},{"start":{},"end":{}}],"line":164},"16":{"loc":{"start":{"line":167,"column":4},"end":{"line":172,"column":5}},"type":"if","locations":[{"start":{"line":167,"column":4},"end":{"line":172,"column":5}},{"start":{},"end":{}}],"line":167},"17":{"loc":{"start":{"line":177,"column":6},"end":{"line":182,"column":7}},"type":"if","locations":[{"start":{"line":177,"column":6},"end":{"line":182,"column":7}},{"start":{},"end":{}}],"line":177}},"s":{"0":28,"1":1,"2":27,"3":27,"4":2,"5":25,"6":25,"7":25,"8":3,"9":3,"10":1,"11":2,"12":2,"13":1,"14":1,"15":1,"16":1,"17":1,"18":0,"19":0,"20":22,"21":14,"22":14,"23":14,"24":14,"25":1,"26":13,"27":13,"28":1,"29":12,"30":12,"31":12,"32":0,"33":0,"34":8,"35":4,"36":4,"37":4,"38":4,"39":1,"40":3,"41":3,"42":1,"43":2,"44":0,"45":0,"46":4,"47":3,"48":3,"49":1,"50":2,"51":2,"52":2,"53":1,"54":1,"55":0,"56":0,"57":1,"58":1},"f":{"0":28},"b":{"0":[1,27],"1":[2,25],"2":[3,22],"3":[1,2],"4":[1,1],"5":[14,8],"6":[1,13],"7":[1,12],"8":[12,6],"9":[12,9],"10":[12,7],"11":[12,9],"12":[4,4],"13":[1,3],"14":[1,2],"15":[3,1],"16":[1,2],"17":[1,1]},"inputSourceMap":null,"_coverageSchema":"1a1c01bbd47fc00a2c39e90264f33305004495a9","hash":"7942bfe128f340f46255c9874c937d5cc6b23323"}
,"/Users/jasonsutter/Documents/Companies/ZTA.io/zero-trust-analytics/netlify/functions/annotations.js": {"path":"/Users/jasonsutter/Documents/Companies/ZTA.io/zero-trust-analytics/netlify/functions/annotations.js","statementMap":{"0":{"start":{"line":5,"column":2},"end":{"line":14,"column":3}},"1":{"start":{"line":6,"column":4},"end":{"line":13,"column":7}},"2":{"start":{"line":17,"column":15},"end":{"line":17,"column":47}},"3":{"start":{"line":18,"column":2},"end":{"line":23,"column":3}},"4":{"start":{"line":19,"column":4},"end":{"line":22,"column":7}},"5":{"start":{"line":25,"column":17},"end":{"line":25,"column":29}},"6":{"start":{"line":26,"column":14},"end":{"line":26,"column":30}},"7":{"start":{"line":29,"column":2},"end":{"line":68,"column":3}},"8":{"start":{"line":30,"column":19},"end":{"line":30,"column":49}},"9":{"start":{"line":31,"column":22},"end":{"line":31,"column":55}},"10":{"start":{"line":32,"column":20},"end":{"line":32,"column":51}},"11":{"start":{"line":34,"column":4},"end":{"line":39,"column":5}},"12":{"start":{"line":35,"column":6},"end":{"line":38,"column":9}},"13":{"start":{"line":42,"column":22},"end":{"line":42,"column":48}},"14":{"start":{"line":43,"column":4},"end":{"line":48,"column":5}},"15":{"start":{"line":44,"column":6},"end":{"line":47,"column":9}},"16":{"start":{"line":50,"column":4},"end":{"line":67,"column":5}},"17":{"start":{"line":51,"column":26},"end":{"line":51,"column":78}},"18":{"start":{"line":53,"column":6},"end":{"line":59,"column":9}},"19":{"start":{"line":62,"column":6},"end":{"line":62,"column":52}},"20":{"start":{"line":63,"column":6},"end":{"line":66,"column":9}},"21":{"start":{"line":71,"column":2},"end":{"line":123,"column":3}},"22":{"start":{"line":72,"column":4},"end":{"line":122,"column":5}},"23":{"start":{"line":73,"column":19},"end":{"line":73,"column":35}},"24":{"start":{"line":74,"column":64},"end":{"line":74,"column":68}},"25":{"start":{"line":76,"column":6},"end":{"line":81,"column":7}},"26":{"start":{"line":77,"column":8},"end":{"line":80,"column":11}},"27":{"start":{"line":84,"column":6},"end":{"line":89,"column":7}},"28":{"start":{"line":85,"column":8},"end":{"line":88,"column":11}},"29":{"start":{"line":92,"column":24},"end":{"line":92,"column":50}},"30":{"start":{"line":93,"column":6},"end":{"line":98,"column":7}},"31":{"start":{"line":94,"column":8},"end":{"line":97,"column":11}},"32":{"start":{"line":100,"column":25},"end":{"line":106,"column":8}},"33":{"start":{"line":108,"column":6},"end":{"line":114,"column":9}},"34":{"start":{"line":117,"column":6},"end":{"line":117,"column":53}},"35":{"start":{"line":118,"column":6},"end":{"line":121,"column":9}},"36":{"start":{"line":126,"column":2},"end":{"line":162,"column":3}},"37":{"start":{"line":127,"column":4},"end":{"line":161,"column":5}},"38":{"start":{"line":128,"column":19},"end":{"line":128,"column":35}},"39":{"start":{"line":129,"column":43},"end":{"line":129,"column":47}},"40":{"start":{"line":131,"column":6},"end":{"line":136,"column":7}},"41":{"start":{"line":132,"column":8},"end":{"line":135,"column":11}},"42":{"start":{"line":138,"column":22},"end":{"line":138,"column":75}},"43":{"start":{"line":140,"column":6},"end":{"line":145,"column":7}},"44":{"start":{"line":141,"column":8},"end":{"line":144,"column":11}},"45":{"start":{"line":147,"column":6},"end":{"line":153,"column":9}},"46":{"start":{"line":156,"column":6},"end":{"line":156,"column":53}},"47":{"start":{"line":157,"column":6},"end":{"line":160,"column":9}},"48":{"start":{"line":165,"column":2},"end":{"line":200,"column":3}},"49":{"start":{"line":166,"column":25},"end":{"line":166,"column":61}},"50":{"start":{"line":168,"column":4},"end":{"line":173,"column":5}},"51":{"start":{"line":169,"column":6},"end":{"line":172,"column":9}},"52":{"start":{"line":175,"column":4},"end":{"line":199,"column":5}},"53":{"start":{"line":176,"column":22},"end":{"line":176,"column":66}},"54":{"start":{"line":178,"column":6},"end":{"line":183,"column":7}},"55":{"start":{"line":179,"column":8},"end":{"line":182,"column":11}},"56":{"start":{"line":185,"column":6},"end":{"line":191,"column":9}},"57":{"start":{"line":194,"column":6},"end":{"line":194,"column":53}},"58":{"start":{"line":195,"column":6},"end":{"line":198,"column":9}},"59":{"start":{"line":202,"column":2},"end":{"line":205,"column":5}},"60":{"start":{"line":208,"column":22},"end":{"line":210,"column":1}}},"fnMap":{"0":{"name":"handler","decl":{"start":{"line":4,"column":30},"end":{"line":4,"column":37}},"loc":{"start":{"line":4,"column":52},"end":{"line":206,"column":1}},"line":4}},"branchMap":{"0":{"loc":{"start":{"line":5,"column":2},"end":{"line":14,"column":3}},"type":"if","locations":[{"start":{"line":5,"column":2},"end":{"line":14,"column":3}},{"start":{},"end":{}}],"line":5},"1":{"loc":{"start":{"line":18,"column":2},"end":{"line":23,"column":3}},"type":"if","locations":[{"start":{"line":18,"column":2},"end":{"line":23,"column":3}},{"start":{},"end":{}}],"line":18},"2":{"loc":{"start":{"line":29,"column":2},"end":{"line":68,"column":3}},"type":"if","locations":[{"start":{"line":29,"column":2},"end":{"line":68,"column":3}},{"start":{},"end":{}}],"line":29},"3":{"loc":{"start":{"line":34,"column":4},"end":{"line":39,"column":5}},"type":"if","locations":[{"start":{"line":34,"column":4},"end":{"line":39,"column":5}},{"start":{},"end":{}}],"line":34},"4":{"loc":{"start":{"line":43,"column":4},"end":{"line":48,"column":5}},"type":"if","locations":[{"start":{"line":43,"column":4},"end":{"line":48,"column":5}},{"start":{},"end":{}}],"line":43},"5":{"loc":{"start":{"line":71,"column":2},"end":{"line":123,"column":3}},"type":"if","locations":[{"start":{"line":71,"column":2},"end":{"line":123,"column":3}},{"start":{},"end":{}}],"line":71},"6":{"loc":{"start":{"line":76,"column":6},"end":{"line":81,"column":7}},"type":"if","locations":[{"start":{"line":76,"column":6},"end":{"line":81,"column":7}},{"start":{},"end":{}}],"line":76},"7":{"loc":{"start":{"line":76,"column":10},"end":{"line":76,"column":26}},"type":"binary-expr","locations":[{"start":{"line":76,"column":10},"end":{"line":76,"column":17}},{"start":{"line":76,"column":21},"end":{"line":76,"column":26}}],"line":76},"8":{"loc":{"start":{"line":84,"column":6},"end":{"line":89,"column":7}},"type":"if","locations":[{"start":{"line":84,"column":6},"end":{"line":89,"column":7}},{"start":{},"end":{}}],"line":84},"9":{"loc":{"start":{"line":93,"column":6},"end":{"line":98,"column":7}},"type":"if","locations":[{"start":{"line":93,"column":6},"end":{"line":98,"column":7}},{"start":{},"end":{}}],"line":93},"10":{"loc":{"start":{"line":102,"column":15},"end":{"line":102,"column":31}},"type":"binary-expr","locations":[{"start":{"line":102,"column":15},"end":{"line":102,"column":20}},{"start":{"line":102,"column":24},"end":{"line":102,"column":31}}],"line":102},"11":{"loc":{"start":{"line":103,"column":21},"end":{"line":103,"column":38}},"type":"binary-expr","locations":[{"start":{"line":103,"column":21},"end":{"line":103,"column":32}},{"start":{"line":103,"column":36},"end":{"line":103,"column":38}}],"line":103},"12":{"loc":{"start":{"line":104,"column":15},"end":{"line":104,"column":33}},"type":"binary-expr","locations":[{"start":{"line":104,"column":15},"end":{"line":104,"column":20}},{"start":{"line":104,"column":24},"end":{"line":104,"column":33}}],"line":104},"13":{"loc":{"start":{"line":105,"column":14},"end":{"line":105,"column":28}},"type":"binary-expr","locations":[{"start":{"line":105,"column":14},"end":{"line":105,"column":18}},{"start":{"line":105,"column":22},"end":{"line":105,"column":28}}],"line":105},"14":{"loc":{"start":{"line":126,"column":2},"end":{"line":162,"column":3}},"type":"if","locations":[{"start":{"line":126,"column":2},"end":{"line":162,"column":3}},{"start":{},"end":{}}],"line":126},"15":{"loc":{"start":{"line":131,"column":6},"end":{"line":136,"column":7}},"type":"if","locations":[{"start":{"line":131,"column":6},"end":{"line":136,"column":7}},{"start":{},"end":{}}],"line":131},"16":{"loc":{"start":{"line":140,"column":6},"end":{"line":145,"column":7}},"type":"if","locations":[{"start":{"line":140,"column":6},"end":{"line":145,"column":7}},{"start":{},"end":{}}],"line":140},"17":{"loc":{"start":{"line":165,"column":2},"end":{"line":200,"column":3}},"type":"if","locations":[{"start":{"line":165,"column":2},"end":{"line":200,"column":3}},{"start":{},"end":{}}],"line":165},"18":{"loc":{"start":{"line":168,"column":4},"end":{"line":173,"column":5}},"type":"if","locations":[{"start":{"line":168,"column":4},"end":{"line":173,"column":5}},{"start":{},"end":{}}],"line":168},"19":{"loc":{"start":{"line":178,"column":6},"end":{"line":183,"column":7}},"type":"if","locations":[{"start":{"line":178,"column":6},"end":{"line":183,"column":7}},{"start":{},"end":{}}],"line":178}},"s":{"0":0,"1":0,"2":0,"3":0,"4":0,"5":0,"6":0,"7":0,"8":0,"9":0,"10":0,"11":0,"12":0,"13":0,"14":0,"15":0,"16":0,"17":0,"18":0,"19":0,"20":0,"21":0,"22":0,"23":0,"24":0,"25":0,"26":0,"27":0,"28":0,"29":0,"30":0,"31":0,"32":0,"33":0,"34":0,"35":0,"36":0,"37":0,"38":0,"39":0,"40":0,"41":0,"42":0,"43":0,"44":0,"45":0,"46":0,"47":0,"48":0,"49":0,"50":0,"51":0,"52":0,"53":0,"54":0,"55":0,"56":0,"57":0,"58":0,"59":0,"60":0},"f":{"0":0},"b":{"0":[0,0],"1":[0,0],"2":[0,0],"3":[0,0],"4":[0,0],"5":[0,0],"6":[0,0],"7":[0,0],"8":[0,0],"9":[0,0],"10":[0,0],"11":[0,0],"12":[0,0],"13":[0,0],"14":[0,0],"15":[0,0],"16":[0,0],"17":[0,0],"18":[0,0],"19":[0,0]},"inputSourceMap":null}
,"/Users/jasonsutter/Documents/Companies/ZTA.io/zero-trust-analytics/netlify/functions/api-keys.js": {"path":"/Users/jasonsutter/Documents/Companies/ZTA.io/zero-trust-analytics/netlify/functions/api-keys.js","statementMap":{"0":{"start":{"line":5,"column":2},"end":{"line":14,"column":3}},"1":{"start":{"line":6,"column":4},"end":{"line":13,"column":7}},"2":{"start":{"line":17,"column":15},"end":{"line":17,"column":47}},"3":{"start":{"line":18,"column":2},"end":{"line":23,"column":3}},"4":{"start":{"line":19,"column":4},"end":{"line":22,"column":7}},"5":{"start":{"line":25,"column":17},"end":{"line":25,"column":29}},"6":{"start":{"line":28,"column":2},"end":{"line":47,"column":3}},"7":{"start":{"line":29,"column":4},"end":{"line":46,"column":5}},"8":{"start":{"line":30,"column":19},"end":{"line":30,"column":47}},"9":{"start":{"line":32,"column":6},"end":{"line":38,"column":9}},"10":{"start":{"line":41,"column":6},"end":{"line":41,"column":49}},"11":{"start":{"line":42,"column":6},"end":{"line":45,"column":9}},"12":{"start":{"line":50,"column":2},"end":{"line":83,"column":3}},"13":{"start":{"line":51,"column":4},"end":{"line":82,"column":5}},"14":{"start":{"line":52,"column":19},"end":{"line":52,"column":35}},"15":{"start":{"line":53,"column":36},"end":{"line":53,"column":40}},"16":{"start":{"line":56,"column":31},"end":{"line":56,"column":57}},"17":{"start":{"line":57,"column":20},"end":{"line":57,"column":87}},"18":{"start":{"line":57,"column":58},"end":{"line":57,"column":86}},"19":{"start":{"line":59,"column":6},"end":{"line":61,"column":7}},"20":{"start":{"line":60,"column":8},"end":{"line":60,"column":27}},"21":{"start":{"line":63,"column":21},"end":{"line":63,"column":60}},"22":{"start":{"line":65,"column":6},"end":{"line":74,"column":9}},"23":{"start":{"line":77,"column":6},"end":{"line":77,"column":50}},"24":{"start":{"line":78,"column":6},"end":{"line":81,"column":9}},"25":{"start":{"line":86,"column":2},"end":{"line":122,"column":3}},"26":{"start":{"line":87,"column":4},"end":{"line":121,"column":5}},"27":{"start":{"line":88,"column":19},"end":{"line":88,"column":35}},"28":{"start":{"line":89,"column":30},"end":{"line":89,"column":34}},"29":{"start":{"line":91,"column":6},"end":{"line":96,"column":7}},"30":{"start":{"line":92,"column":8},"end":{"line":95,"column":11}},"31":{"start":{"line":98,"column":22},"end":{"line":98,"column":65}},"32":{"start":{"line":100,"column":6},"end":{"line":105,"column":7}},"33":{"start":{"line":101,"column":8},"end":{"line":104,"column":11}},"34":{"start":{"line":107,"column":6},"end":{"line":113,"column":9}},"35":{"start":{"line":116,"column":6},"end":{"line":116,"column":50}},"36":{"start":{"line":117,"column":6},"end":{"line":120,"column":9}},"37":{"start":{"line":125,"column":2},"end":{"line":161,"column":3}},"38":{"start":{"line":126,"column":16},"end":{"line":126,"column":32}},"39":{"start":{"line":127,"column":18},"end":{"line":127,"column":47}},"40":{"start":{"line":129,"column":4},"end":{"line":134,"column":5}},"41":{"start":{"line":130,"column":6},"end":{"line":133,"column":9}},"42":{"start":{"line":136,"column":4},"end":{"line":160,"column":5}},"43":{"start":{"line":137,"column":22},"end":{"line":137,"column":55}},"44":{"start":{"line":139,"column":6},"end":{"line":144,"column":7}},"45":{"start":{"line":140,"column":8},"end":{"line":143,"column":11}},"46":{"start":{"line":146,"column":6},"end":{"line":152,"column":9}},"47":{"start":{"line":155,"column":6},"end":{"line":155,"column":50}},"48":{"start":{"line":156,"column":6},"end":{"line":159,"column":9}},"49":{"start":{"line":163,"column":2},"end":{"line":166,"column":5}},"50":{"start":{"line":169,"column":22},"end":{"line":171,"column":1}}},"fnMap":{"0":{"name":"handler","decl":{"start":{"line":4,"column":30},"end":{"line":4,"column":37}},"loc":{"start":{"line":4,"column":52},"end":{"line":167,"column":1}},"line":4},"1":{"name":"(anonymous_1)","decl":{"start":{"line":57,"column":53},"end":{"line":57,"column":54}},"loc":{"start":{"line":57,"column":58},"end":{"line":57,"column":86}},"line":57}},"branchMap":{"0":{"loc":{"start":{"line":5,"column":2},"end":{"line":14,"column":3}},"type":"if","locations":[{"start":{"line":5,"column":2},"end":{"line":14,"column":3}},{"start":{},"end":{}}],"line":5},"1":{"loc":{"start":{"line":18,"column":2},"end":{"line":23,"column":3}},"type":"if","locations":[{"start":{"line":18,"column":2},"end":{"line":23,"column":3}},{"start":{},"end":{}}],"line":18},"2":{"loc":{"start":{"line":28,"column":2},"end":{"line":47,"column":3}},"type":"if","locations":[{"start":{"line":28,"column":2},"end":{"line":47,"column":3}},{"start":{},"end":{}}],"line":28},"3":{"loc":{"start":{"line":50,"column":2},"end":{"line":83,"column":3}},"type":"if","locations":[{"start":{"line":50,"column":2},"end":{"line":83,"column":3}},{"start":{},"end":{}}],"line":50},"4":{"loc":{"start":{"line":57,"column":21},"end":{"line":57,"column":44}},"type":"binary-expr","locations":[{"start":{"line":57,"column":21},"end":{"line":57,"column":32}},{"start":{"line":57,"column":36},"end":{"line":57,"column":44}}],"line":57},"5":{"loc":{"start":{"line":59,"column":6},"end":{"line":61,"column":7}},"type":"if","locations":[{"start":{"line":59,"column":6},"end":{"line":61,"column":7}},{"start":{},"end":{}}],"line":59},"6":{"loc":{"start":{"line":86,"column":2},"end":{"line":122,"column":3}},"type":"if","locations":[{"start":{"line":86,"column":2},"end":{"line":122,"column":3}},{"start":{},"end":{}}],"line":86},"7":{"loc":{"start":{"line":91,"column":6},"end":{"line":96,"column":7}},"type":"if","locations":[{"start":{"line":91,"column":6},"end":{"line":96,"column":7}},{"start":{},"end":{}}],"line":91},"8":{"loc":{"start":{"line":91,"column":10},"end":{"line":91,"column":25}},"type":"binary-expr","locations":[{"start":{"line":91,"column":10},"end":{"line":91,"column":16}},{"start":{"line":91,"column":20},"end":{"line":91,"column":25}}],"line":91},"9":{"loc":{"start":{"line":100,"column":6},"end":{"line":105,"column":7}},"type":"if","locations":[{"start":{"line":100,"column":6},"end":{"line":105,"column":7}},{"start":{},"end":{}}],"line":100},"10":{"loc":{"start":{"line":125,"column":2},"end":{"line":161,"column":3}},"type":"if","locations":[{"start":{"line":125,"column":2},"end":{"line":161,"column":3}},{"start":{},"end":{}}],"line":125},"11":{"loc":{"start":{"line":129,"column":4},"end":{"line":134,"column":5}},"type":"if","locations":[{"start":{"line":129,"column":4},"end":{"line":134,"column":5}},{"start":{},"end":{}}],"line":129},"12":{"loc":{"start":{"line":139,"column":6},"end":{"line":144,"column":7}},"type":"if","locations":[{"start":{"line":139,"column":6},"end":{"line":144,"column":7}},{"start":{},"end":{}}],"line":139}},"s":{"0":0,"1":0,"2":0,"3":0,"4":0,"5":0,"6":0,"7":0,"8":0,"9":0,"10":0,"11":0,"12":0,"13":0,"14":0,"15":0,"16":0,"17":0,"18":0,"19":0,"20":0,"21":0,"22":0,"23":0,"24":0,"25":0,"26":0,"27":0,"28":0,"29":0,"30":0,"31":0,"32":0,"33":0,"34":0,"35":0,"36":0,"37":0,"38":0,"39":0,"40":0,"41":0,"42":0,"43":0,"44":0,"45":0,"46":0,"47":0,"48":0,"49":0,"50":0},"f":{"0":0,"1":0},"b":{"0":[0,0],"1":[0,0],"2":[0,0],"3":[0,0],"4":[0,0],"5":[0,0],"6":[0,0],"7":[0,0],"8":[0,0],"9":[0,0],"10":[0,0],"11":[0,0],"12":[0,0]},"inputSourceMap":null}
,"/Users/jasonsutter/Documents/Companies/ZTA.io/zero-trust-analytics/netlify/functions/auth-2fa.js": {"path":"/Users/jasonsutter/Documents/Companies/ZTA.io/zero-trust-analytics/netlify/functions/auth-2fa.js","statementMap":{"0":{"start":{"line":6,"column":2},"end":{"line":15,"column":3}},"1":{"start":{"line":7,"column":4},"end":{"line":14,"column":7}},"2":{"start":{"line":17,"column":2},"end":{"line":19,"column":3}},"3":{"start":{"line":18,"column":4},"end":{"line":18,"column":37}},"4":{"start":{"line":21,"column":2},"end":{"line":255,"column":3}},"5":{"start":{"line":22,"column":17},"end":{"line":22,"column":33}},"6":{"start":{"line":23,"column":23},"end":{"line":23,"column":27}},"7":{"start":{"line":24,"column":16},"end":{"line":24,"column":32}},"8":{"start":{"line":27,"column":4},"end":{"line":75,"column":5}},"9":{"start":{"line":28,"column":19},"end":{"line":28,"column":51}},"10":{"start":{"line":29,"column":6},"end":{"line":34,"column":7}},"11":{"start":{"line":30,"column":8},"end":{"line":33,"column":11}},"12":{"start":{"line":36,"column":21},"end":{"line":36,"column":33}},"13":{"start":{"line":37,"column":19},"end":{"line":37,"column":49}},"14":{"start":{"line":39,"column":6},"end":{"line":41,"column":7}},"15":{"start":{"line":40,"column":8},"end":{"line":40,"column":49}},"16":{"start":{"line":44,"column":21},"end":{"line":44,"column":45}},"17":{"start":{"line":45,"column":19},"end":{"line":52,"column":8}},"18":{"start":{"line":55,"column":24},"end":{"line":55,"column":39}},"19":{"start":{"line":58,"column":6},"end":{"line":61,"column":9}},"20":{"start":{"line":63,"column":6},"end":{"line":74,"column":9}},"21":{"start":{"line":78,"column":4},"end":{"line":131,"column":5}},"22":{"start":{"line":79,"column":19},"end":{"line":79,"column":51}},"23":{"start":{"line":80,"column":6},"end":{"line":85,"column":7}},"24":{"start":{"line":81,"column":8},"end":{"line":84,"column":11}},"25":{"start":{"line":87,"column":21},"end":{"line":87,"column":33}},"26":{"start":{"line":88,"column":23},"end":{"line":88,"column":27}},"27":{"start":{"line":90,"column":6},"end":{"line":92,"column":7}},"28":{"start":{"line":91,"column":8},"end":{"line":91,"column":68}},"29":{"start":{"line":94,"column":19},"end":{"line":94,"column":49}},"30":{"start":{"line":96,"column":6},"end":{"line":98,"column":7}},"31":{"start":{"line":97,"column":8},"end":{"line":97,"column":85}},"32":{"start":{"line":101,"column":19},"end":{"line":108,"column":8}},"33":{"start":{"line":110,"column":20},"end":{"line":110,"column":61}},"34":{"start":{"line":112,"column":6},"end":{"line":114,"column":7}},"35":{"start":{"line":113,"column":8},"end":{"line":113,"column":64}},"36":{"start":{"line":117,"column":6},"end":{"line":119,"column":9}},"37":{"start":{"line":121,"column":6},"end":{"line":130,"column":9}},"38":{"start":{"line":134,"column":4},"end":{"line":188,"column":5}},"39":{"start":{"line":135,"column":19},"end":{"line":135,"column":51}},"40":{"start":{"line":136,"column":6},"end":{"line":141,"column":7}},"41":{"start":{"line":137,"column":8},"end":{"line":140,"column":11}},"42":{"start":{"line":143,"column":21},"end":{"line":143,"column":33}},"43":{"start":{"line":144,"column":23},"end":{"line":144,"column":27}},"44":{"start":{"line":146,"column":6},"end":{"line":148,"column":7}},"45":{"start":{"line":147,"column":8},"end":{"line":147,"column":83}},"46":{"start":{"line":150,"column":19},"end":{"line":150,"column":49}},"47":{"start":{"line":152,"column":6},"end":{"line":154,"column":7}},"48":{"start":{"line":153,"column":8},"end":{"line":153,"column":72}},"49":{"start":{"line":157,"column":19},"end":{"line":164,"column":8}},"50":{"start":{"line":166,"column":20},"end":{"line":166,"column":61}},"51":{"start":{"line":168,"column":6},"end":{"line":170,"column":7}},"52":{"start":{"line":169,"column":8},"end":{"line":169,"column":64}},"53":{"start":{"line":173,"column":6},"end":{"line":176,"column":9}},"54":{"start":{"line":178,"column":6},"end":{"line":187,"column":9}},"55":{"start":{"line":191,"column":4},"end":{"line":248,"column":5}},"56":{"start":{"line":192,"column":34},"end":{"line":192,"column":38}},"57":{"start":{"line":194,"column":6},"end":{"line":196,"column":7}},"58":{"start":{"line":195,"column":8},"end":{"line":195,"column":75}},"59":{"start":{"line":200,"column":6},"end":{"line":206,"column":7}},"60":{"start":{"line":201,"column":20},"end":{"line":201,"column":58}},"61":{"start":{"line":202,"column":24},"end":{"line":202,"column":69}},"62":{"start":{"line":203,"column":8},"end":{"line":203,"column":30}},"63":{"start":{"line":205,"column":8},"end":{"line":205,"column":62}},"64":{"start":{"line":208,"column":19},"end":{"line":208,"column":39}},"65":{"start":{"line":210,"column":6},"end":{"line":212,"column":7}},"66":{"start":{"line":211,"column":8},"end":{"line":211,"column":72}},"67":{"start":{"line":215,"column":19},"end":{"line":222,"column":8}},"68":{"start":{"line":224,"column":20},"end":{"line":224,"column":61}},"69":{"start":{"line":226,"column":6},"end":{"line":228,"column":7}},"70":{"start":{"line":227,"column":8},"end":{"line":227,"column":64}},"71":{"start":{"line":231,"column":20},"end":{"line":231,"column":67}},"72":{"start":{"line":233,"column":6},"end":{"line":247,"column":9}},"73":{"start":{"line":250,"column":4},"end":{"line":250,"column":89}},"74":{"start":{"line":253,"column":4},"end":{"line":253,"column":37}},"75":{"start":{"line":254,"column":4},"end":{"line":254,"column":56}},"76":{"start":{"line":258,"column":22},"end":{"line":260,"column":1}}},"fnMap":{"0":{"name":"handler","decl":{"start":{"line":5,"column":30},"end":{"line":5,"column":37}},"loc":{"start":{"line":5,"column":52},"end":{"line":256,"column":1}},"line":5}},"branchMap":{"0":{"loc":{"start":{"line":6,"column":2},"end":{"line":15,"column":3}},"type":"if","locations":[{"start":{"line":6,"column":2},"end":{"line":15,"column":3}},{"start":{},"end":{}}],"line":6},"1":{"loc":{"start":{"line":17,"column":2},"end":{"line":19,"column":3}},"type":"if","locations":[{"start":{"line":17,"column":2},"end":{"line":19,"column":3}},{"start":{},"end":{}}],"line":17},"2":{"loc":{"start":{"line":27,"column":4},"end":{"line":75,"column":5}},"type":"if","locations":[{"start":{"line":27,"column":4},"end":{"line":75,"column":5}},{"start":{},"end":{}}],"line":27},"3":{"loc":{"start":{"line":27,"column":8},"end":{"line":27,"column":61}},"type":"binary-expr","locations":[{"start":{"line":27,"column":8},"end":{"line":27,"column":26}},{"start":{"line":27,"column":30},"end":{"line":27,"column":61}}],"line":27},"4":{"loc":{"start":{"line":29,"column":6},"end":{"line":34,"column":7}},"type":"if","locations":[{"start":{"line":29,"column":6},"end":{"line":34,"column":7}},{"start":{},"end":{}}],"line":29},"5":{"loc":{"start":{"line":39,"column":6},"end":{"line":41,"column":7}},"type":"if","locations":[{"start":{"line":39,"column":6},"end":{"line":41,"column":7}},{"start":{},"end":{}}],"line":39},"6":{"loc":{"start":{"line":78,"column":4},"end":{"line":131,"column":5}},"type":"if","locations":[{"start":{"line":78,"column":4},"end":{"line":131,"column":5}},{"start":{},"end":{}}],"line":78},"7":{"loc":{"start":{"line":78,"column":8},"end":{"line":78,"column":63}},"type":"binary-expr","locations":[{"start":{"line":78,"column":8},"end":{"line":78,"column":27}},{"start":{"line":78,"column":31},"end":{"line":78,"column":63}}],"line":78},"8":{"loc":{"start":{"line":80,"column":6},"end":{"line":85,"column":7}},"type":"if","locations":[{"start":{"line":80,"column":6},"end":{"line":85,"column":7}},{"start":{},"end":{}}],"line":80},"9":{"loc":{"start":{"line":90,"column":6},"end":{"line":92,"column":7}},"type":"if","locations":[{"start":{"line":90,"column":6},"end":{"line":92,"column":7}},{"start":{},"end":{}}],"line":90},"10":{"loc":{"start":{"line":96,"column":6},"end":{"line":98,"column":7}},"type":"if","locations":[{"start":{"line":96,"column":6},"end":{"line":98,"column":7}},{"start":{},"end":{}}],"line":96},"11":{"loc":{"start":{"line":96,"column":10},"end":{"line":96,"column":40}},"type":"binary-expr","locations":[{"start":{"line":96,"column":10},"end":{"line":96,"column":15}},{"start":{"line":96,"column":19},"end":{"line":96,"column":40}}],"line":96},"12":{"loc":{"start":{"line":112,"column":6},"end":{"line":114,"column":7}},"type":"if","locations":[{"start":{"line":112,"column":6},"end":{"line":114,"column":7}},{"start":{},"end":{}}],"line":112},"13":{"loc":{"start":{"line":134,"column":4},"end":{"line":188,"column":5}},"type":"if","locations":[{"start":{"line":134,"column":4},"end":{"line":188,"column":5}},{"start":{},"end":{}}],"line":134},"14":{"loc":{"start":{"line":134,"column":8},"end":{"line":134,"column":65}},"type":"binary-expr","locations":[{"start":{"line":134,"column":8},"end":{"line":134,"column":28}},{"start":{"line":134,"column":32},"end":{"line":134,"column":65}}],"line":134},"15":{"loc":{"start":{"line":136,"column":6},"end":{"line":141,"column":7}},"type":"if","locations":[{"start":{"line":136,"column":6},"end":{"line":141,"column":7}},{"start":{},"end":{}}],"line":136},"16":{"loc":{"start":{"line":146,"column":6},"end":{"line":148,"column":7}},"type":"if","locations":[{"start":{"line":146,"column":6},"end":{"line":148,"column":7}},{"start":{},"end":{}}],"line":146},"17":{"loc":{"start":{"line":152,"column":6},"end":{"line":154,"column":7}},"type":"if","locations":[{"start":{"line":152,"column":6},"end":{"line":154,"column":7}},{"start":{},"end":{}}],"line":152},"18":{"loc":{"start":{"line":152,"column":10},"end":{"line":152,"column":41}},"type":"binary-expr","locations":[{"start":{"line":152,"column":10},"end":{"line":152,"column":15}},{"start":{"line":152,"column":19},"end":{"line":152,"column":41}}],"line":152},"19":{"loc":{"start":{"line":168,"column":6},"end":{"line":170,"column":7}},"type":"if","locations":[{"start":{"line":168,"column":6},"end":{"line":170,"column":7}},{"start":{},"end":{}}],"line":168},"20":{"loc":{"start":{"line":191,"column":4},"end":{"line":248,"column":5}},"type":"if","locations":[{"start":{"line":191,"column":4},"end":{"line":248,"column":5}},{"start":{},"end":{}}],"line":191},"21":{"loc":{"start":{"line":191,"column":8},"end":{"line":191,"column":67}},"type":"binary-expr","locations":[{"start":{"line":191,"column":8},"end":{"line":191,"column":29}},{"start":{"line":191,"column":33},"end":{"line":191,"column":67}}],"line":191},"22":{"loc":{"start":{"line":194,"column":6},"end":{"line":196,"column":7}},"type":"if","locations":[{"start":{"line":194,"column":6},"end":{"line":196,"column":7}},{"start":{},"end":{}}],"line":194},"23":{"loc":{"start":{"line":194,"column":10},"end":{"line":194,"column":29}},"type":"binary-expr","locations":[{"start":{"line":194,"column":10},"end":{"line":194,"column":20}},{"start":{"line":194,"column":24},"end":{"line":194,"column":29}}],"line":194},"24":{"loc":{"start":{"line":210,"column":6},"end":{"line":212,"column":7}},"type":"if","locations":[{"start":{"line":210,"column":6},"end":{"line":212,"column":7}},{"start":{},"end":{}}],"line":210},"25":{"loc":{"start":{"line":210,"column":10},"end":{"line":210,"column":41}},"type":"binary-expr","locations":[{"start":{"line":210,"column":10},"end":{"line":210,"column":15}},{"start":{"line":210,"column":19},"end":{"line":210,"column":41}}],"line":210},"26":{"loc":{"start":{"line":226,"column":6},"end":{"line":228,"column":7}},"type":"if","locations":[{"start":{"line":226,"column":6},"end":{"line":228,"column":7}},{"start":{},"end":{}}],"line":226}},"s":{"0":18,"1":1,"2":17,"3":0,"4":17,"5":17,"6":17,"7":17,"8":17,"9":3,"10":3,"11":1,"12":2,"13":2,"14":2,"15":0,"16":2,"17":2,"18":2,"19":2,"20":2,"21":14,"22":5,"23":5,"24":0,"25":5,"26":5,"27":5,"28":1,"29":4,"30":4,"31":1,"32":3,"33":3,"34":3,"35":1,"36":2,"37":2,"38":9,"39":4,"40":4,"41":0,"42":4,"43":4,"44":4,"45":0,"46":4,"47":4,"48":1,"49":3,"50":3,"51":3,"52":1,"53":2,"54":2,"55":5,"56":4,"57":4,"58":1,"59":3,"60":3,"61":3,"62":2,"63":1,"64":2,"65":2,"66":0,"67":2,"68":2,"69":2,"70":1,"71":1,"72":1,"73":1,"74":0,"75":0,"76":1},"f":{"0":18},"b":{"0":[1,17],"1":[0,17],"2":[3,14],"3":[17,14],"4":[1,2],"5":[0,2],"6":[5,9],"7":[14,9],"8":[0,5],"9":[1,4],"10":[1,3],"11":[4,4],"12":[1,2],"13":[4,5],"14":[9,5],"15":[0,4],"16":[0,4],"17":[1,3],"18":[4,4],"19":[1,2],"20":[4,1],"21":[5,1],"22":[1,3],"23":[4,3],"24":[0,2],"25":[2,2],"26":[1,1]},"inputSourceMap":null,"_coverageSchema":"1a1c01bbd47fc00a2c39e90264f33305004495a9","hash":"d3901843621ddc499b80ba3e621f503334cd35d3"}
,"/Users/jasonsutter/Documents/Companies/ZTA.io/zero-trust-analytics/netlify/functions/auth-forgot.js": {"path":"/Users/jasonsutter/Documents/Companies/ZTA.io/zero-trust-analytics/netlify/functions/auth-forgot.js","statementMap":{"0":{"start":{"line":7,"column":2},"end":{"line":16,"column":3}},"1":{"start":{"line":8,"column":4},"end":{"line":15,"column":7}},"2":{"start":{"line":18,"column":2},"end":{"line":23,"column":3}},"3":{"start":{"line":19,"column":4},"end":{"line":22,"column":7}},"4":{"start":{"line":26,"column":13},"end":{"line":26,"column":92}},"5":{"start":{"line":27,"column":23},"end":{"line":27,"column":33}},"6":{"start":{"line":28,"column":20},"end":{"line":28,"column":79}},"7":{"start":{"line":30,"column":2},"end":{"line":32,"column":3}},"8":{"start":{"line":31,"column":4},"end":{"line":31,"column":40}},"9":{"start":{"line":34,"column":2},"end":{"line":89,"column":3}},"10":{"start":{"line":35,"column":22},"end":{"line":35,"column":38}},"11":{"start":{"line":37,"column":4},"end":{"line":42,"column":5}},"12":{"start":{"line":38,"column":6},"end":{"line":41,"column":9}},"13":{"start":{"line":45,"column":28},"end":{"line":54,"column":6}},"14":{"start":{"line":45,"column":34},"end":{"line":54,"column":6}},"15":{"start":{"line":57,"column":17},"end":{"line":57,"column":37}},"16":{"start":{"line":58,"column":4},"end":{"line":61,"column":5}},"17":{"start":{"line":60,"column":6},"end":{"line":60,"column":31}},"18":{"start":{"line":64,"column":18},"end":{"line":64,"column":56}},"19":{"start":{"line":67,"column":4},"end":{"line":67,"column":49}},"20":{"start":{"line":70,"column":20},"end":{"line":70,"column":55}},"21":{"start":{"line":71,"column":21},"end":{"line":71,"column":55}},"22":{"start":{"line":74,"column":4},"end":{"line":80,"column":5}},"23":{"start":{"line":75,"column":6},"end":{"line":75,"column":52}},"24":{"start":{"line":76,"column":6},"end":{"line":76,"column":59}},"25":{"start":{"line":78,"column":6},"end":{"line":78,"column":72}},"26":{"start":{"line":82,"column":4},"end":{"line":82,"column":29}},"27":{"start":{"line":84,"column":4},"end":{"line":84,"column":49}},"28":{"start":{"line":85,"column":4},"end":{"line":88,"column":7}},"29":{"start":{"line":92,"column":22},"end":{"line":94,"column":1}}},"fnMap":{"0":{"name":"handler","decl":{"start":{"line":6,"column":30},"end":{"line":6,"column":37}},"loc":{"start":{"line":6,"column":52},"end":{"line":90,"column":1}},"line":6},"1":{"name":"(anonymous_1)","decl":{"start":{"line":45,"column":28},"end":{"line":45,"column":29}},"loc":{"start":{"line":45,"column":34},"end":{"line":54,"column":6}},"line":45}},"branchMap":{"0":{"loc":{"start":{"line":7,"column":2},"end":{"line":16,"column":3}},"type":"if","locations":[{"start":{"line":7,"column":2},"end":{"line":16,"column":3}},{"start":{},"end":{}}],"line":7},"1":{"loc":{"start":{"line":18,"column":2},"end":{"line":23,"column":3}},"type":"if","locations":[{"start":{"line":18,"column":2},"end":{"line":23,"column":3}},{"start":{},"end":{}}],"line":18},"2":{"loc":{"start":{"line":26,"column":13},"end":{"line":26,"column":92}},"type":"binary-expr","locations":[{"start":{"line":26,"column":13},"end":{"line":26,"column":24}},{"start":{"line":26,"column":28},"end":{"line":26,"column":79}},{"start":{"line":26,"column":83},"end":{"line":26,"column":92}}],"line":26},"3":{"loc":{"start":{"line":30,"column":2},"end":{"line":32,"column":3}},"type":"if","locations":[{"start":{"line":30,"column":2},"end":{"line":32,"column":3}},{"start":{},"end":{}}],"line":30},"4":{"loc":{"start":{"line":37,"column":4},"end":{"line":42,"column":5}},"type":"if","locations":[{"start":{"line":37,"column":4},"end":{"line":42,"column":5}},{"start":{},"end":{}}],"line":37},"5":{"loc":{"start":{"line":58,"column":4},"end":{"line":61,"column":5}},"type":"if","locations":[{"start":{"line":58,"column":4},"end":{"line":61,"column":5}},{"start":{},"end":{}}],"line":58},"6":{"loc":{"start":{"line":70,"column":20},"end":{"line":70,"column":55}},"type":"binary-expr","locations":[{"start":{"line":70,"column":20},"end":{"line":70,"column":35}},{"start":{"line":70,"column":39},"end":{"line":70,"column":55}}],"line":70}},"s":{"0":8,"1":1,"2":7,"3":1,"4":6,"5":6,"6":6,"7":6,"8":0,"9":6,"10":6,"11":6,"12":1,"13":5,"14":5,"15":5,"16":5,"17":2,"18":3,"19":3,"20":3,"21":3,"22":3,"23":3,"24":3,"25":0,"26":3,"27":0,"28":0,"29":1},"f":{"0":8,"1":5},"b":{"0":[1,7],"1":[1,6],"2":[6,6,6],"3":[0,6],"4":[1,5],"5":[2,3],"6":[3,0]},"inputSourceMap":null,"_coverageSchema":"1a1c01bbd47fc00a2c39e90264f33305004495a9","hash":"85011a6ef3cce85b5364239181eb3ca2b7f891fd"}
,"/Users/jasonsutter/Documents/Companies/ZTA.io/zero-trust-analytics/netlify/functions/auth-login.js": {"path":"/Users/jasonsutter/Documents/Companies/ZTA.io/zero-trust-analytics/netlify/functions/auth-login.js","statementMap":{"0":{"start":{"line":6,"column":2},"end":{"line":15,"column":3}},"1":{"start":{"line":7,"column":4},"end":{"line":14,"column":7}},"2":{"start":{"line":17,"column":2},"end":{"line":19,"column":3}},"3":{"start":{"line":18,"column":4},"end":{"line":18,"column":37}},"4":{"start":{"line":22,"column":19},"end":{"line":22,"column":80}},"5":{"start":{"line":23,"column":23},"end":{"line":23,"column":50}},"6":{"start":{"line":24,"column":20},"end":{"line":24,"column":80}},"7":{"start":{"line":26,"column":2},"end":{"line":28,"column":3}},"8":{"start":{"line":27,"column":4},"end":{"line":27,"column":40}},"9":{"start":{"line":30,"column":2},"end":{"line":93,"column":3}},"10":{"start":{"line":31,"column":32},"end":{"line":31,"column":48}},"11":{"start":{"line":33,"column":4},"end":{"line":35,"column":5}},"12":{"start":{"line":34,"column":6},"end":{"line":34,"column":67}},"13":{"start":{"line":38,"column":17},"end":{"line":38,"column":37}},"14":{"start":{"line":39,"column":4},"end":{"line":41,"column":5}},"15":{"start":{"line":40,"column":6},"end":{"line":40,"column":56}},"16":{"start":{"line":44,"column":18},"end":{"line":44,"column":67}},"17":{"start":{"line":45,"column":4},"end":{"line":47,"column":5}},"18":{"start":{"line":46,"column":6},"end":{"line":46,"column":56}},"19":{"start":{"line":50,"column":4},"end":{"line":70,"column":5}},"20":{"start":{"line":52,"column":18},"end":{"line":52,"column":56}},"21":{"start":{"line":53,"column":24},"end":{"line":57,"column":7}},"22":{"start":{"line":59,"column":6},"end":{"line":69,"column":9}},"23":{"start":{"line":73,"column":18},"end":{"line":73,"column":65}},"24":{"start":{"line":75,"column":4},"end":{"line":89,"column":7}},"25":{"start":{"line":91,"column":4},"end":{"line":91,"column":39}},"26":{"start":{"line":92,"column":4},"end":{"line":92,"column":48}},"27":{"start":{"line":96,"column":22},"end":{"line":98,"column":1}}},"fnMap":{"0":{"name":"handler","decl":{"start":{"line":5,"column":30},"end":{"line":5,"column":37}},"loc":{"start":{"line":5,"column":52},"end":{"line":94,"column":1}},"line":5}},"branchMap":{"0":{"loc":{"start":{"line":6,"column":2},"end":{"line":15,"column":3}},"type":"if","locations":[{"start":{"line":6,"column":2},"end":{"line":15,"column":3}},{"start":{},"end":{}}],"line":6},"1":{"loc":{"start":{"line":17,"column":2},"end":{"line":19,"column":3}},"type":"if","locations":[{"start":{"line":17,"column":2},"end":{"line":19,"column":3}},{"start":{},"end":{}}],"line":17},"2":{"loc":{"start":{"line":22,"column":19},"end":{"line":22,"column":80}},"type":"binary-expr","locations":[{"start":{"line":22,"column":19},"end":{"line":22,"column":29}},{"start":{"line":22,"column":33},"end":{"line":22,"column":67}},{"start":{"line":22,"column":71},"end":{"line":22,"column":80}}],"line":22},"3":{"loc":{"start":{"line":26,"column":2},"end":{"line":28,"column":3}},"type":"if","locations":[{"start":{"line":26,"column":2},"end":{"line":28,"column":3}},{"start":{},"end":{}}],"line":26},"4":{"loc":{"start":{"line":33,"column":4},"end":{"line":35,"column":5}},"type":"if","locations":[{"start":{"line":33,"column":4},"end":{"line":35,"column":5}},{"start":{},"end":{}}],"line":33},"5":{"loc":{"start":{"line":33,"column":8},"end":{"line":33,"column":27}},"type":"binary-expr","locations":[{"start":{"line":33,"column":8},"end":{"line":33,"column":14}},{"start":{"line":33,"column":18},"end":{"line":33,"column":27}}],"line":33},"6":{"loc":{"start":{"line":39,"column":4},"end":{"line":41,"column":5}},"type":"if","locations":[{"start":{"line":39,"column":4},"end":{"line":41,"column":5}},{"start":{},"end":{}}],"line":39},"7":{"loc":{"start":{"line":45,"column":4},"end":{"line":47,"column":5}},"type":"if","locations":[{"start":{"line":45,"column":4},"end":{"line":47,"column":5}},{"start":{},"end":{}}],"line":45},"8":{"loc":{"start":{"line":50,"column":4},"end":{"line":70,"column":5}},"type":"if","locations":[{"start":{"line":50,"column":4},"end":{"line":70,"column":5}},{"start":{},"end":{}}],"line":50}},"s":{"0":5,"1":0,"2":5,"3":0,"4":5,"5":5,"6":5,"7":5,"8":0,"9":5,"10":5,"11":5,"12":0,"13":5,"14":5,"15":2,"16":3,"17":3,"18":0,"19":3,"20":1,"21":1,"22":1,"23":2,"24":2,"25":0,"26":0,"27":2},"f":{"0":5},"b":{"0":[0,5],"1":[0,5],"2":[5,0,0],"3":[0,5],"4":[0,5],"5":[5,5],"6":[2,3],"7":[0,3],"8":[1,2]},"inputSourceMap":null,"_coverageSchema":"1a1c01bbd47fc00a2c39e90264f33305004495a9","hash":"2858ab66b4dd2e382d1c00c703e6027b04b05630"}
,"/Users/jasonsutter/Documents/Companies/ZTA.io/zero-trust-analytics/netlify/functions/auth-register.js": {"path":"/Users/jasonsutter/Documents/Companies/ZTA.io/zero-trust-analytics/netlify/functions/auth-register.js","statementMap":{"0":{"start":{"line":7,"column":2},"end":{"line":16,"column":3}},"1":{"start":{"line":8,"column":4},"end":{"line":15,"column":7}},"2":{"start":{"line":18,"column":2},"end":{"line":23,"column":3}},"3":{"start":{"line":19,"column":4},"end":{"line":22,"column":7}},"4":{"start":{"line":26,"column":19},"end":{"line":26,"column":80}},"5":{"start":{"line":27,"column":23},"end":{"line":27,"column":53}},"6":{"start":{"line":28,"column":20},"end":{"line":28,"column":79}},"7":{"start":{"line":30,"column":2},"end":{"line":32,"column":3}},"8":{"start":{"line":31,"column":4},"end":{"line":31,"column":40}},"9":{"start":{"line":34,"column":2},"end":{"line":93,"column":3}},"10":{"start":{"line":35,"column":38},"end":{"line":35,"column":54}},"11":{"start":{"line":37,"column":4},"end":{"line":42,"column":5}},"12":{"start":{"line":38,"column":6},"end":{"line":41,"column":9}},"13":{"start":{"line":45,"column":23},"end":{"line":45,"column":70}},"14":{"start":{"line":46,"column":25},"end":{"line":46,"column":65}},"15":{"start":{"line":48,"column":4},"end":{"line":53,"column":5}},"16":{"start":{"line":49,"column":6},"end":{"line":52,"column":9}},"17":{"start":{"line":56,"column":21},"end":{"line":56,"column":41}},"18":{"start":{"line":57,"column":4},"end":{"line":62,"column":5}},"19":{"start":{"line":58,"column":6},"end":{"line":61,"column":9}},"20":{"start":{"line":65,"column":25},"end":{"line":65,"column":53}},"21":{"start":{"line":66,"column":17},"end":{"line":66,"column":68}},"22":{"start":{"line":69,"column":18},"end":{"line":69,"column":65}},"23":{"start":{"line":71,"column":4},"end":{"line":86,"column":7}},"24":{"start":{"line":88,"column":4},"end":{"line":88,"column":42}},"25":{"start":{"line":89,"column":4},"end":{"line":92,"column":7}},"26":{"start":{"line":96,"column":22},"end":{"line":98,"column":1}}},"fnMap":{"0":{"name":"handler","decl":{"start":{"line":6,"column":30},"end":{"line":6,"column":37}},"loc":{"start":{"line":6,"column":52},"end":{"line":94,"column":1}},"line":6}},"branchMap":{"0":{"loc":{"start":{"line":7,"column":2},"end":{"line":16,"column":3}},"type":"if","locations":[{"start":{"line":7,"column":2},"end":{"line":16,"column":3}},{"start":{},"end":{}}],"line":7},"1":{"loc":{"start":{"line":18,"column":2},"end":{"line":23,"column":3}},"type":"if","locations":[{"start":{"line":18,"column":2},"end":{"line":23,"column":3}},{"start":{},"end":{}}],"line":18},"2":{"loc":{"start":{"line":26,"column":19},"end":{"line":26,"column":80}},"type":"binary-expr","locations":[{"start":{"line":26,"column":19},"end":{"line":26,"column":29}},{"start":{"line":26,"column":33},"end":{"line":26,"column":67}},{"start":{"line":26,"column":71},"end":{"line":26,"column":80}}],"line":26},"3":{"loc":{"start":{"line":30,"column":2},"end":{"line":32,"column":3}},"type":"if","locations":[{"start":{"line":30,"column":2},"end":{"line":32,"column":3}},{"start":{},"end":{}}],"line":30},"4":{"loc":{"start":{"line":37,"column":4},"end":{"line":42,"column":5}},"type":"if","locations":[{"start":{"line":37,"column":4},"end":{"line":42,"column":5}},{"start":{},"end":{}}],"line":37},"5":{"loc":{"start":{"line":37,"column":8},"end":{"line":37,"column":27}},"type":"binary-expr","locations":[{"start":{"line":37,"column":8},"end":{"line":37,"column":14}},{"start":{"line":37,"column":18},"end":{"line":37,"column":27}}],"line":37},"6":{"loc":{"start":{"line":46,"column":25},"end":{"line":46,"column":65}},"type":"cond-expr","locations":[{"start":{"line":46,"column":53},"end":{"line":46,"column":57}},{"start":{"line":46,"column":60},"end":{"line":46,"column":65}}],"line":46},"7":{"loc":{"start":{"line":48,"column":4},"end":{"line":53,"column":5}},"type":"if","locations":[{"start":{"line":48,"column":4},"end":{"line":53,"column":5}},{"start":{},"end":{}}],"line":48},"8":{"loc":{"start":{"line":57,"column":4},"end":{"line":62,"column":5}},"type":"if","locations":[{"start":{"line":57,"column":4},"end":{"line":62,"column":5}},{"start":{},"end":{}}],"line":57}},"s":{"0":8,"1":0,"2":8,"3":1,"4":7,"5":7,"6":7,"7":7,"8":1,"9":6,"10":6,"11":6,"12":2,"13":4,"14":4,"15":4,"16":0,"17":4,"18":4,"19":1,"20":3,"21":3,"22":3,"23":3,"24":0,"25":0,"26":1},"f":{"0":8},"b":{"0":[0,8],"1":[1,7],"2":[7,0,0],"3":[1,6],"4":[2,4],"5":[6,5],"6":[0,4],"7":[0,4],"8":[1,3]},"inputSourceMap":null,"_coverageSchema":"1a1c01bbd47fc00a2c39e90264f33305004495a9","hash":"3f68312b72f5052c3fa41cf06943a2fd0a036240"}
,"/Users/jasonsutter/Documents/Companies/ZTA.io/zero-trust-analytics/netlify/functions/auth-reset.js": {"path":"/Users/jasonsutter/Documents/Companies/ZTA.io/zero-trust-analytics/netlify/functions/auth-reset.js","statementMap":{"0":{"start":{"line":6,"column":2},"end":{"line":15,"column":3}},"1":{"start":{"line":7,"column":4},"end":{"line":14,"column":7}},"2":{"start":{"line":17,"column":2},"end":{"line":22,"column":3}},"3":{"start":{"line":18,"column":4},"end":{"line":21,"column":7}},"4":{"start":{"line":25,"column":13},"end":{"line":25,"column":92}},"5":{"start":{"line":26,"column":23},"end":{"line":26,"column":33}},"6":{"start":{"line":27,"column":20},"end":{"line":27,"column":79}},"7":{"start":{"line":29,"column":2},"end":{"line":31,"column":3}},"8":{"start":{"line":30,"column":4},"end":{"line":30,"column":40}},"9":{"start":{"line":33,"column":2},"end":{"line":92,"column":3}},"10":{"start":{"line":34,"column":32},"end":{"line":34,"column":48}},"11":{"start":{"line":36,"column":4},"end":{"line":41,"column":5}},"12":{"start":{"line":37,"column":6},"end":{"line":40,"column":9}},"13":{"start":{"line":43,"column":4},"end":{"line":48,"column":5}},"14":{"start":{"line":44,"column":6},"end":{"line":47,"column":9}},"15":{"start":{"line":51,"column":22},"end":{"line":51,"column":56}},"16":{"start":{"line":52,"column":4},"end":{"line":57,"column":5}},"17":{"start":{"line":53,"column":6},"end":{"line":56,"column":9}},"18":{"start":{"line":60,"column":25},"end":{"line":60,"column":53}},"19":{"start":{"line":63,"column":20},"end":{"line":63,"column":71}},"20":{"start":{"line":64,"column":4},"end":{"line":69,"column":5}},"21":{"start":{"line":65,"column":6},"end":{"line":68,"column":9}},"22":{"start":{"line":72,"column":4},"end":{"line":72,"column":42}},"23":{"start":{"line":74,"column":4},"end":{"line":74,"column":68}},"24":{"start":{"line":76,"column":4},"end":{"line":85,"column":7}},"25":{"start":{"line":87,"column":4},"end":{"line":87,"column":48}},"26":{"start":{"line":88,"column":4},"end":{"line":91,"column":7}},"27":{"start":{"line":95,"column":22},"end":{"line":97,"column":1}}},"fnMap":{"0":{"name":"handler","decl":{"start":{"line":5,"column":30},"end":{"line":5,"column":37}},"loc":{"start":{"line":5,"column":52},"end":{"line":93,"column":1}},"line":5}},"branchMap":{"0":{"loc":{"start":{"line":6,"column":2},"end":{"line":15,"column":3}},"type":"if","locations":[{"start":{"line":6,"column":2},"end":{"line":15,"column":3}},{"start":{},"end":{}}],"line":6},"1":{"loc":{"start":{"line":17,"column":2},"end":{"line":22,"column":3}},"type":"if","locations":[{"start":{"line":17,"column":2},"end":{"line":22,"column":3}},{"start":{},"end":{}}],"line":17},"2":{"loc":{"start":{"line":25,"column":13},"end":{"line":25,"column":92}},"type":"binary-expr","locations":[{"start":{"line":25,"column":13},"end":{"line":25,"column":24}},{"start":{"line":25,"column":28},"end":{"line":25,"column":79}},{"start":{"line":25,"column":83},"end":{"line":25,"column":92}}],"line":25},"3":{"loc":{"start":{"line":29,"column":2},"end":{"line":31,"column":3}},"type":"if","locations":[{"start":{"line":29,"column":2},"end":{"line":31,"column":3}},{"start":{},"end":{}}],"line":29},"4":{"loc":{"start":{"line":36,"column":4},"end":{"line":41,"column":5}},"type":"if","locations":[{"start":{"line":36,"column":4},"end":{"line":41,"column":5}},{"start":{},"end":{}}],"line":36},"5":{"loc":{"start":{"line":36,"column":8},"end":{"line":36,"column":27}},"type":"binary-expr","locations":[{"start":{"line":36,"column":8},"end":{"line":36,"column":14}},{"start":{"line":36,"column":18},"end":{"line":36,"column":27}}],"line":36},"6":{"loc":{"start":{"line":43,"column":4},"end":{"line":48,"column":5}},"type":"if","locations":[{"start":{"line":43,"column":4},"end":{"line":48,"column":5}},{"start":{},"end":{}}],"line":43},"7":{"loc":{"start":{"line":52,"column":4},"end":{"line":57,"column":5}},"type":"if","locations":[{"start":{"line":52,"column":4},"end":{"line":57,"column":5}},{"start":{},"end":{}}],"line":52},"8":{"loc":{"start":{"line":64,"column":4},"end":{"line":69,"column":5}},"type":"if","locations":[{"start":{"line":64,"column":4},"end":{"line":69,"column":5}},{"start":{},"end":{}}],"line":64}},"s":{"0":11,"1":1,"2":10,"3":1,"4":9,"5":9,"6":9,"7":9,"8":0,"9":9,"10":9,"11":9,"12":2,"13":7,"14":1,"15":6,"16":6,"17":2,"18":4,"19":4,"20":4,"21":0,"22":4,"23":4,"24":4,"25":0,"26":0,"27":1},"f":{"0":11},"b":{"0":[1,10],"1":[1,9],"2":[9,9,9],"3":[0,9],"4":[2,7],"5":[9,8],"6":[1,6],"7":[2,4],"8":[0,4]},"inputSourceMap":null,"_coverageSchema":"1a1c01bbd47fc00a2c39e90264f33305004495a9","hash":"2f391525b6861cd80d21f994731c85d8ed488050"}
,"/Users/jasonsutter/Documents/Companies/ZTA.io/zero-trust-analytics/netlify/functions/auth-verify-reset-token.js": {"path":"/Users/jasonsutter/Documents/Companies/ZTA.io/zero-trust-analytics/netlify/functions/auth-verify-reset-token.js","statementMap":{"0":{"start":{"line":5,"column":2},"end":{"line":14,"column":3}},"1":{"start":{"line":6,"column":4},"end":{"line":13,"column":7}},"2":{"start":{"line":16,"column":2},"end":{"line":21,"column":3}},"3":{"start":{"line":17,"column":4},"end":{"line":20,"column":7}},"4":{"start":{"line":24,"column":13},"end":{"line":24,"column":92}},"5":{"start":{"line":25,"column":23},"end":{"line":25,"column":33}},"6":{"start":{"line":26,"column":20},"end":{"line":26,"column":80}},"7":{"start":{"line":28,"column":2},"end":{"line":30,"column":3}},"8":{"start":{"line":29,"column":4},"end":{"line":29,"column":40}},"9":{"start":{"line":32,"column":2},"end":{"line":74,"column":3}},"10":{"start":{"line":33,"column":16},"end":{"line":33,"column":32}},"11":{"start":{"line":34,"column":18},"end":{"line":34,"column":47}},"12":{"start":{"line":36,"column":4},"end":{"line":41,"column":5}},"13":{"start":{"line":37,"column":6},"end":{"line":40,"column":9}},"14":{"start":{"line":44,"column":22},"end":{"line":44,"column":56}},"15":{"start":{"line":45,"column":4},"end":{"line":56,"column":5}},"16":{"start":{"line":46,"column":6},"end":{"line":55,"column":9}},"17":{"start":{"line":58,"column":4},"end":{"line":67,"column":7}},"18":{"start":{"line":69,"column":4},"end":{"line":69,"column":46}},"19":{"start":{"line":70,"column":4},"end":{"line":73,"column":7}},"20":{"start":{"line":77,"column":22},"end":{"line":79,"column":1}}},"fnMap":{"0":{"name":"handler","decl":{"start":{"line":4,"column":30},"end":{"line":4,"column":37}},"loc":{"start":{"line":4,"column":52},"end":{"line":75,"column":1}},"line":4}},"branchMap":{"0":{"loc":{"start":{"line":5,"column":2},"end":{"line":14,"column":3}},"type":"if","locations":[{"start":{"line":5,"column":2},"end":{"line":14,"column":3}},{"start":{},"end":{}}],"line":5},"1":{"loc":{"start":{"line":16,"column":2},"end":{"line":21,"column":3}},"type":"if","locations":[{"start":{"line":16,"column":2},"end":{"line":21,"column":3}},{"start":{},"end":{}}],"line":16},"2":{"loc":{"start":{"line":24,"column":13},"end":{"line":24,"column":92}},"type":"binary-expr","locations":[{"start":{"line":24,"column":13},"end":{"line":24,"column":24}},{"start":{"line":24,"column":28},"end":{"line":24,"column":79}},{"start":{"line":24,"column":83},"end":{"line":24,"column":92}}],"line":24},"3":{"loc":{"start":{"line":28,"column":2},"end":{"line":30,"column":3}},"type":"if","locations":[{"start":{"line":28,"column":2},"end":{"line":30,"column":3}},{"start":{},"end":{}}],"line":28},"4":{"loc":{"start":{"line":36,"column":4},"end":{"line":41,"column":5}},"type":"if","locations":[{"start":{"line":36,"column":4},"end":{"line":41,"column":5}},{"start":{},"end":{}}],"line":36},"5":{"loc":{"start":{"line":45,"column":4},"end":{"line":56,"column":5}},"type":"if","locations":[{"start":{"line":45,"column":4},"end":{"line":56,"column":5}},{"start":{},"end":{}}],"line":45}},"s":{"0":7,"1":1,"2":6,"3":1,"4":5,"5":5,"6":5,"7":5,"8":0,"9":5,"10":5,"11":5,"12":5,"13":1,"14":4,"15":4,"16":2,"17":2,"18":0,"19":0,"20":1},"f":{"0":7},"b":{"0":[1,6],"1":[1,5],"2":[5,5,5],"3":[0,5],"4":[1,4],"5":[2,2]},"inputSourceMap":null,"_coverageSchema":"1a1c01bbd47fc00a2c39e90264f33305004495a9","hash":"ecfd5aebac430f99bc0ce51da43a6228217c940f"}
,"/Users/jasonsutter/Documents/Companies/ZTA.io/zero-trust-analytics/netlify/functions/debug.js": {"path":"/Users/jasonsutter/Documents/Companies/ZTA.io/zero-trust-analytics/netlify/functions/debug.js","statementMap":{"0":{"start":{"line":5,"column":21},"end":{"line":5,"column":53}},"1":{"start":{"line":6,"column":2},"end":{"line":11,"column":3}},"2":{"start":{"line":7,"column":4},"end":{"line":10,"column":7}},"3":{"start":{"line":13,"column":2},"end":{"line":39,"column":3}},"4":{"start":{"line":14,"column":16},"end":{"line":14,"column":32}},"5":{"start":{"line":15,"column":19},"end":{"line":15,"column":76}},"6":{"start":{"line":17,"column":28},"end":{"line":20,"column":6}},"7":{"start":{"line":22,"column":4},"end":{"line":30,"column":7}},"8":{"start":{"line":32,"column":4},"end":{"line":38,"column":7}},"9":{"start":{"line":42,"column":22},"end":{"line":44,"column":1}}},"fnMap":{"0":{"name":"handler","decl":{"start":{"line":3,"column":30},"end":{"line":3,"column":37}},"loc":{"start":{"line":3,"column":52},"end":{"line":40,"column":1}},"line":3}},"branchMap":{"0":{"loc":{"start":{"line":6,"column":2},"end":{"line":11,"column":3}},"type":"if","locations":[{"start":{"line":6,"column":2},"end":{"line":11,"column":3}},{"start":{},"end":{}}],"line":6},"1":{"loc":{"start":{"line":6,"column":22},"end":{"line":6,"column":75}},"type":"binary-expr","locations":[{"start":{"line":6,"column":22},"end":{"line":6,"column":48}},{"start":{"line":6,"column":52},"end":{"line":6,"column":75}}],"line":6},"2":{"loc":{"start":{"line":15,"column":19},"end":{"line":15,"column":76}},"type":"binary-expr","locations":[{"start":{"line":15,"column":19},"end":{"line":15,"column":49}},{"start":{"line":15,"column":53},"end":{"line":15,"column":76}}],"line":15}},"s":{"0":0,"1":0,"2":0,"3":0,"4":0,"5":0,"6":0,"7":0,"8":0,"9":0},"f":{"0":0},"b":{"0":[0,0],"1":[0,0],"2":[0,0]},"inputSourceMap":null}
,"/Users/jasonsutter/Documents/Companies/ZTA.io/zero-trust-analytics/netlify/functions/errors.js": {"path":"/Users/jasonsutter/Documents/Companies/ZTA.io/zero-trust-analytics/netlify/functions/errors.js","statementMap":{"0":{"start":{"line":5,"column":21},"end":{"line":5,"column":29}},"1":{"start":{"line":6,"column":24},"end":{"line":6,"column":31}},"2":{"start":{"line":9,"column":26},"end":{"line":9,"column":97}},"3":{"start":{"line":12,"column":2},"end":{"line":21,"column":3}},"4":{"start":{"line":13,"column":4},"end":{"line":20,"column":7}},"5":{"start":{"line":23,"column":14},"end":{"line":23,"column":30}},"6":{"start":{"line":26,"column":2},"end":{"line":150,"column":3}},"7":{"start":{"line":27,"column":4},"end":{"line":149,"column":5}},"8":{"start":{"line":28,"column":19},"end":{"line":28,"column":35}},"9":{"start":{"line":29,"column":95},"end":{"line":29,"column":99}},"10":{"start":{"line":32,"column":6},"end":{"line":37,"column":7}},"11":{"start":{"line":33,"column":8},"end":{"line":36,"column":11}},"12":{"start":{"line":39,"column":6},"end":{"line":44,"column":7}},"13":{"start":{"line":40,"column":8},"end":{"line":43,"column":11}},"14":{"start":{"line":46,"column":6},"end":{"line":51,"column":7}},"15":{"start":{"line":47,"column":8},"end":{"line":50,"column":11}},"16":{"start":{"line":54,"column":19},"end":{"line":54,"column":41}},"17":{"start":{"line":55,"column":6},"end":{"line":60,"column":7}},"18":{"start":{"line":56,"column":8},"end":{"line":59,"column":11}},"19":{"start":{"line":62,"column":26},"end":{"line":62,"column":58}},"20":{"start":{"line":63,"column":18},"end":{"line":63,"column":28}},"21":{"start":{"line":64,"column":24},"end":{"line":64,"column":41}},"22":{"start":{"line":67,"column":23},"end":{"line":67,"column":85}},"23":{"start":{"line":68,"column":22},"end":{"line":68,"column":87}},"24":{"start":{"line":71,"column":23},"end":{"line":71,"column":72}},"25":{"start":{"line":73,"column":6},"end":{"line":95,"column":7}},"26":{"start":{"line":74,"column":29},"end":{"line":74,"column":67}},"27":{"start":{"line":75,"column":25},"end":{"line":75,"column":53}},"28":{"start":{"line":78,"column":8},"end":{"line":94,"column":9}},"29":{"start":{"line":79,"column":10},"end":{"line":79,"column":53}},"30":{"start":{"line":80,"column":10},"end":{"line":80,"column":41}},"31":{"start":{"line":81,"column":10},"end":{"line":81,"column":56}},"32":{"start":{"line":83,"column":10},"end":{"line":93,"column":13}},"33":{"start":{"line":98,"column":26},"end":{"line":111,"column":7}},"34":{"start":{"line":113,"column":6},"end":{"line":113,"column":55}},"35":{"start":{"line":116,"column":28},"end":{"line":116,"column":52}},"36":{"start":{"line":117,"column":25},"end":{"line":117,"column":85}},"37":{"start":{"line":120,"column":6},"end":{"line":123,"column":9}},"38":{"start":{"line":126,"column":6},"end":{"line":128,"column":7}},"39":{"start":{"line":127,"column":8},"end":{"line":127,"column":33}},"40":{"start":{"line":130,"column":6},"end":{"line":130,"column":59}},"41":{"start":{"line":132,"column":6},"end":{"line":141,"column":9}},"42":{"start":{"line":144,"column":6},"end":{"line":144,"column":45}},"43":{"start":{"line":145,"column":6},"end":{"line":148,"column":9}},"44":{"start":{"line":153,"column":2},"end":{"line":228,"column":3}},"45":{"start":{"line":155,"column":17},"end":{"line":155,"column":49}},"46":{"start":{"line":156,"column":4},"end":{"line":161,"column":5}},"47":{"start":{"line":157,"column":6},"end":{"line":160,"column":9}},"48":{"start":{"line":163,"column":19},"end":{"line":163,"column":31}},"49":{"start":{"line":164,"column":19},"end":{"line":164,"column":49}},"50":{"start":{"line":165,"column":23},"end":{"line":165,"column":51}},"51":{"start":{"line":166,"column":18},"end":{"line":166,"column":70}},"52":{"start":{"line":168,"column":4},"end":{"line":173,"column":5}},"53":{"start":{"line":169,"column":6},"end":{"line":172,"column":9}},"54":{"start":{"line":176,"column":22},"end":{"line":176,"column":48}},"55":{"start":{"line":177,"column":4},"end":{"line":182,"column":5}},"56":{"start":{"line":178,"column":6},"end":{"line":181,"column":9}},"57":{"start":{"line":184,"column":4},"end":{"line":227,"column":5}},"58":{"start":{"line":185,"column":26},"end":{"line":185,"column":58}},"59":{"start":{"line":186,"column":28},"end":{"line":186,"column":51}},"60":{"start":{"line":187,"column":25},"end":{"line":187,"column":85}},"61":{"start":{"line":190,"column":21},"end":{"line":190,"column":23}},"62":{"start":{"line":191,"column":6},"end":{"line":204,"column":7}},"63":{"start":{"line":192,"column":22},"end":{"line":192,"column":66}},"64":{"start":{"line":193,"column":8},"end":{"line":198,"column":9}},"65":{"start":{"line":195,"column":10},"end":{"line":197,"column":11}},"66":{"start":{"line":196,"column":12},"end":{"line":196,"column":31}},"67":{"start":{"line":201,"column":8},"end":{"line":203,"column":9}},"68":{"start":{"line":202,"column":10},"end":{"line":202,"column":16}},"69":{"start":{"line":207,"column":6},"end":{"line":209,"column":9}},"70":{"start":{"line":208,"column":8},"end":{"line":208,"column":81}},"71":{"start":{"line":211,"column":6},"end":{"line":219,"column":9}},"72":{"start":{"line":222,"column":6},"end":{"line":222,"column":47}},"73":{"start":{"line":223,"column":6},"end":{"line":226,"column":9}},"74":{"start":{"line":230,"column":2},"end":{"line":233,"column":5}},"75":{"start":{"line":236,"column":22},"end":{"line":238,"column":1}}},"fnMap":{"0":{"name":"handler","decl":{"start":{"line":11,"column":30},"end":{"line":11,"column":37}},"loc":{"start":{"line":11,"column":52},"end":{"line":234,"column":1}},"line":11},"1":{"name":"(anonymous_1)","decl":{"start":{"line":207,"column":18},"end":{"line":207,"column":19}},"loc":{"start":{"line":207,"column":28},"end":{"line":209,"column":7}},"line":207}},"branchMap":{"0":{"loc":{"start":{"line":12,"column":2},"end":{"line":21,"column":3}},"type":"if","locations":[{"start":{"line":12,"column":2},"end":{"line":21,"column":3}},{"start":{},"end":{}}],"line":12},"1":{"loc":{"start":{"line":26,"column":2},"end":{"line":150,"column":3}},"type":"if","locations":[{"start":{"line":26,"column":2},"end":{"line":150,"column":3}},{"start":{},"end":{}}],"line":26},"2":{"loc":{"start":{"line":32,"column":6},"end":{"line":37,"column":7}},"type":"if","locations":[{"start":{"line":32,"column":6},"end":{"line":37,"column":7}},{"start":{},"end":{}}],"line":32},"3":{"loc":{"start":{"line":39,"column":6},"end":{"line":44,"column":7}},"type":"if","locations":[{"start":{"line":39,"column":6},"end":{"line":44,"column":7}},{"start":{},"end":{}}],"line":39},"4":{"loc":{"start":{"line":46,"column":6},"end":{"line":51,"column":7}},"type":"if","locations":[{"start":{"line":46,"column":6},"end":{"line":51,"column":7}},{"start":{},"end":{}}],"line":46},"5":{"loc":{"start":{"line":55,"column":6},"end":{"line":60,"column":7}},"type":"if","locations":[{"start":{"line":55,"column":6},"end":{"line":60,"column":7}},{"start":{},"end":{}}],"line":55},"6":{"loc":{"start":{"line":73,"column":6},"end":{"line":95,"column":7}},"type":"if","locations":[{"start":{"line":73,"column":6},"end":{"line":95,"column":7}},{"start":{},"end":{}}],"line":73},"7":{"loc":{"start":{"line":73,"column":10},"end":{"line":73,"column":40}},"type":"binary-expr","locations":[{"start":{"line":73,"column":10},"end":{"line":73,"column":18}},{"start":{"line":73,"column":22},"end":{"line":73,"column":40}}],"line":73},"8":{"loc":{"start":{"line":78,"column":8},"end":{"line":94,"column":9}},"type":"if","locations":[{"start":{"line":78,"column":8},"end":{"line":94,"column":9}},{"start":{},"end":{}}],"line":78},"9":{"loc":{"start":{"line":79,"column":28},"end":{"line":79,"column":47}},"type":"binary-expr","locations":[{"start":{"line":79,"column":28},"end":{"line":79,"column":42}},{"start":{"line":79,"column":46},"end":{"line":79,"column":47}}],"line":79},"10":{"loc":{"start":{"line":103,"column":18},"end":{"line":103,"column":34}},"type":"binary-expr","locations":[{"start":{"line":103,"column":18},"end":{"line":103,"column":26}},{"start":{"line":103,"column":30},"end":{"line":103,"column":34}}],"line":103},"11":{"loc":{"start":{"line":104,"column":20},"end":{"line":104,"column":38}},"type":"binary-expr","locations":[{"start":{"line":104,"column":20},"end":{"line":104,"column":30}},{"start":{"line":104,"column":34},"end":{"line":104,"column":38}}],"line":104},"12":{"loc":{"start":{"line":105,"column":17},"end":{"line":105,"column":32}},"type":"binary-expr","locations":[{"start":{"line":105,"column":17},"end":{"line":105,"column":24}},{"start":{"line":105,"column":28},"end":{"line":105,"column":32}}],"line":105},"13":{"loc":{"start":{"line":106,"column":15},"end":{"line":106,"column":28}},"type":"binary-expr","locations":[{"start":{"line":106,"column":15},"end":{"line":106,"column":20}},{"start":{"line":106,"column":24},"end":{"line":106,"column":28}}],"line":106},"14":{"loc":{"start":{"line":107,"column":18},"end":{"line":107,"column":34}},"type":"binary-expr","locations":[{"start":{"line":107,"column":18},"end":{"line":107,"column":26}},{"start":{"line":107,"column":30},"end":{"line":107,"column":34}}],"line":107},"15":{"loc":{"start":{"line":117,"column":25},"end":{"line":117,"column":85}},"type":"binary-expr","locations":[{"start":{"line":117,"column":25},"end":{"line":117,"column":79}},{"start":{"line":117,"column":83},"end":{"line":117,"column":85}}],"line":117},"16":{"loc":{"start":{"line":126,"column":6},"end":{"line":128,"column":7}},"type":"if","locations":[{"start":{"line":126,"column":6},"end":{"line":128,"column":7}},{"start":{},"end":{}}],"line":126},"17":{"loc":{"start":{"line":153,"column":2},"end":{"line":228,"column":3}},"type":"if","locations":[{"start":{"line":153,"column":2},"end":{"line":228,"column":3}},{"start":{},"end":{}}],"line":153},"18":{"loc":{"start":{"line":156,"column":4},"end":{"line":161,"column":5}},"type":"if","locations":[{"start":{"line":156,"column":4},"end":{"line":161,"column":5}},{"start":{},"end":{}}],"line":156},"19":{"loc":{"start":{"line":166,"column":27},"end":{"line":166,"column":65}},"type":"binary-expr","locations":[{"start":{"line":166,"column":27},"end":{"line":166,"column":56}},{"start":{"line":166,"column":60},"end":{"line":166,"column":65}}],"line":166},"20":{"loc":{"start":{"line":168,"column":4},"end":{"line":173,"column":5}},"type":"if","locations":[{"start":{"line":168,"column":4},"end":{"line":173,"column":5}},{"start":{},"end":{}}],"line":168},"21":{"loc":{"start":{"line":177,"column":4},"end":{"line":182,"column":5}},"type":"if","locations":[{"start":{"line":177,"column":4},"end":{"line":182,"column":5}},{"start":{},"end":{}}],"line":177},"22":{"loc":{"start":{"line":187,"column":25},"end":{"line":187,"column":85}},"type":"binary-expr","locations":[{"start":{"line":187,"column":25},"end":{"line":187,"column":79}},{"start":{"line":187,"column":83},"end":{"line":187,"column":85}}],"line":187},"23":{"loc":{"start":{"line":193,"column":8},"end":{"line":198,"column":9}},"type":"if","locations":[{"start":{"line":193,"column":8},"end":{"line":198,"column":9}},{"start":{},"end":{}}],"line":193},"24":{"loc":{"start":{"line":195,"column":10},"end":{"line":197,"column":11}},"type":"if","locations":[{"start":{"line":195,"column":10},"end":{"line":197,"column":11}},{"start":{},"end":{}}],"line":195},"25":{"loc":{"start":{"line":195,"column":14},"end":{"line":195,"column":54}},"type":"binary-expr","locations":[{"start":{"line":195,"column":14},"end":{"line":195,"column":25}},{"start":{"line":195,"column":29},"end":{"line":195,"column":54}}],"line":195},"26":{"loc":{"start":{"line":201,"column":8},"end":{"line":203,"column":9}},"type":"if","locations":[{"start":{"line":201,"column":8},"end":{"line":203,"column":9}},{"start":{},"end":{}}],"line":201}},"s":{"0":1,"1":1,"2":1,"3":50,"4":1,"5":49,"6":49,"7":41,"8":41,"9":41,"10":41,"11":1,"12":40,"13":1,"14":39,"15":1,"16":38,"17":38,"18":1,"19":37,"20":37,"21":37,"22":37,"23":37,"24":37,"25":37,"26":1,"27":1,"28":1,"29":1,"30":1,"31":1,"32":1,"33":36,"34":36,"35":36,"36":36,"37":36,"38":36,"39":0,"40":36,"41":36,"42":0,"43":0,"44":8,"45":8,"46":8,"47":1,"48":7,"49":7,"50":7,"51":7,"52":7,"53":1,"54":6,"55":6,"56":1,"57":5,"58":5,"59":5,"60":5,"61":5,"62":5,"63":14,"64":14,"65":14,"66":13,"67":14,"68":1,"69":5,"70":8,"71":5,"72":0,"73":0,"74":0,"75":1},"f":{"0":50,"1":8},"b":{"0":[1,49],"1":[41,8],"2":[1,40],"3":[1,39],"4":[1,38],"5":[1,37],"6":[1,36],"7":[37,1],"8":[1,0],"9":[1,0],"10":[36,7],"11":[36,33],"12":[36,35],"13":[36,35],"14":[36,35],"15":[36,15],"16":[0,36],"17":[8,0],"18":[1,7],"19":[7,6],"20":[1,6],"21":[1,5],"22":[5,0],"23":[14,0],"24":[13,1],"25":[14,3],"26":[1,13]},"inputSourceMap":null,"_coverageSchema":"1a1c01bbd47fc00a2c39e90264f33305004495a9","hash":"86cb35d136b9248b5e33df62d3ce21af57f5bca0"}
[...]
:{"start":{"line":229,"column":17},"end":{"line":237,"column":3}},"23":{"start":{"line":230,"column":19},"end":{"line":235,"column":5}},"24":{"start":{"line":241,"column":21},"end":{"line":241,"column":80}},"25":{"start":{"line":242,"column":25},"end":{"line":242,"column":92}},"26":{"start":{"line":243,"column":23},"end":{"line":243,"column":83}},"27":{"start":{"line":244,"column":24},"end":{"line":244,"column":86}},"28":{"start":{"line":245,"column":25},"end":{"line":245,"column":88}},"29":{"start":{"line":247,"column":2},"end":{"line":264,"column":4}},"30":{"start":{"line":272,"column":14},"end":{"line":272,"column":16}},"31":{"start":{"line":273,"column":2},"end":{"line":278,"column":3}},"32":{"start":{"line":274,"column":16},"end":{"line":274,"column":29}},"33":{"start":{"line":275,"column":4},"end":{"line":277,"column":5}},"34":{"start":{"line":276,"column":6},"end":{"line":276,"column":33}},"35":{"start":{"line":279,"column":2},"end":{"line":279,"column":13}},"36":{"start":{"line":289,"column":2},"end":{"line":345,"column":3}},"37":{"start":{"line":290,"column":27},"end":{"line":293,"column":20}},"38":{"start":{"line":295,"column":41},"end":{"line":324,"column":6}},"39":{"start":{"line":326,"column":23},"end":{"line":326,"column":55}},"40":{"start":{"line":327,"column":19},"end":{"line":327,"column":38}},"41":{"start":{"line":329,"column":4},"end":{"line":335,"column":6}},"42":{"start":{"line":337,"column":4},"end":{"line":337,"column":48}},"43":{"start":{"line":338,"column":4},"end":{"line":344,"column":6}},"44":{"start":{"line":359,"column":18},"end":{"line":417,"column":3}},"45":{"start":{"line":419,"column":16},"end":{"line":419,"column":50}},"46":{"start":{"line":420,"column":17},"end":{"line":420,"column":43}},"47":{"start":{"line":421,"column":2},"end":{"line":421,"column":36}},"48":{"start":{"line":428,"column":17},"end":{"line":431,"column":4}},"49":{"start":{"line":432,"column":2},"end":{"line":432,"column":69}},"50":{"start":{"line":439,"column":17},"end":{"line":442,"column":4}},"51":{"start":{"line":443,"column":2},"end":{"line":443,"column":36}}},"fnMap":{"0":{"name":"normalizeRows","decl":{"start":{"line":20,"column":9},"end":{"line":20,"column":22}},"loc":{"start":{"line":20,"column":29},"end":{"line":28,"column":1}},"line":20},"1":{"name":"(anonymous_1)","decl":{"start":{"line":21,"column":18},"end":{"line":21,"column":19}},"loc":{"start":{"line":21,"column":25},"end":{"line":27,"column":3}},"line":21},"2":{"name":"initSchema","decl":{"start":{"line":34,"column":15},"end":{"line":34,"column":25}},"loc":{"start":{"line":34,"column":28},"end":{"line":71,"column":1}},"line":34},"3":{"name":"ingestEvents","decl":{"start":{"line":80,"column":15},"end":{"line":80,"column":27}},"loc":{"start":{"line":80,"column":47},"end":{"line":109,"column":1}},"line":80},"4":{"name":"(anonymous_4)","decl":{"start":{"line":84,"column":37},"end":{"line":84,"column":38}},"loc":{"start":{"line":84,"column":43},"end":{"line":105,"column":3}},"line":84},"5":{"name":"getStats","decl":{"start":{"line":119,"column":15},"end":{"line":119,"column":23}},"loc":{"start":{"line":119,"column":52},"end":{"line":265,"column":1}},"line":119},"6":{"name":"(anonymous_6)","decl":{"start":{"line":230,"column":4},"end":{"line":230,"column":5}},"loc":{"start":{"line":230,"column":19},"end":{"line":235,"column":5}},"line":230},"7":{"name":"rowsToObject","decl":{"start":{"line":271,"column":9},"end":{"line":271,"column":21}},"loc":{"start":{"line":271,"column":50},"end":{"line":280,"column":1}},"line":271},"8":{"name":"getRealtime","decl":{"start":{"line":288,"column":15},"end":{"line":288,"column":26}},"loc":{"start":{"line":288,"column":35},"end":{"line":346,"column":1}},"line":288},"9":{"name":"exportData","decl":{"start":{"line":358,"column":15},"end":{"line":358,"column":25}},"loc":{"start":{"line":358,"column":89},"end":{"line":422,"column":1}},"line":358},"10":{"name":"debugGetCount","decl":{"start":{"line":427,"column":15},"end":{"line":427,"column":28}},"loc":{"start":{"line":427,"column":37},"end":{"line":433,"column":1}},"line":427},"11":{"name":"debugGetRecent","decl":{"start":{"line":438,"column":15},"end":{"line":438,"column":29}},"loc":{"start":{"line":438,"column":49},"end":{"line":444,"column":1}},"line":438}},"branchMap":{"0":{"loc":{"start":{"line":24,"column":24},"end":{"line":24,"column":73}},"type":"cond-expr","locations":[{"start":{"line":24,"column":52},"end":{"line":24,"column":65}},{"start":{"line":24,"column":68},"end":{"line":24,"column":73}}],"line":24},"1":{"loc":{"start":{"line":81,"column":22},"end":{"line":81,"column":63}},"type":"cond-expr","locations":[{"start":{"line":81,"column":46},"end":{"line":81,"column":52}},{"start":{"line":81,"column":55},"end":{"line":81,"column":63}}],"line":81},"2":{"loc":{"start":{"line":231,"column":34},"end":{"line":231,"column":52}},"type":"binary-expr","locations":[{"start":{"line":231,"column":34},"end":{"line":231,"column":47}},{"start":{"line":231,"column":51},"end":{"line":231,"column":52}}],"line":231},"3":{"loc":{"start":{"line":232,"column":46},"end":{"line":232,"column":70}},"type":"binary-expr","locations":[{"start":{"line":232,"column":46},"end":{"line":232,"column":65}},{"start":{"line":232,"column":69},"end":{"line":232,"column":70}}],"line":232},"4":{"loc":{"start":{"line":233,"column":30},"end":{"line":233,"column":46}},"type":"binary-expr","locations":[{"start":{"line":233,"column":30},"end":{"line":233,"column":41}},{"start":{"line":233,"column":45},"end":{"line":233,"column":46}}],"line":233},"5":{"loc":{"start":{"line":234,"column":45},"end":{"line":234,"column":66}},"type":"binary-expr","locations":[{"start":{"line":234,"column":45},"end":{"line":234,"column":61}},{"start":{"line":234,"column":65},"end":{"line":234,"column":66}}],"line":234},"6":{"loc":{"start":{"line":234,"column":71},"end":{"line":234,"column":89}},"type":"binary-expr","locations":[{"start":{"line":234,"column":71},"end":{"line":234,"column":84}},{"start":{"line":234,"column":88},"end":{"line":234,"column":89}}],"line":234},"7":{"loc":{"start":{"line":251,"column":19},"end":{"line":253,"column":11}},"type":"cond-expr","locations":[{"start":{"line":252,"column":10},"end":{"line":252,"column":63}},{"start":{"line":253,"column":10},"end":{"line":253,"column":11}}],"line":251},"8":{"loc":{"start":{"line":254,"column":20},"end":{"line":256,"column":11}},"type":"cond-expr","locations":[{"start":{"line":255,"column":10},"end":{"line":255,"column":62}},{"start":{"line":256,"column":10},"end":{"line":256,"column":11}}],"line":254},"9":{"loc":{"start":{"line":275,"column":4},"end":{"line":277,"column":5}},"type":"if","locations":[{"start":{"line":275,"column":4},"end":{"line":277,"column":5}},{"start":{},"end":{}}],"line":275},"10":{"loc":{"start":{"line":275,"column":8},"end":{"line":275,"column":55}},"type":"binary-expr","locations":[{"start":{"line":275,"column":8},"end":{"line":275,"column":20}},{"start":{"line":275,"column":24},"end":{"line":275,"column":41}},{"start":{"line":275,"column":45},"end":{"line":275,"column":55}}],"line":275},"11":{"loc":{"start":{"line":327,"column":19},"end":{"line":327,"column":38}},"type":"binary-expr","locations":[{"start":{"line":327,"column":19},"end":{"line":327,"column":32}},{"start":{"line":327,"column":36},"end":{"line":327,"column":38}}],"line":327},"12":{"loc":{"start":{"line":330,"column":23},"end":{"line":330,"column":50}},"type":"binary-expr","locations":[{"start":{"line":330,"column":23},"end":{"line":330,"column":45}},{"start":{"line":330,"column":49},"end":{"line":330,"column":50}}],"line":330},"13":{"loc":{"start":{"line":331,"column":27},"end":{"line":331,"column":58}},"type":"binary-expr","locations":[{"start":{"line":331,"column":27},"end":{"line":331,"column":53}},{"start":{"line":331,"column":57},"end":{"line":331,"column":58}}],"line":331},"14":{"loc":{"start":{"line":358,"column":54},"end":{"line":358,"column":72}},"type":"default-arg","locations":[{"start":{"line":358,"column":61},"end":{"line":358,"column":72}}],"line":358},"15":{"loc":{"start":{"line":358,"column":74},"end":{"line":358,"column":87}},"type":"default-arg","locations":[{"start":{"line":358,"column":82},"end":{"line":358,"column":87}}],"line":358},"16":{"loc":{"start":{"line":419,"column":16},"end":{"line":419,"column":50}},"type":"binary-expr","locations":[{"start":{"line":419,"column":16},"end":{"line":419,"column":29}},{"start":{"line":419,"column":33},"end":{"line":419,"column":50}}],"line":419},"17":{"loc":{"start":{"line":432,"column":9},"end":{"line":432,"column":68}},"type":"binary-expr","locations":[{"start":{"line":432,"column":9},"end":{"line":432,"column":38}},{"start":{"line":432,"column":42},"end":{"line":432,"column":68}}],"line":432},"18":{"loc":{"start":{"line":438,"column":38},"end":{"line":438,"column":47}},"type":"default-arg","locations":[{"start":{"line":438,"column":46},"end":{"line":438,"column":47}}],"line":438}},"s":{"0":0,"1":0,"2":0,"3":0,"4":0,"5":0,"6":0,"7":0,"8":0,"9":0,"10":0,"11":0,"12":0,"13":0,"14":0,"15":0,"16":0,"17":0,"18":0,"19":0,"20":0,"21":0,"22":0,"23":0,"24":0,"25":0,"26":0,"27":0,"28":0,"29":0,"30":0,"31":0,"32":0,"33":0,"34":0,"35":0,"36":0,"37":0,"38":0,"39":0,"40":0,"41":0,"42":0,"43":0,"44":0,"45":0,"46":0,"47":0,"48":0,"49":0,"50":0,"51":0},"f":{"0":0,"1":0,"2":0,"3":0,"4":0,"5":0,"6":0,"7":0,"8":0,"9":0,"10":0,"11":0},"b":{"0":[0,0],"1":[0,0],"2":[0,0],"3":[0,0],"4":[0,0],"5":[0,0],"6":[0,0],"7":[0,0],"8":[0,0],"9":[0,0],"10":[0,0,0],"11":[0,0],"12":[0,0],"13":[0,0],"14":[0],"15":[0],"16":[0,0],"17":[0,0],"18":[0]},"inputSourceMap":null}
,"/Users/jasonsutter/Documents/Companies/ZTA.io/zero-trust-analytics/netlify/functions/lib/zero-trust-core.js": {"path":"/Users/jasonsutter/Documents/Companies/ZTA.io/zero-trust-analytics/netlify/functions/lib/zero-trust-core.js","statementMap":{"0":{"start":{"line":13,"column":15},"end":{"line":13,"column":32}},"1":{"start":{"line":17,"column":16},"end":{"line":17,"column":54}},"2":{"start":{"line":18,"column":2},"end":{"line":18,"column":73}},"3":{"start":{"line":33,"column":15},"end":{"line":33,"column":35}},"4":{"start":{"line":34,"column":16},"end":{"line":34,"column":44}},"5":{"start":{"line":35,"column":2},"end":{"line":35,"column":65}},"6":{"start":{"line":46,"column":2},"end":{"line":46,"column":48}},"7":{"start":{"line":57,"column":13},"end":{"line":57,"column":28}},"8":{"start":{"line":60,"column":15},"end":{"line":60,"column":24}},"9":{"start":{"line":61,"column":2},"end":{"line":63,"column":3}},"10":{"start":{"line":62,"column":4},"end":{"line":62,"column":59}},"11":{"start":{"line":66,"column":16},"end":{"line":66,"column":23}},"12":{"start":{"line":67,"column":2},"end":{"line":71,"column":52}},"13":{"start":{"line":67,"column":27},"end":{"line":67,"column":47}},"14":{"start":{"line":68,"column":7},"end":{"line":71,"column":52}},"15":{"start":{"line":68,"column":28},"end":{"line":68,"column":45}},"16":{"start":{"line":69,"column":7},"end":{"line":71,"column":52}},"17":{"start":{"line":69,"column":31},"end":{"line":69,"column":50}},"18":{"start":{"line":70,"column":7},"end":{"line":71,"column":52}},"19":{"start":{"line":70,"column":31},"end":{"line":70,"column":50}},"20":{"start":{"line":71,"column":7},"end":{"line":71,"column":52}},"21":{"start":{"line":71,"column":34},"end":{"line":71,"column":52}},"22":{"start":{"line":74,"column":11},"end":{"line":74,"column":18}},"23":{"start":{"line":75,"column":2},"end":{"line":79,"column":51}},"24":{"start":{"line":75,"column":27},"end":{"line":75,"column":42}},"25":{"start":{"line":76,"column":7},"end":{"line":79,"column":51}},"26":{"start":{"line":76,"column":31},"end":{"line":76,"column":44}},"27":{"start":{"line":77,"column":7},"end":{"line":79,"column":51}},"28":{"start":{"line":77,"column":30},"end":{"line":77,"column":43}},"29":{"start":{"line":78,"column":7},"end":{"line":79,"column":51}},"30":{"start":{"line":78,"column":32},"end":{"line":78,"column":47}},"31":{"start":{"line":79,"column":7},"end":{"line":79,"column":51}},"32":{"start":{"line":79,"column":40},"end":{"line":79,"column":51}},"33":{"start":{"line":81,"column":2},"end":{"line":81,"column":33}},"34":{"start":{"line":92,"column":2},"end":{"line":95,"column":4}},"35":{"start":{"line":115,"column":18},"end":{"line":115,"column":41}},"36":{"start":{"line":116,"column":14},"end":{"line":116,"column":31}},"37":{"start":{"line":118,"column":2},"end":{"line":132,"column":4}},"38":{"start":{"line":143,"column":22},"end":{"line":148,"column":3}},"39":{"start":{"line":150,"column":20},"end":{"line":150,"column":42}},"40":{"start":{"line":151,"column":2},"end":{"line":156,"column":3}},"41":{"start":{"line":152,"column":4},"end":{"line":155,"column":5}},"42":{"start":{"line":153,"column":6},"end":{"line":153,"column":52}},"43":{"start":{"line":154,"column":6},"end":{"line":154,"column":19}},"44":{"start":{"line":157,"column":2},"end":{"line":157,"column":14}}},"fnMap":{"0":{"name":"getDailySalt","decl":{"start":{"line":16,"column":9},"end":{"line":16,"column":21}},"loc":{"start":{"line":16,"column":30},"end":{"line":19,"column":1}},"line":16},"1":{"name":"createIdentityHash","decl":{"start":{"line":32,"column":9},"end":{"line":32,"column":27}},"loc":{"start":{"line":32,"column":51},"end":{"line":36,"column":1}},"line":32},"2":{"name":"createSessionHash","decl":{"start":{"line":45,"column":9},"end":{"line":45,"column":26}},"loc":{"start":{"line":45,"column":29},"end":{"line":47,"column":1}},"line":45},"3":{"name":"parseContext","decl":{"start":{"line":56,"column":9},"end":{"line":56,"column":21}},"loc":{"start":{"line":56,"column":33},"end":{"line":82,"column":1}},"line":56},"4":{"name":"parseGeo","decl":{"start":{"line":91,"column":9},"end":{"line":91,"column":17}},"loc":{"start":{"line":91,"column":27},"end":{"line":96,"column":1}},"line":91},"5":{"name":"createZTRecord","decl":{"start":{"line":105,"column":9},"end":{"line":105,"column":23}},"loc":{"start":{"line":114,"column":3},"end":{"line":133,"column":1}},"line":114},"6":{"name":"validateNoPII","decl":{"start":{"line":142,"column":9},"end":{"line":142,"column":22}},"loc":{"start":{"line":142,"column":31},"end":{"line":158,"column":1}},"line":142}},"branchMap":{"0":{"loc":{"start":{"line":57,"column":13},"end":{"line":57,"column":28}},"type":"binary-expr","locations":[{"start":{"line":57,"column":13},"end":{"line":57,"column":22}},{"start":{"line":57,"column":26},"end":{"line":57,"column":28}}],"line":57},"1":{"loc":{"start":{"line":61,"column":2},"end":{"line":63,"column":3}},"type":"if","locations":[{"start":{"line":61,"column":2},"end":{"line":63,"column":3}},{"start":{},"end":{}}],"line":61},"2":{"loc":{"start":{"line":62,"column":13},"end":{"line":62,"column":58}},"type":"cond-expr","locations":[{"start":{"line":62,"column":39},"end":{"line":62,"column":47}},{"start":{"line":62,"column":50},"end":{"line":62,"column":58}}],"line":62},"3":{"loc":{"start":{"line":67,"column":2},"end":{"line":71,"column":52}},"type":"if","locations":[{"start":{"line":67,"column":2},"end":{"line":71,"column":52}},{"start":{"line":68,"column":7},"end":{"line":71,"column":52}}],"line":67},"4":{"loc":{"start":{"line":68,"column":7},"end":{"line":71,"column":52}},"type":"if","locations":[{"start":{"line":68,"column":7},"end":{"line":71,"column":52}},{"start":{"line":69,"column":7},"end":{"line":71,"column":52}}],"line":68},"5":{"loc":{"start":{"line":69,"column":7},"end":{"line":71,"column":52}},"type":"if","locations":[{"start":{"line":69,"column":7},"end":{"line":71,"column":52}},{"start":{"line":70,"column":7},"end":{"line":71,"column":52}}],"line":69},"6":{"loc":{"start":{"line":70,"column":7},"end":{"line":71,"column":52}},"type":"if","locations":[{"start":{"line":70,"column":7},"end":{"line":71,"column":52}},{"start":{"line":71,"column":7},"end":{"line":71,"column":52}}],"line":70},"7":{"loc":{"start":{"line":71,"column":7},"end":{"line":71,"column":52}},"type":"if","locations":[{"start":{"line":71,"column":7},"end":{"line":71,"column":52}},{"start":{},"end":{}}],"line":71},"8":{"loc":{"start":{"line":75,"column":2},"end":{"line":79,"column":51}},"type":"if","locations":[{"start":{"line":75,"column":2},"end":{"line":79,"column":51}},{"start":{"line":76,"column":7},"end":{"line":79,"column":51}}],"line":75},"9":{"loc":{"start":{"line":76,"column":7},"end":{"line":79,"column":51}},"type":"if","locations":[{"start":{"line":76,"column":7},"end":{"line":79,"column":51}},{"start":{"line":77,"column":7},"end":{"line":79,"column":51}}],"line":76},"10":{"loc":{"start":{"line":77,"column":7},"end":{"line":79,"column":51}},"type":"if","locations":[{"start":{"line":77,"column":7},"end":{"line":79,"column":51}},{"start":{"line":78,"column":7},"end":{"line":79,"column":51}}],"line":77},"11":{"loc":{"start":{"line":78,"column":7},"end":{"line":79,"column":51}},"type":"if","locations":[{"start":{"line":78,"column":7},"end":{"line":79,"column":51}},{"start":{"line":79,"column":7},"end":{"line":79,"column":51}}],"line":78},"12":{"loc":{"start":{"line":79,"column":7},"end":{"line":79,"column":51}},"type":"if","locations":[{"start":{"line":79,"column":7},"end":{"line":79,"column":51}},{"start":{},"end":{}}],"line":79},"13":{"loc":{"start":{"line":93,"column":13},"end":{"line":93,"column":73}},"type":"binary-expr","locations":[{"start":{"line":93,"column":13},"end":{"line":93,"column":33}},{"start":{"line":93,"column":37},"end":{"line":93,"column":60}},{"start":{"line":93,"column":64},"end":{"line":93,"column":73}}],"line":93},"14":{"loc":{"start":{"line":94,"column":12},"end":{"line":94,"column":89}},"type":"binary-expr","locations":[{"start":{"line":94,"column":12},"end":{"line":94,"column":52}},{"start":{"line":94,"column":56},"end":{"line":94,"column":76}},{"start":{"line":94,"column":80},"end":{"line":94,"column":89}}],"line":94},"15":{"loc":{"start":{"line":111,"column":2},"end":{"line":111,"column":24}},"type":"default-arg","locations":[{"start":{"line":111,"column":14},"end":{"line":111,"column":24}}],"line":111},"16":{"loc":{"start":{"line":112,"column":2},"end":{"line":112,"column":14}},"type":"default-arg","locations":[{"start":{"line":112,"column":12},"end":{"line":112,"column":14}}],"line":112},"17":{"loc":{"start":{"line":113,"column":2},"end":{"line":113,"column":11}},"type":"default-arg","locations":[{"start":{"line":113,"column":9},"end":{"line":113,"column":11}}],"line":113},"18":{"loc":{"start":{"line":122,"column":18},"end":{"line":122,"column":58}},"type":"binary-expr","locations":[{"start":{"line":122,"column":18},"end":{"line":122,"column":35}},{"start":{"line":122,"column":39},"end":{"line":122,"column":58}}],"line":122},"19":{"loc":{"start":{"line":130,"column":20},"end":{"line":130,"column":41}},"type":"cond-expr","locations":[{"start":{"line":130,"column":36},"end":{"line":130,"column":37}},{"start":{"line":130,"column":40},"end":{"line":130,"column":41}}],"line":130},"20":{"loc":{"start":{"line":131,"column":19},"end":{"line":131,"column":37}},"type":"binary-expr","locations":[{"start":{"line":131,"column":19},"end":{"line":131,"column":32}},{"start":{"line":131,"column":36},"end":{"line":131,"column":37}}],"line":131},"21":{"loc":{"start":{"line":152,"column":4},"end":{"line":155,"column":5}},"type":"if","locations":[{"start":{"line":152,"column":4},"end":{"line":155,"column":5}},{"start":{},"end":{}}],"line":152}},"s":{"0":0,"1":0,"2":0,"3":0,"4":0,"5":0,"6":0,"7":0,"8":0,"9":0,"10":0,"11":0,"12":0,"13":0,"14":0,"15":0,"16":0,"17":0,"18":0,"19":0,"20":0,"21":0,"22":0,"23":0,"24":0,"25":0,"26":0,"27":0,"28":0,"29":0,"30":0,"31":0,"32":0,"33":0,"34":0,"35":0,"36":0,"37":0,"38":0,"39":0,"40":0,"41":0,"42":0,"43":0,"44":0},"f":{"0":0,"1":0,"2":0,"3":0,"4":0,"5":0,"6":0},"b":{"0":[0,0],"1":[0,0],"2":[0,0],"3":[0,0],"4":[0,0],"5":[0,0],"6":[0,0],"7":[0,0],"8":[0,0],"9":[0,0],"10":[0,0],"11":[0,0],"12":[0,0],"13":[0,0,0],"14":[0,0,0],"15":[0],"16":[0],"17":[0],"18":[0,0],"19":[0,0],"20":[0,0],"21":[0,0]},"inputSourceMap":null}
}
