TN:
SF:netlify/functions/activity-log.js
FN:4,handler
FN:37,(anonymous_1)
FNF:2
FNH:0
FNDA:0,handler
FNDA:0,(anonymous_1)
DA:5,0
DA:6,0
DA:17,0
DA:18,0
DA:19,0
DA:25,0
DA:28,0
DA:29,0
DA:30,0
DA:31,0
DA:32,0
DA:34,0
DA:37,0
DA:42,0
DA:55,0
DA:56,0
DA:63,0
DA:69,0
LF:18
LH:0
BRDA:5,0,0,0
BRDA:5,0,1,0
BRDA:18,1,0,0
BRDA:18,1,1,0
BRDA:28,2,0,0
BRDA:28,2,1,0
BRDA:31,3,0,0
BRDA:31,3,1,0
BRDA:32,4,0,0
BRDA:32,4,1,0
BRF:10
BRH:0
end_of_record
TN:
SF:netlify/functions/alerts.js
FN:4,handler
FNF:1
FNH:1
FNDA:28,handler
DA:5,28
DA:6,1
DA:17,27
DA:18,27
DA:19,2
DA:25,25
DA:26,25
DA:29,25
DA:30,3
DA:32,3
DA:33,1
DA:40,2
DA:41,2
DA:42,1
DA:48,1
DA:49,1
DA:50,1
DA:52,1
DA:64,0
DA:65,0
DA:73,22
DA:74,14
DA:75,14
DA:76,14
DA:78,14
DA:79,1
DA:86,13
DA:87,13
DA:88,1
DA:95,12
DA:97,12
DA:107,12
DA:116,0
DA:117,0
DA:125,8
DA:126,4
DA:127,4
DA:128,4
DA:130,4
DA:131,1
DA:137,3
DA:139,3
DA:140,1
DA:146,2
DA:155,0
DA:156,0
DA:164,4
DA:165,3
DA:167,3
DA:168,1
DA:174,2
DA:175,2
DA:177,2
DA:178,1
DA:184,1
DA:193,0
DA:194,0
DA:201,1
DA:207,1
LF:59
LH:51
BRDA:5,0,0,1
BRDA:5,0,1,27
BRDA:18,1,0,2
BRDA:18,1,1,25
BRDA:29,2,0,3
BRDA:29,2,1,22
BRDA:32,3,0,1
BRDA:32,3,1,2
BRDA:41,4,0,1
BRDA:41,4,1,1
BRDA:73,5,0,14
BRDA:73,5,1,8
BRDA:78,6,0,1
BRDA:78,6,1,13
BRDA:87,7,0,1
BRDA:87,7,1,12
BRDA:95,8,0,12
BRDA:95,8,1,6
BRDA:99,9,0,12
BRDA:99,9,1,9
BRDA:101,10,0,12
BRDA:101,10,1,7
BRDA:102,11,0,12
BRDA:102,11,1,9
BRDA:125,12,0,4
BRDA:125,12,1,4
BRDA:130,13,0,1
BRDA:130,13,1,3
BRDA:139,14,0,1
BRDA:139,14,1,2
BRDA:164,15,0,3
BRDA:164,15,1,1
BRDA:167,16,0,1
BRDA:167,16,1,2
BRDA:177,17,0,1
BRDA:177,17,1,1
BRF:36
BRH:36
end_of_record
TN:
SF:netlify/functions/annotations.js
FN:4,handler
FNF:1
FNH:0
FNDA:0,handler
DA:5,0
DA:6,0
DA:17,0
DA:18,0
DA:19,0
DA:25,0
DA:26,0
DA:29,0
DA:30,0
DA:31,0
DA:32,0
DA:34,0
DA:35,0
DA:42,0
DA:43,0
DA:44,0
DA:50,0
DA:51,0
DA:53,0
DA:62,0
DA:63,0
DA:71,0
DA:72,0
DA:73,0
DA:74,0
DA:76,0
DA:77,0
DA:84,0
DA:85,0
DA:92,0
DA:93,0
DA:94,0
DA:100,0
DA:108,0
DA:117,0
DA:118,0
DA:126,0
DA:127,0
DA:128,0
DA:129,0
DA:131,0
DA:132,0
DA:138,0
DA:140,0
DA:141,0
DA:147,0
DA:156,0
DA:157,0
DA:165,0
DA:166,0
DA:168,0
DA:169,0
DA:175,0
DA:176,0
DA:178,0
DA:179,0
DA:185,0
DA:194,0
DA:195,0
DA:202,0
DA:208,0
LF:61
LH:0
BRDA:5,0,0,0
BRDA:5,0,1,0
BRDA:18,1,0,0
BRDA:18,1,1,0
BRDA:29,2,0,0
BRDA:29,2,1,0
BRDA:34,3,0,0
BRDA:34,3,1,0
BRDA:43,4,0,0
BRDA:43,4,1,0
BRDA:71,5,0,0
BRDA:71,5,1,0
BRDA:76,6,0,0
BRDA:76,6,1,0
BRDA:76,7,0,0
BRDA:76,7,1,0
BRDA:84,8,0,0
BRDA:84,8,1,0
BRDA:93,9,0,0
BRDA:93,9,1,0
BRDA:102,10,0,0
BRDA:102,10,1,0
BRDA:103,11,0,0
BRDA:103,11,1,0
BRDA:104,12,0,0
BRDA:104,12,1,0
BRDA:105,13,0,0
BRDA:105,13,1,0
BRDA:126,14,0,0
BRDA:126,14,1,0
BRDA:131,15,0,0
BRDA:131,15,1,0
BRDA:140,16,0,0
BRDA:140,16,1,0
BRDA:165,17,0,0
BRDA:165,17,1,0
BRDA:168,18,0,0
BRDA:168,18,1,0
BRDA:178,19,0,0
BRDA:178,19,1,0
BRF:40
BRH:0
end_of_record
TN:
SF:netlify/functions/api-keys.js
FN:4,handler
FN:57,(anonymous_1)
FNF:2
FNH:0
FNDA:0,handler
FNDA:0,(anonymous_1)
DA:5,0
DA:6,0
DA:17,0
DA:18,0
DA:19,0
DA:25,0
DA:28,0
DA:29,0
DA:30,0
DA:32,0
DA:41,0
DA:42,0
DA:50,0
DA:51,0
DA:52,0
DA:53,0
DA:56,0
DA:57,0
DA:59,0
DA:60,0
DA:63,0
DA:65,0
DA:77,0
DA:78,0
DA:86,0
DA:87,0
DA:88,0
DA:89,0
DA:91,0
DA:92,0
DA:98,0
DA:100,0
DA:101,0
DA:107,0
DA:116,0
DA:117,0
DA:125,0
DA:126,0
DA:127,0
DA:129,0
DA:130,0
DA:136,0
DA:137,0
DA:139,0
DA:140,0
DA:146,0
DA:155,0
DA:156,0
DA:163,0
DA:169,0
LF:50
LH:0
BRDA:5,0,0,0
BRDA:5,0,1,0
BRDA:18,1,0,0
BRDA:18,1,1,0
BRDA:28,2,0,0
BRDA:28,2,1,0
BRDA:50,3,0,0
BRDA:50,3,1,0
BRDA:57,4,0,0
BRDA:57,4,1,0
BRDA:59,5,0,0
BRDA:59,5,1,0
BRDA:86,6,0,0
BRDA:86,6,1,0
BRDA:91,7,0,0
BRDA:91,7,1,0
BRDA:91,8,0,0
BRDA:91,8,1,0
BRDA:100,9,0,0
BRDA:100,9,1,0
BRDA:125,10,0,0
BRDA:125,10,1,0
BRDA:129,11,0,0
BRDA:129,11,1,0
BRDA:139,12,0,0
BRDA:139,12,1,0
BRF:26
BRH:0
end_of_record
TN:
SF:netlify/functions/auth-2fa.js
FN:5,handler
FNF:1
FNH:1
FNDA:18,handler
DA:6,18
DA:7,1
DA:17,17
DA:18,0
DA:21,17
DA:22,17
DA:23,17
DA:24,17
DA:27,17
DA:28,3
DA:29,3
DA:30,1
DA:36,2
DA:37,2
DA:39,2
DA:40,0
DA:44,2
DA:45,2
DA:55,2
DA:58,2
DA:63,2
DA:78,14
DA:79,5
DA:80,5
DA:81,0
DA:87,5
DA:88,5
DA:90,5
DA:91,1
DA:94,4
DA:96,4
DA:97,1
DA:101,3
DA:110,3
DA:112,3
DA:113,1
DA:117,2
DA:121,2
DA:134,9
DA:135,4
DA:136,4
DA:137,0
DA:143,4
DA:144,4
DA:146,4
DA:147,0
DA:150,4
DA:152,4
DA:153,1
DA:157,3
DA:166,3
DA:168,3
DA:169,1
DA:173,2
DA:178,2
DA:191,5
DA:192,4
DA:194,4
DA:195,1
DA:200,3
DA:201,3
DA:202,3
DA:203,2
DA:205,1
DA:208,2
DA:210,2
DA:211,0
DA:215,2
DA:224,2
DA:226,2
DA:227,1
DA:231,1
DA:233,1
DA:250,1
DA:253,0
DA:254,0
DA:258,1
LF:77
LH:69
BRDA:6,0,0,1
BRDA:6,0,1,17
BRDA:17,1,0,0
BRDA:17,1,1,17
BRDA:27,2,0,3
BRDA:27,2,1,14
BRDA:27,3,0,17
BRDA:27,3,1,14
BRDA:29,4,0,1
BRDA:29,4,1,2
BRDA:39,5,0,0
BRDA:39,5,1,2
BRDA:78,6,0,5
BRDA:78,6,1,9
BRDA:78,7,0,14
BRDA:78,7,1,9
BRDA:80,8,0,0
BRDA:80,8,1,5
BRDA:90,9,0,1
BRDA:90,9,1,4
BRDA:96,10,0,1
BRDA:96,10,1,3
BRDA:96,11,0,4
BRDA:96,11,1,4
BRDA:112,12,0,1
BRDA:112,12,1,2
BRDA:134,13,0,4
BRDA:134,13,1,5
BRDA:134,14,0,9
BRDA:134,14,1,5
BRDA:136,15,0,0
BRDA:136,15,1,4
BRDA:146,16,0,0
BRDA:146,16,1,4
BRDA:152,17,0,1
BRDA:152,17,1,3
BRDA:152,18,0,4
BRDA:152,18,1,4
BRDA:168,19,0,1
BRDA:168,19,1,2
BRDA:191,20,0,4
BRDA:191,20,1,1
BRDA:191,21,0,5
BRDA:191,21,1,1
BRDA:194,22,0,1
BRDA:194,22,1,3
BRDA:194,23,0,4
BRDA:194,23,1,3
BRDA:210,24,0,0
BRDA:210,24,1,2
BRDA:210,25,0,2
BRDA:210,25,1,2
BRDA:226,26,0,1
BRDA:226,26,1,1
BRF:54
BRH:48
end_of_record
TN:
SF:netlify/functions/auth-forgot.js
FN:6,handler
FN:45,(anonymous_1)
FNF:2
FNH:2
FNDA:8,handler
FNDA:5,(anonymous_1)
DA:7,8
DA:8,1
DA:18,7
DA:19,1
DA:26,6
DA:27,6
DA:28,6
DA:30,6
DA:31,0
DA:34,6
DA:35,6
DA:37,6
DA:38,1
DA:45,5
DA:57,5
DA:58,5
DA:60,2
DA:64,3
DA:67,3
DA:70,3
DA:71,3
DA:74,3
DA:75,3
DA:76,3
DA:78,0
DA:82,3
DA:84,0
DA:85,0
DA:92,1
LF:29
LH:25
BRDA:7,0,0,1
BRDA:7,0,1,7
BRDA:18,1,0,1
BRDA:18,1,1,6
BRDA:26,2,0,6
BRDA:26,2,1,6
BRDA:26,2,2,6
BRDA:30,3,0,0
BRDA:30,3,1,6
BRDA:37,4,0,1
BRDA:37,4,1,5
BRDA:58,5,0,2
BRDA:58,5,1,3
BRDA:70,6,0,3
BRDA:70,6,1,0
BRF:15
BRH:13
end_of_record
TN:
SF:netlify/functions/auth-login.js
FN:5,handler
FNF:1
FNH:1
FNDA:5,handler
DA:6,5
DA:7,0
DA:17,5
DA:18,0
DA:22,5
DA:23,5
DA:24,5
DA:26,5
DA:27,0
DA:30,5
DA:31,5
DA:33,5
DA:34,0
DA:38,5
DA:39,5
DA:40,2
DA:44,3
DA:45,3
DA:46,0
DA:50,3
DA:52,1
DA:53,1
DA:59,1
DA:73,2
DA:75,2
DA:91,0
DA:92,0
DA:96,2
LF:28
LH:21
BRDA:6,0,0,0
BRDA:6,0,1,5
BRDA:17,1,0,0
BRDA:17,1,1,5
BRDA:22,2,0,5
BRDA:22,2,1,0
BRDA:22,2,2,0
BRDA:26,3,0,0
BRDA:26,3,1,5
BRDA:33,4,0,0
BRDA:33,4,1,5
BRDA:33,5,0,5
BRDA:33,5,1,5
BRDA:39,6,0,2
BRDA:39,6,1,3
BRDA:45,7,0,0
BRDA:45,7,1,3
BRDA:50,8,0,1
BRDA:50,8,1,2
BRF:19
BRH:12
end_of_record
TN:
SF:netlify/functions/auth-register.js
FN:6,handler
FNF:1
FNH:1
FNDA:8,handler
DA:7,8
DA:8,0
DA:18,8
DA:19,1
DA:26,7
DA:27,7
DA:28,7
DA:30,7
DA:31,1
DA:34,6
DA:35,6
DA:37,6
DA:38,2
DA:45,4
DA:46,4
DA:48,4
DA:49,0
DA:56,4
DA:57,4
DA:58,1
DA:65,3
DA:66,3
DA:69,3
DA:71,3
DA:88,0
DA:89,0
DA:96,1
LF:27
LH:23
BRDA:7,0,0,0
BRDA:7,0,1,8
BRDA:18,1,0,1
BRDA:18,1,1,7
BRDA:26,2,0,7
BRDA:26,2,1,0
BRDA:26,2,2,0
BRDA:30,3,0,1
BRDA:30,3,1,6
BRDA:37,4,0,2
BRDA:37,4,1,4
BRDA:37,5,0,6
BRDA:37,5,1,5
BRDA:46,6,0,0
BRDA:46,6,1,4
BRDA:48,7,0,0
BRDA:48,7,1,4
BRDA:57,8,0,1
BRDA:57,8,1,3
BRF:19
BRH:14
end_of_record
TN:
SF:netlify/functions/auth-reset.js
FN:5,handler
FNF:1
FNH:1
FNDA:11,handler
DA:6,11
DA:7,1
DA:17,10
DA:18,1
DA:25,9
DA:26,9
DA:27,9
DA:29,9
DA:30,0
DA:33,9
DA:34,9
DA:36,9
DA:37,2
DA:43,7
DA:44,1
DA:51,6
DA:52,6
DA:53,2
DA:60,4
DA:63,4
DA:64,4
DA:65,0
DA:72,4
DA:74,4
DA:76,4
DA:87,0
DA:88,0
DA:95,1
LF:28
LH:24
BRDA:6,0,0,1
BRDA:6,0,1,10
BRDA:17,1,0,1
BRDA:17,1,1,9
BRDA:25,2,0,9
BRDA:25,2,1,9
BRDA:25,2,2,9
BRDA:29,3,0,0
BRDA:29,3,1,9
BRDA:36,4,0,2
BRDA:36,4,1,7
BRDA:36,5,0,9
BRDA:36,5,1,8
BRDA:43,6,0,1
BRDA:43,6,1,6
BRDA:52,7,0,2
BRDA:52,7,1,4
BRDA:64,8,0,0
BRDA:64,8,1,4
BRF:19
BRH:17
end_of_record
TN:
SF:netlify/functions/auth-verify-reset-token.js
FN:4,handler
FNF:1
FNH:1
FNDA:7,handler
DA:5,7
DA:6,1
DA:16,6
DA:17,1
DA:24,5
DA:25,5
DA:26,5
DA:28,5
DA:29,0
DA:32,5
DA:33,5
DA:34,5
DA:36,5
DA:37,1
DA:44,4
DA:45,4
DA:46,2
DA:58,2
DA:69,0
DA:70,0
DA:77,1
LF:21
LH:18
BRDA:5,0,0,1
BRDA:5,0,1,6
BRDA:16,1,0,1
BRDA:16,1,1,5
BRDA:24,2,0,5
BRDA:24,2,1,5
BRDA:24,2,2,5
BRDA:28,3,0,0
BRDA:28,3,1,5
BRDA:36,4,0,1
BRDA:36,4,1,4
BRDA:45,5,0,2
BRDA:45,5,1,2
BRF:13
BRH:12
end_of_record
TN:
SF:netlify/functions/debug.js
FN:3,handler
FNF:1
FNH:0
FNDA:0,handler
DA:5,0
DA:6,0
DA:7,0
DA:13,0
DA:14,0
DA:15,0
DA:17,0
DA:22,0
DA:32,0
DA:42,0
LF:10
LH:0
BRDA:6,0,0,0
BRDA:6,0,1,0
BRDA:6,1,0,0
BRDA:6,1,1,0
BRDA:15,2,0,0
BRDA:15,2,1,0
BRF:6
BRH:0
end_of_record
TN:
SF:netlify/functions/errors.js
FN:11,handler
FN:207,(anonymous_1)
FNF:2
FNH:2
FNDA:50,handler
FNDA:8,(anonymous_1)
DA:5,1
DA:6,1
DA:9,1
DA:12,50
DA:13,1
DA:23,49
DA:26,49
DA:27,41
DA:28,41
DA:29,41
DA:32,41
DA:33,1
DA:39,40
DA:40,1
DA:46,39
DA:47,1
DA:54,38
DA:55,38
DA:56,1
DA:62,37
DA:63,37
DA:64,37
DA:67,37
DA:68,37
DA:71,37
DA:73,37
DA:74,1
DA:75,1
DA:78,1
DA:79,1
DA:80,1
DA:81,1
DA:83,1
DA:98,36
DA:113,36
DA:116,36
DA:117,36
DA:120,36
DA:126,36
DA:127,0
DA:130,36
DA:132,36
DA:144,0
DA:145,0
DA:153,8
DA:155,8
DA:156,8
DA:157,1
DA:163,7
DA:164,7
DA:165,7
DA:166,7
DA:168,7
DA:169,1
DA:176,6
DA:177,6
DA:178,1
DA:184,5
DA:185,5
DA:186,5
DA:187,5
DA:190,5
DA:191,5
DA:192,14
DA:193,14
DA:195,14
DA:196,13
DA:201,14
DA:202,1
DA:207,5
DA:208,8
DA:211,5
DA:222,0
DA:223,0
DA:230,0
DA:236,1
LF:76
LH:70
BRDA:12,0,0,1
BRDA:12,0,1,49
BRDA:26,1,0,41
BRDA:26,1,1,8
BRDA:32,2,0,1
BRDA:32,2,1,40
BRDA:39,3,0,1
BRDA:39,3,1,39
BRDA:46,4,0,1
BRDA:46,4,1,38
BRDA:55,5,0,1
BRDA:55,5,1,37
BRDA:73,6,0,1
BRDA:73,6,1,36
BRDA:73,7,0,37
BRDA:73,7,1,1
BRDA:78,8,0,1
BRDA:78,8,1,0
BRDA:79,9,0,1
BRDA:79,9,1,0
BRDA:103,10,0,36
BRDA:103,10,1,7
BRDA:104,11,0,36
BRDA:104,11,1,33
BRDA:105,12,0,36
BRDA:105,12,1,35
BRDA:106,13,0,36
BRDA:106,13,1,35
BRDA:107,14,0,36
BRDA:107,14,1,35
BRDA:117,15,0,36
BRDA:117,15,1,15
BRDA:126,16,0,0
BRDA:126,16,1,36
BRDA:153,17,0,8
BRDA:153,17,1,0
BRDA:156,18,0,1
BRDA:156,18,1,7
BRDA:166,19,0,7
BRDA:166,19,1,6
BRDA:168,20,0,1
BRDA:168,20,1,6
BRDA:177,21,0,1
BRDA:177,21,1,5
BRDA:187,22,0,5
BRDA:187,22,1,0
BRDA:193,23,0,14
BRDA:193,23,1,0
BRDA:195,24,0,13
BRDA:195,24,1,1
BRDA:195,25,0,14
BRDA:195,25,1,3
BRDA:201,26,0,1
BRDA:201,26,1,13
BRF:54
BRH:48
end_of_record
TN:
SF:netlify/functions/export.js
FN:5,handler
FN:149,escapeCSV
FNF:2
FNH:2
FNDA:16,handler
FNDA:5,escapeCSV
DA:7,16
DA:8,1
DA:18,15
DA:19,1
DA:26,14
DA:27,14
DA:28,1
DA:34,13
DA:35,13
DA:36,13
DA:37,13
DA:38,13
DA:39,13
DA:40,13
DA:42,13
DA:43,1
DA:50,12
DA:51,12
DA:52,1
DA:59,11
DA:60,11
DA:62,11
DA:64,1
DA:65,1
DA:67,8
DA:68,8
DA:70,1
DA:71,1
DA:73,1
DA:74,1
DA:76,0
DA:80,11
DA:81,11
DA:84,11
DA:86,11
DA:88,11
DA:89,4
DA:91,4
DA:93,1
DA:94,1
DA:95,1
DA:97,1
DA:100,1
DA:101,1
DA:102,1
DA:104,1
DA:108,2
DA:109,2
DA:110,2
DA:112,2
DA:115,4
DA:126,7
DA:141,0
DA:142,0
DA:150,5
DA:151,5
DA:154,1
LF:57
LH:54
BRDA:7,0,0,1
BRDA:7,0,1,15
BRDA:18,1,0,1
BRDA:18,1,1,14
BRDA:27,2,0,1
BRDA:27,2,1,13
BRDA:37,3,0,13
BRDA:37,3,1,9
BRDA:38,4,0,13
BRDA:38,4,1,9
BRDA:39,5,0,13
BRDA:39,5,1,9
BRDA:40,6,0,13
BRDA:40,6,1,13
BRDA:42,7,0,1
BRDA:42,7,1,12
BRDA:51,8,0,1
BRDA:51,8,1,11
BRDA:62,9,0,1
BRDA:62,9,1,8
BRDA:62,9,2,1
BRDA:62,9,3,1
BRDA:62,9,4,0
BRDA:88,10,0,4
BRDA:88,10,1,7
BRDA:91,11,0,1
BRDA:91,11,1,1
BRDA:91,11,2,2
BRDA:91,11,3,2
BRDA:150,12,0,0
BRDA:150,12,1,5
BRF:31
BRH:29
end_of_record
TN:
SF:netlify/functions/funnels.js
FN:12,handler
FN:70,(anonymous_1)
FNF:2
FNH:2
FNDA:25,handler
FNDA:1,(anonymous_1)
DA:13,25
DA:14,1
DA:25,24
DA:26,24
DA:27,2
DA:33,22
DA:34,22
DA:37,22
DA:38,6
DA:39,6
DA:40,6
DA:42,6
DA:43,1
DA:50,5
DA:51,5
DA:52,1
DA:58,4
DA:59,4
DA:62,4
DA:63,4
DA:64,4
DA:65,4
DA:67,4
DA:70,4
DA:71,1
DA:72,1
DA:82,4
DA:93,0
DA:94,0
DA:102,16
DA:103,12
DA:104,12
DA:105,12
DA:107,12
DA:108,1
DA:114,11
DA:115,2
DA:122,9
DA:123,9
DA:124,1
DA:130,8
DA:135,8
DA:136,0
DA:142,8
DA:151,0
DA:152,0
DA:160,4
DA:161,0
DA:162,0
DA:163,0
DA:165,0
DA:166,0
DA:172,0
DA:174,0
DA:175,0
DA:181,0
DA:190,0
DA:191,0
DA:199,4
DA:200,4
DA:202,4
DA:203,1
DA:209,3
DA:210,3
DA:212,3
DA:213,2
DA:219,1
DA:228,0
DA:229,0
DA:236,0
DA:242,1
LF:71
LH:52
BRDA:13,0,0,1
BRDA:13,0,1,24
BRDA:26,1,0,2
BRDA:26,1,1,22
BRDA:37,2,0,6
BRDA:37,2,1,16
BRDA:42,3,0,1
BRDA:42,3,1,5
BRDA:51,4,0,1
BRDA:51,4,1,4
BRDA:64,5,0,4
BRDA:64,5,1,3
BRDA:65,6,0,4
BRDA:65,6,1,3
BRDA:102,7,0,12
BRDA:102,7,1,4
BRDA:107,8,0,1
BRDA:107,8,1,11
BRDA:114,9,0,2
BRDA:114,9,1,9
BRDA:114,10,0,11
BRDA:114,10,1,10
BRDA:123,11,0,1
BRDA:123,11,1,8
BRDA:135,12,0,0
BRDA:135,12,1,8
BRDA:160,13,0,0
BRDA:160,13,1,4
BRDA:165,14,0,0
BRDA:165,14,1,0
BRDA:174,15,0,0
BRDA:174,15,1,0
BRDA:199,16,0,4
BRDA:199,16,1,0
BRDA:202,17,0,1
BRDA:202,17,1,3
BRDA:212,18,0,2
BRDA:212,18,1,1
BRF:38
BRH:31
end_of_record
TN:
SF:netlify/functions/goals.js
FN:16,handler
FN:64,(anonymous_1)
FNF:2
FNH:2
FNDA:25,handler
FNDA:3,(anonymous_1)
DA:17,25
DA:18,1
DA:29,24
DA:30,24
DA:31,4
DA:37,20
DA:38,20
DA:41,20
DA:42,6
DA:44,6
DA:45,1
DA:52,5
DA:53,5
DA:54,1
DA:60,4
DA:61,4
DA:64,4
DA:65,3
DA:66,3
DA:67,3
DA:70,3
DA:72,3
DA:73,3
DA:77,3
DA:86,4
DA:99,0
DA:100,0
DA:108,14
DA:109,7
DA:110,7
DA:111,7
DA:113,7
DA:114,1
DA:121,6
DA:122,6
DA:123,1
DA:130,5
DA:131,1
DA:138,4
DA:139,1
DA:145,3
DA:154,3
DA:163,0
DA:164,0
DA:172,7
DA:173,3
DA:174,3
DA:175,3
DA:177,3
DA:178,1
DA:184,2
DA:186,2
DA:187,1
DA:193,1
DA:202,0
DA:203,0
DA:211,4
DA:212,3
DA:214,3
DA:215,1
DA:221,2
DA:222,2
DA:224,2
DA:225,1
DA:231,1
DA:240,0
DA:241,0
DA:248,1
DA:254,1
LF:69
LH:61
BRDA:17,0,0,1
BRDA:17,0,1,24
BRDA:30,1,0,4
BRDA:30,1,1,20
BRDA:41,2,0,6
BRDA:41,2,1,14
BRDA:44,3,0,1
BRDA:44,3,1,5
BRDA:53,4,0,1
BRDA:53,4,1,4
BRDA:72,5,0,3
BRDA:72,5,1,0
BRDA:73,6,0,2
BRDA:73,6,1,1
BRDA:108,7,0,7
BRDA:108,7,1,7
BRDA:113,8,0,1
BRDA:113,8,1,6
BRDA:122,9,0,1
BRDA:122,9,1,5
BRDA:130,10,0,1
BRDA:130,10,1,4
BRDA:130,11,0,5
BRDA:130,11,1,3
BRDA:138,12,0,1
BRDA:138,12,1,3
BRDA:138,13,0,4
BRDA:138,13,1,2
BRDA:148,14,0,3
BRDA:148,14,1,1
BRDA:150,15,0,3
BRDA:150,15,1,2
BRDA:172,16,0,3
BRDA:172,16,1,4
BRDA:177,17,0,1
BRDA:177,17,1,2
BRDA:186,18,0,1
BRDA:186,18,1,1
BRDA:211,19,0,3
BRDA:211,19,1,1
BRDA:214,20,0,1
BRDA:214,20,1,2
BRDA:224,21,0,1
BRDA:224,21,1,1
BRF:44
BRH:43
end_of_record
TN:
SF:netlify/functions/gsc.js
FN:22,handler
FN:82,handleConnect
FN:138,handleOAuthCallback
FN:250,handleGetSites
FN:281,(anonymous_4)
FN:301,handleGetPerformance
FN:355,(anonymous_6)
FN:365,(anonymous_7)
FN:378,(anonymous_8)
FN:379,(anonymous_9)
FN:380,(anonymous_10)
FN:381,(anonymous_11)
FN:399,handleGetPages
FN:449,(anonymous_13)
FN:478,handleGetQueries
FN:528,(anonymous_15)
FN:557,handleGetStatus
FN:584,handleDisconnect
FN:600,getValidTokens
FN:624,refreshAccessToken
FN:669,getDefaultStartDate
FN:678,getDefaultEndDate
FNF:22
FNH:22
FNDA:18,handler
FNDA:2,handleConnect
FNDA:3,handleOAuthCallback
FNDA:3,handleGetSites
FNDA:3,(anonymous_4)
FNDA:2,handleGetPerformance
FNDA:2,(anonymous_6)
FNDA:2,(anonymous_7)
FNDA:2,(anonymous_8)
FNDA:2,(anonymous_9)
FNDA:2,(anonymous_10)
FNDA:2,(anonymous_11)
FNDA:1,handleGetPages
FNDA:2,(anonymous_13)
FNDA:1,handleGetQueries
FNDA:2,(anonymous_15)
FNDA:2,handleGetStatus
FNDA:1,handleDisconnect
FNDA:7,getValidTokens
FNDA:1,refreshAccessToken
FNDA:4,getDefaultStartDate
FNDA:4,getDefaultEndDate
DA:12,1
DA:13,1
DA:14,1
DA:15,1
DA:18,1
DA:24,18
DA:30,18
DA:31,1
DA:34,17
DA:35,17
DA:38,17
DA:39,3
DA:43,14
DA:44,14
DA:45,1
DA:51,13
DA:53,13
DA:55,2
DA:57,3
DA:59,2
DA:61,1
DA:63,1
DA:65,2
DA:67,1
DA:69,1
DA:83,2
DA:85,2
DA:86,1
DA:96,1
DA:103,1
DA:104,1
DA:110,1
DA:111,1
DA:114,1
DA:124,1
DA:126,1
DA:139,3
DA:140,3
DA:141,3
DA:143,3
DA:145,1
DA:154,2
DA:155,0
DA:165,2
DA:166,2
DA:168,2
DA:169,1
DA:178,1
DA:181,1
DA:182,1
DA:183,1
DA:184,1
DA:186,1
DA:187,1
DA:199,1
DA:200,0
DA:201,0
DA:202,0
DA:211,1
DA:214,1
DA:215,1
DA:224,1
DA:227,1
DA:236,0
DA:237,0
DA:251,3
DA:252,3
DA:253,1
DA:262,2
DA:263,2
DA:267,2
DA:268,0
DA:269,0
DA:278,2
DA:280,2
DA:281,3
DA:291,0
DA:302,2
DA:303,2
DA:304,0
DA:310,2
DA:311,2
DA:312,2
DA:313,2
DA:315,2
DA:316,1
DA:322,1
DA:323,1
DA:324,1
DA:341,1
DA:342,0
DA:343,0
DA:352,1
DA:355,1
DA:356,2
DA:364,2
DA:365,2
DA:366,2
DA:369,2
DA:372,1
DA:378,2
DA:379,2
DA:380,2
DA:381,2
DA:389,0
DA:400,1
DA:401,1
DA:402,0
DA:408,1
DA:409,1
DA:410,1
DA:411,1
DA:413,1
DA:414,0
DA:420,1
DA:421,1
DA:422,1
DA:439,1
DA:440,0
DA:441,0
DA:447,1
DA:449,2
DA:457,1
DA:468,0
DA:479,1
DA:480,1
DA:481,0
DA:487,1
DA:488,1
DA:489,1
DA:490,1
DA:492,1
DA:493,0
DA:499,1
DA:500,1
DA:501,1
DA:518,1
DA:519,0
DA:520,0
DA:526,1
DA:528,2
DA:536,1
DA:547,0
DA:558,2
DA:559,2
DA:561,2
DA:562,1
DA:571,1
DA:585,1
DA:586,1
DA:588,1
DA:601,7
DA:602,7
DA:604,7
DA:605,1
DA:609,6
DA:611,1
DA:612,1
DA:613,0
DA:615,1
DA:618,5
DA:625,1
DA:626,1
DA:628,1
DA:629,1
DA:640,1
DA:641,0
DA:642,0
DA:645,1
DA:648,1
DA:649,1
DA:657,1
DA:658,1
DA:661,0
DA:662,0
DA:670,4
DA:671,4
DA:672,4
DA:679,4
LF:179
LH:151
BRDA:30,0,0,1
BRDA:30,0,1,17
BRDA:38,1,0,3
BRDA:38,1,1,14
BRDA:44,2,0,1
BRDA:44,2,1,13
BRDA:53,3,0,2
BRDA:53,3,1,3
BRDA:53,3,2,2
BRDA:53,3,3,1
BRDA:53,3,4,1
BRDA:53,3,5,2
BRDA:53,3,6,1
BRDA:53,3,7,1
BRDA:85,4,0,1
BRDA:85,4,1,1
BRDA:143,5,0,1
BRDA:143,5,1,2
BRDA:154,6,0,0
BRDA:154,6,1,2
BRDA:154,7,0,2
BRDA:154,7,1,2
BRDA:168,8,0,1
BRDA:168,8,1,1
BRDA:199,9,0,0
BRDA:199,9,1,1
BRDA:252,10,0,1
BRDA:252,10,1,2
BRDA:267,11,0,0
BRDA:267,11,1,2
BRDA:281,12,0,2
BRDA:281,12,1,0
BRDA:303,13,0,0
BRDA:303,13,1,2
BRDA:311,14,0,2
BRDA:311,14,1,2
BRDA:312,15,0,2
BRDA:312,15,1,2
BRDA:313,16,0,2
BRDA:313,16,1,2
BRDA:315,17,0,1
BRDA:315,17,1,1
BRDA:341,18,0,0
BRDA:341,18,1,1
BRDA:355,19,0,1
BRDA:355,19,1,0
BRDA:380,20,0,1
BRDA:380,20,1,0
BRDA:381,21,0,1
BRDA:381,21,1,0
BRDA:401,22,0,0
BRDA:401,22,1,1
BRDA:409,23,0,1
BRDA:409,23,1,1
BRDA:410,24,0,1
BRDA:410,24,1,1
BRDA:411,25,0,1
BRDA:411,25,1,1
BRDA:413,26,0,0
BRDA:413,26,1,1
BRDA:439,27,0,0
BRDA:439,27,1,1
BRDA:449,28,0,1
BRDA:449,28,1,0
BRDA:480,29,0,0
BRDA:480,29,1,1
BRDA:488,30,0,1
BRDA:488,30,1,1
BRDA:489,31,0,1
BRDA:489,31,1,1
BRDA:490,32,0,1
BRDA:490,32,1,1
BRDA:492,33,0,0
BRDA:492,33,1,1
BRDA:518,34,0,0
BRDA:518,34,1,1
BRDA:528,35,0,1
BRDA:528,35,1,0
BRDA:561,36,0,1
BRDA:561,36,1,1
BRDA:604,37,0,1
BRDA:604,37,1,6
BRDA:609,38,0,1
BRDA:609,38,1,5
BRDA:612,39,0,0
BRDA:612,39,1,1
BRDA:640,40,0,0
BRDA:640,40,1,1
BRF:88
BRH:69
end_of_record
TN:
SF:netlify/functions/health.js
FN:1,handler
FNF:1
FNH:0
FNDA:0,handler
DA:2,0
DA:5,0
DA:16,0
DA:18,0
DA:27,0
LF:5
LH:0
BRDA:8,0,0,0
BRDA:8,0,1,0
BRF:2
BRH:0
end_of_record
TN:
SF:netlify/functions/heatmaps.js
FN:11,handler
FNF:1
FNH:1
FNDA:20,handler
DA:12,20
DA:13,1
DA:24,19
DA:25,19
DA:26,2
DA:32,17
DA:33,17
DA:36,17
DA:37,7
DA:38,7
DA:39,7
DA:41,7
DA:42,1
DA:49,6
DA:50,6
DA:51,1
DA:58,5
DA:59,3
DA:60,2
DA:61,1
DA:63,1
DA:69,4
DA:78,0
DA:79,0
DA:87,10
DA:88,9
DA:89,9
DA:90,9
DA:91,9
DA:92,9
DA:94,9
DA:95,1
DA:102,8
DA:103,8
DA:104,1
DA:111,7
DA:112,7
DA:113,7
DA:114,7
DA:116,7
DA:118,7
DA:119,1
DA:120,1
DA:133,6
DA:134,4
DA:135,1
DA:141,3
DA:142,3
DA:152,2
DA:153,2
DA:154,1
DA:160,1
DA:161,1
DA:170,0
DA:176,0
DA:177,0
DA:184,1
DA:190,1
LF:58
LH:53
BRDA:12,0,0,1
BRDA:12,0,1,19
BRDA:25,1,0,2
BRDA:25,1,1,17
BRDA:36,2,0,7
BRDA:36,2,1,10
BRDA:41,3,0,1
BRDA:41,3,1,6
BRDA:41,4,0,7
BRDA:41,4,1,7
BRDA:41,4,2,7
BRDA:50,5,0,1
BRDA:50,5,1,5
BRDA:58,6,0,3
BRDA:58,6,1,2
BRDA:60,7,0,1
BRDA:60,7,1,1
BRDA:87,8,0,9
BRDA:87,8,1,1
BRDA:94,9,0,1
BRDA:94,9,1,8
BRDA:103,10,0,1
BRDA:103,10,1,7
BRDA:113,11,0,7
BRDA:113,11,1,3
BRDA:114,12,0,7
BRDA:114,12,1,3
BRDA:118,13,0,1
BRDA:118,13,1,6
BRDA:118,14,0,7
BRDA:118,14,1,6
BRDA:133,15,0,4
BRDA:133,15,1,2
BRDA:134,16,0,1
BRDA:134,16,1,3
BRDA:152,17,0,2
BRDA:152,17,1,0
BRDA:153,18,0,1
BRDA:153,18,1,1
BRF:39
BRH:38
end_of_record
TN:
SF:netlify/functions/import.js
FN:55,handler
FN:281,(anonymous_1)
FN:310,parseGAData
FN:326,parseGA4JSON
FN:329,(anonymous_4)
FN:334,(anonymous_5)
FN:335,(anonymous_6)
FN:337,(anonymous_7)
FN:340,(anonymous_8)
FN:346,(anonymous_9)
FN:367,parseGACSV
FN:385,(anonymous_11)
FN:414,parseCSVLine
FN:439,mapGAFields
FN:458,normalizeDate
FN:477,detectDateRange
FN:479,(anonymous_16)
FN:480,(anonymous_17)
FN:497,mergeHistoricalData
FNF:19
FNH:19
FNDA:24,handler
FNDA:1,(anonymous_1)
FNDA:10,parseGAData
FNDA:4,parseGA4JSON
FNDA:4,(anonymous_4)
FNDA:2,(anonymous_5)
FNDA:2,(anonymous_6)
FNDA:2,(anonymous_7)
FNDA:4,(anonymous_8)
FNDA:4,(anonymous_9)
FNDA:6,parseGACSV
FNDA:26,(anonymous_11)
FNDA:14,parseCSVLine
FNDA:4,mapGAFields
FNDA:13,normalizeDate
FNDA:9,detectDateRange
FNDA:15,(anonymous_16)
FNDA:15,(anonymous_17)
FNDA:15,mergeHistoricalData
DA:12,1
DA:15,1
DA:57,24
DA:63,24
DA:64,1
DA:68,23
DA:69,23
DA:70,3
DA:76,20
DA:79,20
DA:80,2
DA:81,2
DA:82,2
DA:84,2
DA:92,0
DA:100,18
DA:101,14
DA:102,14
DA:103,14
DA:106,14
DA:107,1
DA:113,13
DA:114,1
DA:120,12
DA:121,1
DA:130,11
DA:131,11
DA:133,11
DA:134,1
DA:142,10
DA:143,10
DA:145,1
DA:155,9
DA:156,9
DA:158,9
DA:159,9
DA:172,9
DA:173,9
DA:174,15
DA:175,15
DA:178,15
DA:181,15
DA:182,15
DA:183,15
DA:184,15
DA:186,15
DA:187,15
DA:191,9
DA:194,9
DA:197,9
DA:198,9
DA:205,9
DA:207,9
DA:220,0
DA:221,0
DA:232,4
DA:233,3
DA:234,3
DA:235,3
DA:237,3
DA:238,1
DA:244,2
DA:245,2
DA:247,2
DA:248,1
DA:254,1
DA:255,0
DA:262,1
DA:263,1
DA:265,1
DA:266,1
DA:267,1
DA:268,1
DA:269,1
DA:270,1
DA:271,1
DA:277,1
DA:280,1
DA:281,1
DA:282,1
DA:284,1
DA:294,0
DA:301,1
DA:311,10
DA:314,4
DA:317,6
DA:319,0
DA:328,4
DA:329,4
DA:333,1
DA:334,2
DA:335,2
DA:337,1
DA:338,2
DA:340,2
DA:341,4
DA:342,4
DA:343,4
DA:346,2
DA:347,4
DA:348,4
DA:349,4
DA:352,2
DA:357,0
DA:358,0
DA:361,0
DA:368,6
DA:369,6
DA:370,1
DA:374,5
DA:377,5
DA:378,5
DA:379,9
DA:380,9
DA:382,9
DA:383,9
DA:385,9
DA:386,26
DA:387,26
DA:388,26
DA:391,26
DA:392,9
DA:395,17
DA:396,17
DA:401,9
DA:402,9
DA:405,9
DA:408,5
DA:415,14
DA:416,14
DA:417,14
DA:419,14
DA:420,258
DA:422,258
DA:423,8
DA:424,250
DA:425,25
DA:426,25
DA:428,225
DA:432,14
DA:433,14
DA:440,4
DA:442,4
DA:443,22
DA:444,22
DA:448,4
DA:449,4
DA:452,4
DA:460,13
DA:461,13
DA:465,0
DA:466,0
DA:467,0
DA:471,0
DA:478,9
DA:479,15
DA:480,15
DA:483,9
DA:484,0
DA:487,9
DA:498,15
DA:500,15
DA:501,56
DA:503,56
DA:505,0
DA:508,56
DA:512,15
LF:167
LH:152
BRDA:63,0,0,1
BRDA:63,0,1,23
BRDA:69,1,0,3
BRDA:69,1,1,20
BRDA:79,2,0,2
BRDA:79,2,1,18
BRDA:85,3,0,2
BRDA:85,3,1,1
BRDA:100,4,0,14
BRDA:100,4,1,4
BRDA:103,5,0,13
BRDA:106,6,0,1
BRDA:106,6,1,13
BRDA:113,7,0,1
BRDA:113,7,1,12
BRDA:120,8,0,1
BRDA:120,8,1,11
BRDA:120,9,0,12
BRDA:120,9,1,12
BRDA:133,10,0,1
BRDA:133,10,1,10
BRDA:133,11,0,11
BRDA:133,11,1,11
BRDA:166,12,0,9
BRDA:166,12,1,9
BRDA:174,13,0,15
BRDA:174,13,1,0
BRDA:178,14,0,15
BRDA:178,14,1,15
BRDA:197,15,0,9
BRDA:197,15,1,9
BRDA:232,16,0,3
BRDA:232,16,1,1
BRDA:237,17,0,1
BRDA:237,17,1,2
BRDA:247,18,0,1
BRDA:247,18,1,1
BRDA:254,19,0,0
BRDA:254,19,1,1
BRDA:267,20,0,1
BRDA:267,20,1,0
BRDA:269,21,0,1
BRDA:269,21,1,0
BRDA:269,22,0,1
BRDA:269,22,1,1
BRDA:280,23,0,1
BRDA:280,23,1,0
BRDA:311,24,0,3
BRDA:311,24,1,4
BRDA:311,24,2,6
BRDA:311,24,3,6
BRDA:311,24,4,0
BRDA:328,25,0,3
BRDA:328,25,1,1
BRDA:333,26,0,1
BRDA:333,26,1,0
BRDA:333,27,0,1
BRDA:333,27,1,1
BRDA:342,28,0,4
BRDA:342,28,1,0
BRDA:348,29,0,4
BRDA:348,29,1,0
BRDA:349,30,0,4
BRDA:349,30,1,0
BRDA:357,31,0,0
BRDA:357,31,1,0
BRDA:369,32,0,1
BRDA:369,32,1,5
BRDA:380,33,0,0
BRDA:380,33,1,9
BRDA:387,34,0,26
BRDA:387,34,1,14
BRDA:388,35,0,26
BRDA:388,35,1,0
BRDA:391,36,0,9
BRDA:391,36,1,17
BRDA:396,37,0,2
BRDA:396,37,1,15
BRDA:401,38,0,9
BRDA:401,38,1,0
BRDA:422,39,0,8
BRDA:422,39,1,250
BRDA:424,40,0,25
BRDA:424,40,1,225
BRDA:424,41,0,250
BRDA:424,41,1,26
BRDA:443,42,0,22
BRDA:443,42,1,2
BRDA:448,43,0,4
BRDA:448,43,1,0
BRDA:460,44,0,13
BRDA:460,44,1,0
BRDA:465,45,0,0
BRDA:465,45,1,0
BRDA:483,46,0,0
BRDA:483,46,1,9
BRDA:501,47,0,0
BRDA:501,47,1,56
BRDA:503,48,0,0
BRDA:503,48,1,56
BRDA:503,49,0,56
BRDA:503,49,1,32
BRDA:505,50,0,0
BRDA:505,50,1,0
BRF:104
BRH:80
end_of_record
TN:
SF:netlify/functions/init-db.js
FN:3,handler
FNF:1
FNH:0
FNDA:0,handler
DA:5,0
DA:6,0
DA:13,0
DA:14,0
DA:16,0
DA:17,0
DA:23,0
DA:24,0
DA:26,0
DA:34,0
DA:35,0
DA:45,0
LF:12
LH:0
BRDA:5,0,0,0
BRDA:5,0,1,0
BRDA:14,1,0,0
BRDA:14,1,1,0
BRDA:16,2,0,0
BRDA:16,2,1,0
BRF:6
BRH:0
end_of_record
TN:
SF:netlify/functions/invite.js
FN:9,handler
FNF:1
FNH:0
FNDA:0,handler
DA:10,0
DA:11,0
DA:21,0
DA:24,0
DA:25,0
DA:27,0
DA:28,0
DA:34,0
DA:35,0
DA:37,0
DA:38,0
DA:44,0
DA:46,0
DA:64,0
DA:65,0
DA:73,0
DA:75,0
DA:76,0
DA:77,0
DA:83,0
DA:84,0
DA:86,0
DA:87,0
DA:88,0
DA:90,0
DA:91,0
DA:97,0
DA:98,0
DA:100,0
DA:101,0
DA:107,0
DA:117,0
DA:119,0
DA:120,0
DA:126,0
DA:139,0
DA:140,0
DA:147,0
DA:153,0
LF:39
LH:0
BRDA:10,0,0,0
BRDA:10,0,1,0
BRDA:24,1,0,0
BRDA:24,1,1,0
BRDA:27,2,0,0
BRDA:27,2,1,0
BRDA:37,3,0,0
BRDA:37,3,1,0
BRDA:73,4,0,0
BRDA:73,4,1,0
BRDA:76,5,0,0
BRDA:76,5,1,0
BRDA:90,6,0,0
BRDA:90,6,1,0
BRDA:97,7,0,0
BRDA:97,7,1,0
BRDA:100,8,0,0
BRDA:100,8,1,0
BRDA:119,9,0,0
BRDA:119,9,1,0
BRF:20
BRH:0
end_of_record
TN:
SF:netlify/functions/public-stats.js
FN:4,handler
FNF:1
FNH:0
FNDA:0,handler
DA:5,0
DA:6,0
DA:16,0
DA:17,0
DA:23,0
DA:24,0
DA:25,0
DA:27,0
DA:28,0
DA:35,0
DA:36,0
DA:37,0
DA:44,0
DA:45,0
DA:52,0
DA:53,0
DA:54,0
DA:55,0
DA:56,0
DA:57,0
DA:58,0
DA:59,0
DA:60,0
DA:63,0
DA:64,0
DA:65,0
DA:68,0
DA:74,0
DA:102,0
DA:103,0
DA:110,0
LF:31
LH:0
BRDA:5,0,0,0
BRDA:5,0,1,0
BRDA:16,1,0,0
BRDA:16,1,1,0
BRDA:25,2,0,0
BRDA:25,2,1,0
BRDA:27,3,0,0
BRDA:27,3,1,0
BRDA:36,4,0,0
BRDA:36,4,1,0
BRDA:44,5,0,0
BRDA:44,5,1,0
BRDA:44,6,0,0
BRDA:44,6,1,0
BRDA:54,7,0,0
BRDA:54,7,1,0
BRDA:54,7,2,0
BRDA:54,7,3,0
BRDA:54,7,4,0
BRDA:54,7,5,0
BRDA:76,8,0,0
BRDA:76,8,1,0
BRF:22
BRH:0
end_of_record
TN:
SF:netlify/functions/realtime.js
FN:5,handler
FN:73,(anonymous_1)
FN:74,(anonymous_2)
FNF:3
FNH:2
FNDA:4,handler
FNDA:2,(anonymous_1)
FNDA:0,(anonymous_2)
DA:7,4
DA:8,0
DA:18,4
DA:19,0
DA:26,4
DA:27,4
DA:28,1
DA:34,3
DA:35,3
DA:36,3
DA:38,3
DA:39,1
DA:46,2
DA:47,2
DA:48,0
DA:55,2
DA:58,2
DA:59,2
DA:60,4
DA:61,4
DA:65,2
DA:66,2
DA:67,2
DA:68,2
DA:69,4
DA:70,4
DA:72,2
DA:73,2
DA:74,0
DA:77,2
DA:94,0
DA:95,0
DA:102,1
LF:33
LH:27
BRDA:7,0,0,0
BRDA:7,0,1,4
BRDA:18,1,0,0
BRDA:18,1,1,4
BRDA:27,2,0,1
BRDA:27,2,1,3
BRDA:38,3,0,1
BRDA:38,3,1,2
BRDA:47,4,0,0
BRDA:47,4,1,2
BRDA:59,5,0,2
BRDA:59,5,1,0
BRDA:60,6,0,4
BRDA:60,6,1,4
BRDA:61,7,0,4
BRDA:61,7,1,2
BRDA:65,8,0,2
BRDA:65,8,1,0
BRDA:66,9,0,2
BRDA:66,9,1,0
BRDA:66,10,0,2
BRDA:66,10,1,2
BRDA:69,11,0,4
BRDA:69,11,1,4
BRDA:69,11,2,4
BRDA:70,12,0,4
BRDA:70,12,1,2
BRF:27
BRH:21
end_of_record
TN:
SF:netlify/functions/sites-create.js
FN:5,handler
FNF:1
FNH:1
FNDA:6,handler
DA:6,6
DA:7,0
DA:17,6
DA:18,0
DA:25,6
DA:26,6
DA:27,1
DA:33,5
DA:34,5
DA:36,5
DA:37,1
DA:44,4
DA:50,4
DA:51,4
DA:52,4
DA:53,4
DA:55,4
DA:67,0
DA:68,0
DA:75,1
LF:20
LH:16
BRDA:6,0,0,0
BRDA:6,0,1,6
BRDA:17,1,0,0
BRDA:17,1,1,6
BRDA:26,2,0,1
BRDA:26,2,1,5
BRDA:36,3,0,1
BRDA:36,3,1,4
BRF:8
BRH:6
end_of_record
TN:
SF:netlify/functions/sites-delete.js
FN:4,handler
FNF:1
FNH:1
FNDA:7,handler
DA:5,7
DA:6,1
DA:12,6
DA:14,6
DA:15,6
DA:16,1
DA:22,5
DA:24,5
DA:25,5
DA:27,0
DA:33,5
DA:35,5
DA:36,1
DA:43,4
DA:44,4
DA:45,1
DA:51,3
DA:52,3
DA:53,1
DA:59,2
DA:61,2
DA:67,0
DA:68,0
DA:75,1
LF:24
LH:21
BRDA:5,0,0,1
BRDA:5,0,1,6
BRDA:15,1,0,1
BRDA:15,1,1,5
BRDA:15,2,0,6
BRDA:15,2,1,5
BRDA:35,3,0,1
BRDA:35,3,1,4
BRDA:44,4,0,1
BRDA:44,4,1,3
BRDA:52,5,0,1
BRDA:52,5,1,2
BRDA:52,6,0,3
BRDA:52,6,1,3
BRF:14
BRH:14
end_of_record
TN:
SF:netlify/functions/sites-list.js
FN:4,handler
FN:39,(anonymous_1)
FNF:2
FNH:2
FNDA:3,handler
FNDA:2,(anonymous_1)
DA:5,3
DA:6,0
DA:16,3
DA:17,0
DA:24,3
DA:25,3
DA:26,1
DA:32,2
DA:33,2
DA:34,2
DA:35,2
DA:38,2
DA:40,2
DA:41,2
DA:42,2
DA:46,2
DA:47,2
DA:58,0
DA:59,0
DA:66,1
LF:20
LH:16
BRDA:5,0,0,0
BRDA:5,0,1,3
BRDA:16,1,0,0
BRDA:16,1,1,3
BRDA:25,2,0,1
BRDA:25,2,1,2
BRF:6
BRH:4
end_of_record
TN:
SF:netlify/functions/sites-share.js
FN:4,handler
FNF:1
FNH:0
FNDA:0,handler
DA:5,0
DA:6,0
DA:17,0
DA:18,0
DA:19,0
DA:25,0
DA:28,0
DA:29,0
DA:30,0
DA:32,0
DA:33,0
DA:40,0
DA:41,0
DA:42,0
DA:48,0
DA:50,0
DA:60,0
DA:61,0
DA:62,0
DA:64,0
DA:65,0
DA:72,0
DA:73,0
DA:74,0
DA:81,0
DA:82,0
DA:83,0
DA:84,0
DA:85,0
DA:86,0
DA:87,0
DA:88,0
DA:90,0
DA:93,0
DA:99,0
DA:101,0
DA:114,0
DA:115,0
DA:123,0
DA:124,0
DA:125,0
DA:127,0
DA:128,0
DA:134,0
DA:136,0
DA:137,0
DA:143,0
DA:152,0
DA:158,0
LF:49
LH:0
BRDA:5,0,0,0
BRDA:5,0,1,0
BRDA:18,1,0,0
BRDA:18,1,1,0
BRDA:28,2,0,0
BRDA:28,2,1,0
BRDA:32,3,0,0
BRDA:32,3,1,0
BRDA:41,4,0,0
BRDA:41,4,1,0
BRDA:60,5,0,0
BRDA:60,5,1,0
BRDA:64,6,0,0
BRDA:64,6,1,0
BRDA:73,7,0,0
BRDA:73,7,1,0
BRDA:82,8,0,0
BRDA:82,8,1,0
BRDA:84,9,0,0
BRDA:84,9,1,0
BRDA:84,9,2,0
BRDA:84,9,3,0
BRDA:90,10,0,0
BRDA:90,10,1,0
BRDA:95,11,0,0
BRDA:95,11,1,0
BRDA:123,12,0,0
BRDA:123,12,1,0
BRDA:127,13,0,0
BRDA:127,13,1,0
BRDA:136,14,0,0
BRDA:136,14,1,0
BRF:32
BRH:0
end_of_record
TN:
SF:netlify/functions/sites-update.js
FN:4,handler
FNF:1
FNH:1
FNDA:10,handler
DA:5,10
DA:6,1
DA:12,9
DA:14,9
DA:15,9
DA:16,1
DA:22,8
DA:24,8
DA:25,8
DA:27,0
DA:33,8
DA:35,8
DA:36,1
DA:43,7
DA:44,7
DA:45,1
DA:51,6
DA:52,6
DA:53,1
DA:60,5
DA:61,5
DA:62,2
DA:64,5
DA:65,3
DA:68,5
DA:70,5
DA:76,0
DA:77,0
DA:84,1
LF:29
LH:26
BRDA:5,0,0,1
BRDA:5,0,1,9
BRDA:15,1,0,1
BRDA:15,1,1,8
BRDA:15,2,0,9
BRDA:15,2,1,8
BRDA:35,3,0,1
BRDA:35,3,1,7
BRDA:44,4,0,1
BRDA:44,4,1,6
BRDA:52,5,0,1
BRDA:52,5,1,5
BRDA:52,6,0,6
BRDA:52,6,1,6
BRDA:61,7,0,2
BRDA:61,7,1,3
BRDA:64,8,0,3
BRDA:64,8,1,2
BRDA:65,9,0,3
BRDA:65,9,1,1
BRF:20
BRH:20
end_of_record
TN:
SF:netlify/functions/stats-api.js
FN:41,extractApiKey
FN:58,parseMetrics
FN:64,(anonymous_2)
FN:64,(anonymous_3)
FN:65,(anonymous_4)
FN:74,parseFilters
FN:79,(anonymous_6)
FN:92,calculateDateRange
FN:139,transformStatsData
FN:150,(anonymous_9)
FN:153,(anonymous_10)
FN:184,transformPropertyBreakdown
FN:217,(anonymous_12)
FN:221,(anonymous_13)
FN:228,(anonymous_14)
FN:238,applyFilters
FN:277,handler
FNF:17
FNH:16
FNDA:137,extractApiKey
FNDA:129,parseMetrics
FNDA:11,(anonymous_2)
FNDA:11,(anonymous_3)
FNDA:11,(anonymous_4)
FNDA:129,parseFilters
FNDA:4,(anonymous_6)
FNDA:129,calculateDateRange
FNDA:127,transformStatsData
FNDA:840,(anonymous_9)
FNDA:1659,(anonymous_10)
FNDA:6,transformPropertyBreakdown
FNDA:21,(anonymous_12)
FNDA:42,(anonymous_13)
FNDA:15,(anonymous_14)
FNDA:0,applyFilters
FNDA:139,handler
DA:26,1
DA:29,1
DA:32,1
DA:35,1
DA:36,1
DA:42,137
DA:43,137
DA:44,1
DA:47,136
DA:48,136
DA:49,1
DA:52,135
DA:59,129
DA:61,122
DA:64,11
DA:65,11
DA:67,7
DA:75,129
DA:76,126
DA:79,3
DA:80,4
DA:81,4
DA:93,129
DA:94,129
DA:96,129
DA:97,2
DA:98,1
DA:100,1
DA:101,1
DA:107,127
DA:109,1
DA:110,1
DA:112,1
DA:113,1
DA:115,122
DA:116,122
DA:118,1
DA:119,1
DA:121,1
DA:122,1
DA:124,1
DA:125,1
DA:127,0
DA:130,127
DA:141,127
DA:142,6
DA:146,121
DA:147,1
DA:150,120
DA:151,840
DA:153,840
DA:154,1659
DA:156,819
DA:157,819
DA:159,819
DA:160,819
DA:162,14
DA:163,14
DA:164,14
DA:165,14
DA:167,7
DA:168,7
DA:170,0
DA:171,0
DA:172,0
DA:173,0
DA:177,840
DA:185,6
DA:188,6
DA:190,1
DA:191,1
DA:193,1
DA:194,1
DA:196,1
DA:197,1
DA:199,1
DA:200,1
DA:202,1
DA:203,1
DA:205,1
DA:206,1
DA:208,0
DA:212,6
DA:213,0
DA:217,6
DA:218,21
DA:219,21
DA:221,21
DA:222,42
DA:223,42
DA:227,21
DA:230,15
DA:231,15
DA:239,0
DA:240,0
DA:243,0
DA:245,0
DA:246,0
DA:248,0
DA:249,0
DA:251,0
DA:252,0
DA:253,0
DA:254,0
DA:255,0
DA:257,0
DA:259,0
DA:260,0
DA:261,0
DA:266,0
DA:267,0
DA:271,0
DA:279,139
DA:280,1
DA:291,138
DA:292,1
DA:301,137
DA:303,137
DA:304,137
DA:305,2
DA:315,135
DA:316,135
DA:317,1
DA:327,134
DA:328,134
DA:333,134
DA:334,2
DA:338,132
DA:339,132
DA:340,132
DA:341,132
DA:342,132
DA:343,132
DA:344,132
DA:345,132
DA:348,132
DA:349,1
DA:360,131
DA:361,1
DA:374,130
DA:375,0
DA:388,130
DA:389,130
DA:390,1
DA:401,129
DA:402,129
DA:406,129
DA:407,129
DA:409,1
DA:421,128
DA:422,1
DA:424,1
DA:433,127
DA:437,127
DA:440,127
DA:446,127
DA:447,1
DA:448,1
DA:451,127
DA:452,6
DA:455,127
DA:456,3
DA:460,127
DA:473,1
DA:474,1
DA:487,1
LF:166
LH:139
BRDA:42,0,0,137
BRDA:42,0,1,1
BRDA:43,1,0,1
BRDA:43,1,1,136
BRDA:48,2,0,1
BRDA:48,2,1,135
BRDA:48,3,0,136
BRDA:48,3,1,135
BRDA:59,4,0,122
BRDA:59,4,1,7
BRDA:67,5,0,7
BRDA:67,5,1,0
BRDA:75,6,0,126
BRDA:75,6,1,3
BRDA:96,7,0,2
BRDA:96,7,1,127
BRDA:97,8,0,1
BRDA:97,8,1,1
BRDA:97,9,0,2
BRDA:97,9,1,1
BRDA:107,10,0,1
BRDA:107,10,1,1
BRDA:107,10,2,122
BRDA:107,10,3,1
BRDA:107,10,4,1
BRDA:107,10,5,1
BRDA:107,10,6,0
BRDA:141,11,0,6
BRDA:141,11,1,121
BRDA:146,12,0,1
BRDA:146,12,1,120
BRDA:146,13,0,121
BRDA:146,13,1,121
BRDA:154,14,0,819
BRDA:154,14,1,819
BRDA:154,14,2,14
BRDA:154,14,3,7
BRDA:154,14,4,0
BRDA:156,15,0,819
BRDA:156,15,1,0
BRDA:159,16,0,819
BRDA:159,16,1,0
BRDA:162,17,0,14
BRDA:162,17,1,0
BRDA:163,18,0,14
BRDA:163,18,1,0
BRDA:167,19,0,7
BRDA:167,19,1,0
BRDA:170,20,0,0
BRDA:170,20,1,0
BRDA:171,21,0,0
BRDA:171,21,1,0
BRDA:172,22,0,0
BRDA:172,22,1,0
BRDA:188,23,0,1
BRDA:188,23,1,1
BRDA:188,23,2,1
BRDA:188,23,3,1
BRDA:188,23,4,1
BRDA:188,23,5,1
BRDA:188,23,6,0
BRDA:190,24,0,1
BRDA:190,24,1,0
BRDA:193,25,0,1
BRDA:193,25,1,0
BRDA:196,26,0,1
BRDA:196,26,1,0
BRDA:199,27,0,1
BRDA:199,27,1,0
BRDA:202,28,0,1
BRDA:202,28,1,0
BRDA:205,29,0,1
BRDA:205,29,1,0
BRDA:212,30,0,0
BRDA:212,30,1,6
BRDA:212,31,0,6
BRDA:212,31,1,6
BRDA:222,32,0,42
BRDA:222,32,1,0
BRDA:222,33,0,42
BRDA:222,33,1,21
BRDA:230,34,0,15
BRDA:230,34,1,0
BRDA:231,35,0,15
BRDA:231,35,1,0
BRDA:231,36,0,15
BRDA:231,36,1,0
BRDA:239,37,0,0
BRDA:239,37,1,0
BRDA:239,38,0,0
BRDA:239,38,1,0
BRDA:249,39,0,0
BRDA:249,39,1,0
BRDA:249,40,0,0
BRDA:249,40,1,0
BRDA:253,41,0,0
BRDA:253,41,1,0
BRDA:257,42,0,0
BRDA:257,42,1,0
BRDA:259,43,0,0
BRDA:259,43,1,0
BRDA:266,44,0,0
BRDA:266,44,1,0
BRDA:279,45,0,1
BRDA:279,45,1,138
BRDA:291,46,0,1
BRDA:291,46,1,137
BRDA:304,47,0,2
BRDA:304,47,1,135
BRDA:316,48,0,1
BRDA:316,48,1,134
BRDA:333,49,0,2
BRDA:333,49,1,132
BRDA:340,50,0,132
BRDA:340,50,1,0
BRDA:348,51,0,1
BRDA:348,51,1,131
BRDA:360,52,0,1
BRDA:360,52,1,130
BRDA:374,53,0,0
BRDA:374,53,1,130
BRDA:374,54,0,130
BRDA:374,54,1,6
BRDA:389,55,0,1
BRDA:389,55,1,129
BRDA:421,56,0,1
BRDA:421,56,1,127
BRDA:446,57,0,1
BRDA:446,57,1,126
BRDA:451,58,0,6
BRDA:451,58,1,121
BRDA:455,59,0,3
BRDA:455,59,1,124
BRDA:476,60,0,0
BRDA:476,60,1,1
BRF:135
BRH:90
end_of_record
TN:
SF:netlify/functions/stats.js
FN:5,handler
FNF:1
FNH:1
FNDA:9,handler
DA:7,9
DA:8,0
DA:18,9
DA:19,0
DA:26,9
DA:27,9
DA:28,1
DA:34,8
DA:35,8
DA:36,8
DA:37,8
DA:38,8
DA:39,8
DA:41,8
DA:42,1
DA:49,7
DA:50,7
DA:51,0
DA:60,7
DA:61,1
DA:62,1
DA:64,6
DA:65,6
DA:67,6
DA:69,0
DA:70,0
DA:72,6
DA:73,6
DA:75,0
DA:76,0
DA:78,0
DA:79,0
DA:81,0
DA:82,0
DA:84,0
DA:89,7
DA:90,7
DA:93,7
DA:95,7
DA:103,0
DA:104,0
DA:111,1
LF:42
LH:28
BRDA:7,0,0,0
BRDA:7,0,1,9
BRDA:18,1,0,0
BRDA:18,1,1,9
BRDA:27,2,0,1
BRDA:27,2,1,8
BRDA:37,3,0,8
BRDA:37,3,1,1
BRDA:41,4,0,1
BRDA:41,4,1,7
BRDA:50,5,0,0
BRDA:50,5,1,7
BRDA:60,6,0,1
BRDA:60,6,1,6
BRDA:60,7,0,7
BRDA:60,7,1,1
BRDA:67,8,0,0
BRDA:67,8,1,6
BRDA:67,8,2,0
BRDA:67,8,3,0
BRDA:67,8,4,0
BRDA:67,8,5,0
BRF:22
BRH:14
end_of_record
TN:
SF:netlify/functions/stripe-checkout.js
FN:7,handler
FNF:1
FNH:1
FNDA:6,handler
DA:5,1
DA:8,6
DA:9,1
DA:19,5
DA:20,1
DA:27,4
DA:28,4
DA:29,1
DA:35,3
DA:36,3
DA:39,3
DA:40,1
DA:47,2
DA:65,2
DA:73,0
DA:74,0
DA:81,1
LF:17
LH:15
BRDA:8,0,0,1
BRDA:8,0,1,5
BRDA:19,1,0,1
BRDA:19,1,1,4
BRDA:28,2,0,1
BRDA:28,2,1,3
BRDA:39,3,0,1
BRDA:39,3,1,2
BRDA:39,4,0,3
BRDA:39,4,1,1
BRDA:57,5,0,2
BRDA:57,5,1,0
BRDA:58,6,0,2
BRDA:58,6,1,0
BRF:14
BRH:12
end_of_record
TN:
SF:netlify/functions/stripe-portal.js
FN:7,handler
FNF:1
FNH:1
FNDA:3,handler
DA:5,1
DA:8,3
DA:9,0
DA:19,3
DA:20,0
DA:27,3
DA:28,3
DA:29,1
DA:35,2
DA:36,2
DA:38,2
DA:39,1
DA:46,1
DA:51,1
DA:59,0
DA:60,0
DA:67,1
LF:17
LH:13
BRDA:8,0,0,0
BRDA:8,0,1,3
BRDA:19,1,0,0
BRDA:19,1,1,3
BRDA:28,2,0,1
BRDA:28,2,1,2
BRDA:38,3,0,1
BRDA:38,3,1,1
BRDA:38,4,0,2
BRDA:38,4,1,1
BRDA:48,5,0,1
BRDA:48,5,1,0
BRF:12
BRH:9
end_of_record
TN:
SF:netlify/functions/stripe-webhook.js
FN:7,handler
FNF:1
FNH:1
FNDA:8,handler
DA:4,1
DA:5,1
DA:8,8
DA:9,1
DA:15,7
DA:16,7
DA:20,7
DA:21,7
DA:23,1
DA:24,1
DA:30,6
DA:31,6
DA:33,2
DA:34,2
DA:36,2
DA:37,2
DA:45,2
DA:47,2
DA:51,1
DA:55,1
DA:56,1
DA:60,1
DA:61,1
DA:63,1
DA:67,1
DA:68,1
DA:70,1
DA:74,1
DA:77,6
DA:82,0
DA:83,0
DA:90,1
LF:32
LH:30
BRDA:8,0,0,1
BRDA:8,0,1,7
BRDA:31,1,0,2
BRDA:31,1,1,1
BRDA:31,1,2,1
BRDA:31,1,3,1
BRDA:31,1,4,1
BRDA:34,2,0,2
BRDA:34,2,1,0
BRDA:36,3,0,2
BRDA:36,3,1,0
BRF:11
BRH:9
end_of_record
TN:
SF:netlify/functions/teams.js
FN:22,handler
FNF:1
FNH:1
FNDA:34,handler
DA:23,34
DA:24,1
DA:35,33
DA:36,33
DA:37,4
DA:43,29
DA:44,29
DA:45,29
DA:48,29
DA:49,5
DA:51,5
DA:52,5
DA:54,3
DA:55,3
DA:56,1
DA:62,2
DA:63,2
DA:64,2
DA:67,2
DA:69,2
DA:85,2
DA:87,2
DA:97,0
DA:98,0
DA:106,24
DA:107,13
DA:108,13
DA:109,13
DA:112,13
DA:113,2
DA:115,2
DA:125,11
DA:126,7
DA:127,1
DA:134,6
DA:135,6
DA:136,1
DA:142,5
DA:145,5
DA:146,2
DA:152,3
DA:154,3
DA:155,0
DA:162,3
DA:163,3
DA:165,3
DA:184,4
DA:185,3
DA:186,1
DA:193,2
DA:194,2
DA:195,1
DA:201,1
DA:203,1
DA:204,0
DA:210,1
DA:219,1
DA:225,0
DA:226,0
DA:234,11
DA:235,5
DA:236,5
DA:237,5
DA:239,5
DA:240,1
DA:247,4
DA:248,1
DA:250,1
DA:251,0
DA:257,1
DA:267,3
DA:268,2
DA:269,1
DA:275,1
DA:277,1
DA:278,0
DA:284,1
DA:293,1
DA:299,0
DA:300,0
DA:308,6
DA:309,5
DA:310,5
DA:311,5
DA:312,5
DA:314,5
DA:315,1
DA:321,4
DA:323,4
DA:324,1
DA:326,1
DA:327,0
DA:333,1
DA:343,3
DA:344,1
DA:346,1
DA:347,0
DA:353,1
DA:363,2
DA:364,1
DA:366,1
DA:367,0
DA:373,1
DA:382,1
DA:388,0
DA:389,0
DA:396,1
DA:402,1
LF:108
LH:93
BRDA:23,0,0,1
BRDA:23,0,1,33
BRDA:36,1,0,4
BRDA:36,1,1,29
BRDA:48,2,0,5
BRDA:48,2,1,24
BRDA:52,3,0,3
BRDA:52,3,1,2
BRDA:55,4,0,1
BRDA:55,4,1,2
BRDA:64,5,0,1
BRDA:64,5,1,1
BRDA:64,6,0,2
BRDA:64,6,1,1
BRDA:106,7,0,13
BRDA:106,7,1,11
BRDA:112,8,0,2
BRDA:112,8,1,11
BRDA:112,9,0,13
BRDA:112,9,1,12
BRDA:112,9,2,1
BRDA:112,9,3,1
BRDA:125,10,0,7
BRDA:125,10,1,4
BRDA:126,11,0,1
BRDA:126,11,1,6
BRDA:126,12,0,7
BRDA:126,12,1,6
BRDA:135,13,0,1
BRDA:135,13,1,5
BRDA:135,14,0,6
BRDA:135,14,1,2
BRDA:142,15,0,5
BRDA:142,15,1,1
BRDA:145,16,0,2
BRDA:145,16,1,3
BRDA:145,17,0,5
BRDA:145,17,1,4
BRDA:154,18,0,0
BRDA:154,18,1,3
BRDA:184,19,0,3
BRDA:184,19,1,1
BRDA:185,20,0,1
BRDA:185,20,1,2
BRDA:185,21,0,3
BRDA:185,21,1,2
BRDA:194,22,0,1
BRDA:194,22,1,1
BRDA:203,23,0,0
BRDA:203,23,1,1
BRDA:234,24,0,5
BRDA:234,24,1,6
BRDA:239,25,0,1
BRDA:239,25,1,4
BRDA:247,26,0,1
BRDA:247,26,1,3
BRDA:247,27,0,4
BRDA:247,27,1,3
BRDA:250,28,0,0
BRDA:250,28,1,1
BRDA:267,29,0,2
BRDA:267,29,1,1
BRDA:268,30,0,1
BRDA:268,30,1,1
BRDA:268,31,0,2
BRDA:268,31,1,1
BRDA:277,32,0,0
BRDA:277,32,1,1
BRDA:308,33,0,5
BRDA:308,33,1,1
BRDA:314,34,0,1
BRDA:314,34,1,4
BRDA:323,35,0,1
BRDA:323,35,1,3
BRDA:326,36,0,0
BRDA:326,36,1,1
BRDA:343,37,0,1
BRDA:343,37,1,2
BRDA:346,38,0,0
BRDA:346,38,1,1
BRDA:363,39,0,1
BRDA:363,39,1,1
BRDA:366,40,0,0
BRDA:366,40,1,1
BRF:84
BRH:77
end_of_record
TN:
SF:netlify/functions/track.js
FN:7,isBot
FN:23,(anonymous_1)
FN:27,validateOrigin
FN:45,getAllowedOrigin
FN:53,extractReferrerDomain
FN:63,handler
FN:115,handleBatch
FN:160,(anonymous_7)
FN:172,(anonymous_8)
FN:187,parseEvent
FN:255,handleSingleEvent
FNF:11
FNH:8
FNDA:6,isBot
FNDA:234,(anonymous_1)
FNDA:7,validateOrigin
FNDA:7,getAllowedOrigin
FNDA:2,extractReferrerDomain
FNDA:11,handler
FNDA:0,handleBatch
FNDA:0,(anonymous_7)
FNDA:0,(anonymous_8)
FNDA:6,parseEvent
FNDA:9,handleSingleEvent
DA:8,6
DA:10,6
DA:22,6
DA:23,234
DA:28,7
DA:30,7
DA:31,7
DA:32,7
DA:33,7
DA:36,7
DA:40,0
DA:46,7
DA:47,6
DA:49,1
DA:54,2
DA:55,0
DA:56,0
DA:57,0
DA:59,0
DA:64,11
DA:67,11
DA:68,1
DA:78,10
DA:79,1
DA:86,9
DA:87,9
DA:88,9
DA:90,9
DA:91,0
DA:94,9
DA:95,9
DA:96,9
DA:99,9
DA:100,0
DA:104,9
DA:106,0
DA:107,0
DA:116,0
DA:117,0
DA:124,0
DA:125,0
DA:126,0
DA:133,0
DA:134,0
DA:135,0
DA:142,0
DA:143,0
DA:146,0
DA:147,0
DA:154,0
DA:160,0
DA:161,0
DA:162,0
DA:172,0
DA:175,0
DA:176,0
DA:177,0
DA:180,0
DA:188,6
DA:189,6
DA:190,6
DA:191,6
DA:193,6
DA:195,2
DA:196,2
DA:207,2
DA:210,1
DA:211,1
DA:215,1
DA:219,1
DA:222,2
DA:223,2
DA:233,2
DA:236,1
DA:237,1
DA:241,1
DA:244,0
DA:245,0
DA:251,6
DA:256,9
DA:258,9
DA:259,1
DA:266,8
DA:267,8
DA:268,1
DA:275,7
DA:276,7
DA:277,7
DA:278,1
DA:279,1
DA:289,6
DA:290,6
DA:293,6
DA:294,0
DA:304,6
DA:310,6
DA:313,6
DA:325,6
DA:326,0
DA:327,0
DA:334,6
DA:336,6
DA:345,1
LF:103
LH:68
BRDA:8,0,0,0
BRDA:8,0,1,6
BRDA:28,1,0,0
BRDA:28,1,1,7
BRDA:36,2,0,7
BRDA:36,2,1,1
BRDA:36,2,2,1
BRDA:46,3,0,6
BRDA:46,3,1,1
BRDA:54,4,0,2
BRDA:54,4,1,0
BRDA:67,5,0,1
BRDA:67,5,1,10
BRDA:71,6,0,1
BRDA:71,6,1,0
BRDA:78,7,0,1
BRDA:78,7,1,9
BRDA:86,8,0,9
BRDA:86,8,1,2
BRDA:86,8,2,2
BRDA:90,9,0,0
BRDA:90,9,1,9
BRDA:99,10,0,0
BRDA:99,10,1,9
BRDA:99,11,0,9
BRDA:99,11,1,0
BRDA:116,12,0,0
BRDA:116,12,1,0
BRDA:125,13,0,0
BRDA:125,13,1,0
BRDA:134,14,0,0
BRDA:134,14,1,0
BRDA:134,15,0,0
BRDA:134,15,1,0
BRDA:142,16,0,0
BRDA:142,16,1,0
BRDA:142,16,2,0
BRDA:143,17,0,0
BRDA:143,17,1,0
BRDA:146,18,0,0
BRDA:146,18,1,0
BRDA:149,19,0,0
BRDA:149,19,1,0
BRDA:155,20,0,0
BRDA:155,20,1,0
BRDA:156,21,0,0
BRDA:156,21,1,0
BRDA:167,22,0,0
BRDA:167,22,1,0
BRDA:175,23,0,0
BRDA:175,23,1,0
BRDA:182,24,0,0
BRDA:182,24,1,0
BRDA:193,25,0,2
BRDA:193,25,1,1
BRDA:193,25,2,2
BRDA:193,25,3,1
BRDA:193,25,4,0
BRDA:197,26,0,2
BRDA:197,26,1,0
BRDA:199,27,0,2
BRDA:199,27,1,2
BRDA:200,28,0,2
BRDA:200,28,1,2
BRDA:201,29,0,2
BRDA:201,29,1,2
BRDA:212,30,0,1
BRDA:212,30,1,0
BRDA:216,31,0,1
BRDA:216,31,1,1
BRDA:217,32,0,1
BRDA:217,32,1,0
BRDA:222,33,0,2
BRDA:222,33,1,0
BRDA:224,34,0,2
BRDA:224,34,1,2
BRDA:238,35,0,1
BRDA:238,35,1,0
BRDA:246,36,0,0
BRDA:246,36,1,0
BRDA:258,37,0,1
BRDA:258,37,1,8
BRDA:267,38,0,1
BRDA:267,38,1,7
BRDA:277,39,0,1
BRDA:277,39,1,6
BRDA:277,40,0,7
BRDA:277,40,1,1
BRDA:289,41,0,6
BRDA:289,41,1,0
BRDA:289,41,2,0
BRDA:290,42,0,6
BRDA:290,42,1,0
BRDA:293,43,0,0
BRDA:293,43,1,6
BRDA:298,44,0,0
BRDA:298,44,1,0
BRDA:305,45,0,6
BRDA:305,45,1,6
BRDA:306,46,0,6
BRDA:306,46,1,6
BRDA:318,47,0,6
BRDA:318,47,1,6
BRDA:325,48,0,0
BRDA:325,48,1,6
BRDA:340,49,0,6
BRDA:340,49,1,0
BRF:107
BRH:57
end_of_record
TN:
SF:netlify/functions/user-sessions.js
FN:4,handler
FN:36,(anonymous_1)
FN:72,(anonymous_2)
FN:129,maskIP
FNF:4
FNH:0
FNDA:0,handler
FNDA:0,(anonymous_1)
FNDA:0,(anonymous_2)
FNDA:0,maskIP
DA:5,0
DA:6,0
DA:17,0
DA:18,0
DA:19,0
DA:25,0
DA:28,0
DA:29,0
DA:30,0
DA:33,0
DA:35,0
DA:36,0
DA:53,0
DA:54,0
DA:62,0
DA:63,0
DA:64,0
DA:65,0
DA:67,0
DA:68,0
DA:70,0
DA:71,0
DA:72,0
DA:74,0
DA:76,0
DA:87,0
DA:89,0
DA:91,0
DA:92,0
DA:98,0
DA:107,0
DA:114,0
DA:115,0
DA:122,0
DA:130,0
DA:131,0
DA:132,0
DA:133,0
DA:135,0
DA:138,0
LF:40
LH:0
BRDA:5,0,0,0
BRDA:5,0,1,0
BRDA:18,1,0,0
BRDA:18,1,1,0
BRDA:28,2,0,0
BRDA:28,2,1,0
BRDA:33,3,0,0
BRDA:33,3,1,0
BRDA:62,4,0,0
BRDA:62,4,1,0
BRDA:68,5,0,0
BRDA:68,5,1,0
BRDA:70,6,0,0
BRDA:70,6,1,0
BRDA:87,7,0,0
BRDA:87,7,1,0
BRDA:91,8,0,0
BRDA:91,8,1,0
BRDA:130,9,0,0
BRDA:130,9,1,0
BRDA:130,10,0,0
BRDA:130,10,1,0
BRDA:132,11,0,0
BRDA:132,11,1,0
BRF:24
BRH:0
end_of_record
TN:
SF:netlify/functions/user-status.js
FN:4,handler
FNF:1
FNH:0
FNDA:0,handler
DA:5,0
DA:6,0
DA:16,0
DA:17,0
DA:24,0
DA:25,0
DA:26,0
DA:32,0
DA:33,0
DA:34,0
DA:35,0
DA:41,0
DA:43,0
DA:63,0
DA:64,0
DA:71,0
LF:16
LH:0
BRDA:5,0,0,0
BRDA:5,0,1,0
BRDA:16,1,0,0
BRDA:16,1,1,0
BRDA:25,2,0,0
BRDA:25,2,1,0
BRDA:34,3,0,0
BRDA:34,3,1,0
BRDA:51,4,0,0
BRDA:51,4,1,0
BRF:10
BRH:0
end_of_record
TN:
SF:netlify/functions/webhooks.js
FN:4,handler
FN:288,signPayload
FN:303,(anonymous_2)
FNF:3
FNH:1
FNDA:23,handler
FNDA:0,signPayload
FNDA:0,(anonymous_2)
DA:5,23
DA:6,1
DA:17,22
DA:18,22
DA:19,2
DA:25,20
DA:26,20
DA:29,20
DA:30,3
DA:32,3
DA:33,1
DA:40,2
DA:41,2
DA:42,1
DA:48,1
DA:49,1
DA:51,1
DA:63,0
DA:64,0
DA:72,17
DA:73,10
DA:74,10
DA:77,10
DA:78,0
DA:79,0
DA:81,0
DA:82,0
DA:89,0
DA:99,0
DA:100,0
DA:101,0
DA:111,0
DA:112,0
DA:114,0
DA:127,0
DA:128,0
DA:142,10
DA:144,10
DA:145,1
DA:152,9
DA:153,9
DA:155,1
DA:162,8
DA:163,1
DA:170,7
DA:171,7
DA:172,1
DA:178,6
DA:184,6
DA:196,0
DA:197,0
DA:205,7
DA:206,3
DA:207,3
DA:208,3
DA:210,3
DA:211,1
DA:217,2
DA:219,2
DA:220,1
DA:226,1
DA:235,0
DA:236,0
DA:244,4
DA:245,3
DA:247,3
DA:248,1
DA:254,2
DA:255,2
DA:257,2
DA:258,1
DA:264,1
DA:273,0
DA:274,0
DA:281,1
DA:289,0
DA:290,0
DA:297,0
DA:302,0
DA:303,0
DA:307,1
LF:81
LH:55
BRDA:5,0,0,1
BRDA:5,0,1,22
BRDA:18,1,0,2
BRDA:18,1,1,20
BRDA:29,2,0,3
BRDA:29,2,1,17
BRDA:32,3,0,1
BRDA:32,3,1,2
BRDA:41,4,0,1
BRDA:41,4,1,1
BRDA:72,5,0,10
BRDA:72,5,1,7
BRDA:77,6,0,0
BRDA:77,6,1,10
BRDA:81,7,0,0
BRDA:81,7,1,0
BRDA:81,8,0,0
BRDA:81,8,1,0
BRDA:117,9,0,0
BRDA:117,9,1,0
BRDA:144,10,0,1
BRDA:144,10,1,9
BRDA:144,11,0,10
BRDA:144,11,1,9
BRDA:162,12,0,1
BRDA:162,12,1,7
BRDA:171,13,0,1
BRDA:171,13,1,6
BRDA:180,14,0,6
BRDA:180,14,1,1
BRDA:205,15,0,3
BRDA:205,15,1,4
BRDA:210,16,0,1
BRDA:210,16,1,2
BRDA:219,17,0,1
BRDA:219,17,1,1
BRDA:244,18,0,3
BRDA:244,18,1,1
BRDA:247,19,0,1
BRDA:247,19,1,2
BRDA:257,20,0,1
BRDA:257,20,1,1
BRF:42
BRH:35
end_of_record
TN:
SF:netlify/functions/lib/auth.js
FN:21,errorResponse
FN:48,(anonymous_1)
FN:49,(anonymous_2)
FN:50,(anonymous_3)
FN:51,(anonymous_4)
FN:52,(anonymous_5)
FN:53,(anonymous_6)
FN:54,(anonymous_7)
FN:55,(anonymous_8)
FN:59,hashPassword
FN:64,verifyPassword
FN:69,createToken
FN:74,verifyToken
FN:87,getTokenFromHeader
FN:98,authenticateRequest
FNF:15
FNH:10
FNDA:11,errorResponse
FNDA:0,(anonymous_1)
FNDA:6,(anonymous_2)
FNDA:0,(anonymous_3)
FNDA:0,(anonymous_4)
FNDA:3,(anonymous_5)
FNDA:2,(anonymous_6)
FNDA:0,(anonymous_7)
FNDA:0,(anonymous_8)
FNDA:7,hashPassword
FNDA:3,verifyPassword
FNDA:6,createToken
FNDA:190,verifyToken
FNDA:214,getTokenFromHeader
FNDA:214,authenticateRequest
DA:4,14
DA:5,14
DA:8,14
DA:22,11
DA:33,11
DA:34,0
DA:37,11
DA:47,14
DA:48,0
DA:49,6
DA:50,0
DA:51,0
DA:52,3
DA:53,2
DA:54,0
DA:55,0
DA:60,7
DA:65,3
DA:70,6
DA:75,190
DA:76,190
DA:79,1
DA:80,0
DA:82,1
DA:88,214
DA:89,214
DA:91,190
DA:92,190
DA:94,190
DA:99,214
DA:100,214
DA:101,24
DA:104,190
DA:105,190
DA:106,1
DA:110,189
DA:111,0
DA:114,189
LF:38
LH:30
BRDA:4,0,0,14
BRDA:4,0,1,2
BRDA:21,1,0,0
BRDA:21,2,0,0
BRDA:21,3,0,9
BRDA:24,4,0,11
BRDA:24,4,1,0
BRDA:24,5,0,0
BRDA:24,5,1,0
BRDA:25,6,0,0
BRDA:25,6,1,0
BRDA:26,7,0,0
BRDA:26,7,1,0
BRDA:27,8,0,0
BRDA:27,8,1,0
BRDA:28,9,0,0
BRDA:28,9,1,0
BRDA:29,10,0,0
BRDA:29,10,1,0
BRDA:33,11,0,0
BRDA:33,11,1,11
BRDA:49,12,0,0
BRDA:50,13,0,0
BRDA:51,14,0,0
BRDA:53,15,0,2
BRDA:54,16,0,0
BRDA:79,17,0,0
BRDA:79,17,1,1
BRDA:88,18,0,214
BRDA:88,18,1,80
BRDA:89,19,0,24
BRDA:89,19,1,190
BRDA:92,20,0,0
BRDA:92,20,1,190
BRDA:92,21,0,190
BRDA:92,21,1,190
BRDA:100,22,0,24
BRDA:100,22,1,190
BRDA:105,23,0,1
BRDA:105,23,1,189
BRDA:110,24,0,0
BRDA:110,24,1,189
BRF:42
BRH:19
end_of_record
TN:
SF:netlify/functions/lib/email.js
FN:14,getPasswordResetEmailHtml
FN:72,getPasswordResetEmailText
FN:91,sendViaResend
FN:112,sendViaSendGrid
FN:130,sendPasswordResetEmail
FNF:5
FNH:5
FNDA:9,getPasswordResetEmailHtml
FNDA:9,getPasswordResetEmailText
FNDA:7,sendViaResend
FNDA:4,sendViaSendGrid
FNDA:9,sendPasswordResetEmail
DA:5,9
DA:6,9
DA:7,4
DA:10,9
DA:11,9
DA:15,9
DA:73,9
DA:92,7
DA:93,0
DA:96,7
DA:104,5
DA:105,1
DA:108,4
DA:113,4
DA:114,0
DA:117,4
DA:125,4
DA:126,3
DA:131,9
DA:132,9
DA:133,9
DA:136,9
DA:137,7
DA:138,7
DA:139,4
DA:140,4
DA:142,3
DA:147,5
DA:148,4
DA:149,4
DA:150,3
DA:151,3
DA:153,1
DA:154,1
DA:158,1
LF:35
LH:33
BRDA:5,0,0,7
BRDA:5,0,1,2
BRDA:6,1,0,4
BRDA:6,1,1,5
BRDA:10,2,0,9
BRDA:10,2,1,8
BRDA:92,3,0,0
BRDA:92,3,1,7
BRDA:104,4,0,1
BRDA:104,4,1,4
BRDA:113,5,0,0
BRDA:113,5,1,4
BRDA:136,6,0,7
BRDA:136,6,1,2
BRDA:147,7,0,4
BRDA:147,7,1,1
BRF:16
BRH:14
end_of_record
TN:
SF:netlify/functions/lib/hash.js
FN:4,getDailySalt
FN:11,hashVisitor
FN:18,generateSiteId
FN:23,generateApiKey
FNF:4
FNH:4
FNDA:13,getDailySalt
FNDA:9,hashVisitor
FNDA:106,generateSiteId
FNDA:102,generateApiKey
DA:5,13
DA:6,13
DA:7,13
DA:12,9
DA:13,9
DA:14,9
DA:19,106
DA:24,102
LF:8
LH:8
BRDA:6,0,0,13
BRDA:6,0,1,12
BRF:2
BRH:2
end_of_record
TN:
SF:netlify/functions/lib/rate-limit.js
FN:14,cleanup
FN:35,checkRateLimit
FN:71,rateLimitHeaders
FN:82,rateLimitResponse
FN:99,hashIP
FNF:5
FNH:5
FNDA:19,cleanup
FNDA:19,checkRateLimit
FNDA:1,rateLimitHeaders
FNDA:1,rateLimitResponse
FNDA:19,hashIP
DA:8,2
DA:11,2
DA:12,2
DA:15,19
DA:16,19
DA:18,0
DA:19,0
DA:20,0
DA:21,0
DA:36,19
DA:37,19
DA:40,19
DA:43,19
DA:45,19
DA:47,5
DA:54,19
DA:55,19
DA:57,19
DA:58,19
DA:60,19
DA:72,1
DA:83,1
DA:101,19
DA:102,19
DA:103,181
DA:104,181
DA:105,181
DA:107,19
LF:28
LH:24
BRDA:16,0,0,19
BRDA:16,0,1,0
BRDA:20,1,0,0
BRDA:20,1,1,0
BRDA:35,2,0,0
BRDA:36,3,0,0
BRDA:36,4,0,0
BRDA:45,5,0,5
BRDA:45,5,1,14
BRDA:45,6,0,19
BRDA:45,6,1,14
BRDA:64,7,0,18
BRDA:64,7,1,1
BRF:13
BRH:7
end_of_record
TN:
SF:netlify/functions/lib/storage.js
FN:27,store
FN:33,createUser
FN:52,getUser
FN:57,updateUser
FN:67,getUserStatus
FN:108,createPasswordResetToken
FN:123,getPasswordResetToken
FN:141,deletePasswordResetToken
FN:149,createSite
FN:181,getSite
FN:186,updateSite
FN:195,deleteSite
FN:209,(anonymous_12)
FN:215,getUserSites
FN:231,recordPageview
FN:337,recordEngagement
FN:400,recordEvent
FN:450,recordHeartbeat
FN:483,getActiveVisitors
FN:511,getStats
FN:527,(anonymous_20)
FN:535,(anonymous_21)
FN:664,createEmptyDayStats
FN:696,aggregateObject
FN:705,createPublicShare
FN:734,getPublicShare
FN:753,getSiteShares
FN:769,deletePublicShare
FN:787,createSession
FN:815,getSession
FN:820,getUserSessions
FN:834,(anonymous_31)
FN:839,updateSessionActivity
FN:851,revokeSession
FN:866,revokeAllSessions
FN:888,parseUserAgent
FN:913,createApiKey
FN:951,getApiKey
FN:956,getUserApiKeys
FN:972,(anonymous_39)
FN:977,validateApiKey
FN:1004,revokeApiKey
FN:1019,updateApiKeyName
FN:1035,hashApiKey
FN:1040,(anonymous_44)
FN:1078,logActivity
FN:1108,getUserActivityLog
FN:1132,formatActivityMessage
FN:1165,createWebhook
FN:1197,getWebhook
FN:1202,getSiteWebhooks
FN:1220,updateWebhook
FN:1242,deleteWebhook
FN:1257,recordWebhookDelivery
FN:1280,getWebhooksForEvent
FN:1298,createAlert
FN:1331,getAlert
FN:1336,getSiteAlerts
FN:1352,updateAlert
FN:1371,deleteAlert
FN:1386,recordAlertTrigger
FN:1398,shouldAlertFire
FN:1409,getTrafficBaseline
FN:1446,createAnnotation
FN:1474,getAnnotation
FN:1479,getSiteAnnotations
FN:1496,(anonymous_66)
FN:1501,updateAnnotation
FN:1520,deleteAnnotation
FN:1531,(anonymous_69)
FN:1557,createTeam
FN:1595,getTeam
FN:1600,updateTeam
FN:1623,getUserTeams
FN:1641,getTeamMemberRole
FN:1646,(anonymous_75)
FN:1651,getTeamMembers
FN:1658,createTeamInvite
FN:1663,(anonymous_78)
FN:1670,(anonymous_79)
FN:1705,getTeamInviteByToken
FN:1731,getTeamInvites
FN:1756,acceptTeamInvite
FN:1802,declineTeamInvite
FN:1823,revokeTeamInvite
FN:1844,updateTeamMemberRole
FN:1867,(anonymous_86)
FN:1882,removeTeamMember
FN:1902,(anonymous_88)
FN:1913,(anonymous_89)
FN:1920,leaveTeam
FN:1935,addSiteToTeam
FN:1956,getTeamSites
FN:1963,canUserAccessSite
FN:2001,createGoal
FN:2034,getGoal
FN:2039,getSiteGoals
FN:2053,(anonymous_97)
FN:2058,updateGoal
FN:2077,deleteGoal
FN:2093,updateGoalProgress
FN:2116,calculateGoalValue
FN:2136,getGoalDateRange
FN:2170,createFunnel
FN:2186,(anonymous_104)
FN:2208,getFunnel
FN:2213,getSiteFunnels
FN:2227,(anonymous_107)
FN:2232,updateFunnel
FN:2251,deleteFunnel
FN:2267,calculateFunnelData
FN:2268,(anonymous_111)
FN:2294,(anonymous_112)
FN:2330,matchesStep
FN:2354,recordHeatmapClick
FN:2401,recordHeatmapScroll
FN:2451,getHeatmapClicks
FN:2490,(anonymous_117)
FN:2523,getHeatmapScroll
FN:2570,(anonymous_119)
FN:2576,(anonymous_120)
FN:2587,getHeatmapPages
FNF:122
FNH:73
FNDA:708,store
FNDA:8,createUser
FNDA:59,getUser
FNDA:15,updateUser
FNDA:0,getUserStatus
FNDA:14,createPasswordResetToken
FNDA:20,getPasswordResetToken
FNDA:9,deletePasswordResetToken
FNDA:9,createSite
FNDA:66,getSite
FNDA:5,updateSite
FNDA:2,deleteSite
FNDA:2,(anonymous_12)
FNDA:227,getUserSites
FNDA:0,recordPageview
FNDA:0,recordEngagement
FNDA:6,recordEvent
FNDA:3,recordHeartbeat
FNDA:2,getActiveVisitors
FNDA:7,getStats
FNDA:109,(anonymous_20)
FNDA:109,(anonymous_21)
FNDA:107,createEmptyDayStats
FNDA:1417,aggregateObject
FNDA:0,createPublicShare
FNDA:0,getPublicShare
FNDA:0,getSiteShares
FNDA:0,deletePublicShare
FNDA:0,createSession
FNDA:0,getSession
FNDA:0,getUserSessions
FNDA:0,(anonymous_31)
FNDA:0,updateSessionActivity
FNDA:0,revokeSession
FNDA:0,revokeAllSessions
FNDA:0,parseUserAgent
FNDA:0,createApiKey
FNDA:0,getApiKey
FNDA:0,getUserApiKeys
FNDA:0,(anonymous_39)
FNDA:135,validateApiKey
FNDA:0,revokeApiKey
FNDA:0,updateApiKeyName
FNDA:134,hashApiKey
FNDA:4288,(anonymous_44)
FNDA:0,logActivity
FNDA:0,getUserActivityLog
FNDA:0,formatActivityMessage
FNDA:6,createWebhook
FNDA:0,getWebhook
FNDA:1,getSiteWebhooks
FNDA:2,updateWebhook
FNDA:2,deleteWebhook
FNDA:0,recordWebhookDelivery
FNDA:0,getWebhooksForEvent
FNDA:12,createAlert
FNDA:0,getAlert
FNDA:1,getSiteAlerts
FNDA:3,updateAlert
FNDA:2,deleteAlert
FNDA:0,recordAlertTrigger
FNDA:0,shouldAlertFire
FNDA:1,getTrafficBaseline
FNDA:0,createAnnotation
FNDA:0,getAnnotation
FNDA:0,getSiteAnnotations
FNDA:0,(anonymous_66)
FNDA:0,updateAnnotation
FNDA:0,deleteAnnotation
FNDA:0,(anonymous_69)
FNDA:2,createTeam
FNDA:9,getTeam
FNDA:1,updateTeam
FNDA:2,getUserTeams
FNDA:16,getTeamMemberRole
FNDA:14,(anonymous_75)
FNDA:5,getTeamMembers
FNDA:3,createTeamInvite
FNDA:3,(anonymous_78)
FNDA:0,(anonymous_79)
FNDA:0,getTeamInviteByToken
FNDA:1,getTeamInvites
FNDA:0,acceptTeamInvite
FNDA:0,declineTeamInvite
FNDA:1,revokeTeamInvite
FNDA:1,updateTeamMemberRole
FNDA:2,(anonymous_86)
FNDA:2,removeTeamMember
FNDA:3,(anonymous_88)
FNDA:0,(anonymous_89)
FNDA:1,leaveTeam
FNDA:1,addSiteToTeam
FNDA:2,getTeamSites
FNDA:0,canUserAccessSite
FNDA:3,createGoal
FNDA:0,getGoal
FNDA:4,getSiteGoals
FNDA:0,(anonymous_97)
FNDA:2,updateGoal
FNDA:2,deleteGoal
FNDA:3,updateGoalProgress
FNDA:3,calculateGoalValue
FNDA:3,getGoalDateRange
FNDA:8,createFunnel
FNDA:26,(anonymous_104)
FNDA:0,getFunnel
FNDA:4,getSiteFunnels
FNDA:0,(anonymous_107)
FNDA:0,updateFunnel
FNDA:3,deleteFunnel
FNDA:1,calculateFunnelData
FNDA:2,(anonymous_111)
FNDA:2,(anonymous_112)
FNDA:0,matchesStep
FNDA:3,recordHeatmapClick
FNDA:1,recordHeatmapScroll
FNDA:3,getHeatmapClicks
FNDA:300,(anonymous_117)
FNDA:1,getHeatmapScroll
FNDA:5,(anonymous_119)
FNDA:50,(anonymous_120)
FNDA:1,getHeatmapPages
DA:4,21
DA:28,708
DA:34,8
DA:35,8
DA:36,8
DA:37,8
DA:39,8
DA:48,8
DA:49,8
DA:53,59
DA:54,59
DA:58,15
DA:59,15
DA:60,15
DA:61,14
DA:62,14
DA:63,14
DA:68,0
DA:69,0
DA:73,0
DA:74,0
DA:83,0
DA:84,0
DA:86,0
DA:87,0
DA:88,0
DA:98,0
DA:109,14
DA:110,14
DA:111,14
DA:113,14
DA:119,14
DA:120,14
DA:124,20
DA:125,20
DA:126,20
DA:127,20
DA:130,16
DA:131,2
DA:132,2
DA:135,14
DA:137,0
DA:142,9
DA:143,9
DA:144,9
DA:150,9
DA:151,9
DA:158,9
DA:159,9
DA:160,9
DA:163,9
DA:164,9
DA:165,9
DA:166,9
DA:167,9
DA:169,0
DA:170,0
DA:173,9
DA:174,9
DA:175,9
DA:176,9
DA:178,9
DA:182,66
DA:183,66
DA:187,5
DA:188,5
DA:189,5
DA:190,5
DA:191,5
DA:192,5
DA:196,2
DA:199,2
DA:202,2
DA:203,2
DA:204,2
DA:205,2
DA:207,0
DA:209,2
DA:210,2
DA:212,2
DA:216,227
DA:217,227
DA:218,227
DA:219,227
DA:220,227
DA:221,227
DA:222,227
DA:224,0
DA:225,0
DA:232,0
DA:234,0
DA:235,0
DA:238,0
DA:239,0
DA:240,0
DA:243,0
DA:244,0
DA:247,0
DA:248,0
DA:250,0
DA:251,0
DA:255,0
DA:256,0
DA:259,0
DA:260,0
DA:261,0
DA:265,0
DA:266,0
DA:270,0
DA:271,0
DA:272,0
DA:276,0
DA:278,0
DA:281,0
DA:284,0
DA:287,0
DA:288,0
DA:289,0
DA:293,0
DA:294,0
DA:295,0
DA:300,0
DA:301,0
DA:302,0
DA:304,0
DA:305,0
DA:310,0
DA:311,0
DA:315,0
DA:316,0
DA:318,0
DA:322,0
DA:330,0
DA:332,0
DA:338,0
DA:339,0
DA:341,0
DA:342,0
DA:345,0
DA:346,0
DA:347,0
DA:351,0
DA:352,0
DA:353,0
DA:354,0
DA:355,0
DA:357,0
DA:358,0
DA:362,0
DA:363,0
DA:364,0
DA:365,0
DA:369,0
DA:370,0
DA:371,0
DA:375,0
DA:376,0
DA:380,0
DA:381,0
DA:382,0
DA:383,0
DA:387,0
DA:388,0
DA:389,0
DA:390,0
DA:393,0
DA:395,0
DA:401,6
DA:403,6
DA:404,6
DA:407,6
DA:408,6
DA:409,4
DA:418,6
DA:419,6
DA:420,4
DA:429,6
DA:430,6
DA:433,6
DA:434,1
DA:439,6
DA:440,1
DA:443,6
DA:445,6
DA:451,3
DA:453,3
DA:454,3
DA:457,3
DA:458,3
DA:459,2
DA:463,3
DA:470,3
DA:471,3
DA:472,4
DA:473,0
DA:477,3
DA:479,3
DA:484,2
DA:485,2
DA:487,2
DA:488,2
DA:490,1
DA:491,1
DA:494,1
DA:495,1
DA:496,2
DA:497,2
DA:503,1
DA:512,7
DA:513,7
DA:516,7
DA:517,7
DA:518,7
DA:520,7
DA:521,109
DA:522,109
DA:526,7
DA:528,109
DA:529,109
DA:534,7
DA:536,109
DA:537,109
DA:542,7
DA:571,7
DA:572,109
DA:573,109
DA:574,109
DA:575,109
DA:576,109
DA:577,109
DA:580,109
DA:581,109
DA:582,109
DA:583,109
DA:584,109
DA:585,109
DA:586,109
DA:587,109
DA:588,109
DA:589,109
DA:590,109
DA:591,109
DA:592,109
DA:595,109
DA:596,107
DA:597,0
DA:598,0
DA:600,0
DA:601,0
DA:606,109
DA:607,107
DA:608,107
DA:612,109
DA:613,107
DA:614,107
DA:618,109
DA:619,107
DA:620,107
DA:625,7
DA:626,109
DA:627,109
DA:628,0
DA:629,0
DA:631,0
DA:632,0
DA:637,7
DA:641,7
DA:645,7
DA:649,7
DA:654,7
DA:655,7
DA:656,0
DA:659,7
DA:665,107
DA:697,1417
DA:698,1391
DA:699,0
DA:706,0
DA:709,0
DA:711,0
DA:723,0
DA:726,0
DA:727,0
DA:728,0
DA:729,0
DA:731,0
DA:735,0
DA:736,0
DA:738,0
DA:741,0
DA:742,0
DA:746,0
DA:747,0
DA:750,0
DA:754,0
DA:755,0
DA:756,0
DA:758,0
DA:759,0
DA:760,0
DA:761,0
DA:762,0
DA:766,0
DA:770,0
DA:771,0
DA:773,0
DA:774,0
DA:778,0
DA:779,0
DA:780,0
DA:782,0
DA:788,0
DA:790,0
DA:792,0
DA:804,0
DA:807,0
DA:808,0
DA:809,0
DA:810,0
DA:812,0
DA:816,0
DA:817,0
DA:821,0
DA:822,0
DA:823,0
DA:825,0
DA:826,0
DA:827,0
DA:828,0
DA:829,0
DA:834,0
DA:836,0
DA:840,0
DA:841,0
DA:843,0
DA:844,0
DA:845,0
DA:848,0
DA:852,0
DA:853,0
DA:855,0
DA:856,0
DA:859,0
DA:860,0
DA:861,0
DA:863,0
DA:867,0
DA:868,0
DA:869,0
DA:871,0
DA:872,0
DA:873,0
DA:875,0
DA:876,0
DA:877,0
DA:878,0
DA:879,0
DA:880,0
DA:884,0
DA:889,0
DA:891,0
DA:892,0
DA:893,0
DA:895,0
DA:896,0
DA:897,0
DA:898,0
DA:899,0
DA:901,0
DA:902,0
DA:903,0
DA:904,0
DA:905,0
DA:906,0
DA:908,0
DA:914,0
DA:917,0
DA:918,0
DA:921,0
DA:923,0
DA:936,0
DA:939,0
DA:940,0
DA:941,0
DA:942,0
DA:945,0
DA:952,0
DA:953,0
DA:957,0
DA:958,0
DA:959,0
DA:961,0
DA:962,0
DA:963,0
DA:964,0
DA:966,0
DA:967,0
DA:972,0
DA:974,0
DA:978,135
DA:979,1
DA:982,134
DA:983,134
DA:986,134
DA:988,134
DA:989,134
DA:990,134
DA:991,134
DA:993,134
DA:994,134
DA:996,134
DA:1001,0
DA:1005,0
DA:1006,0
DA:1008,0
DA:1009,0
DA:1012,0
DA:1013,0
DA:1014,0
DA:1016,0
DA:1020,0
DA:1021,0
DA:1023,0
DA:1024,0
DA:1027,0
DA:1028,0
DA:1030,0
DA:1031,0
DA:1036,134
DA:1037,134
DA:1038,134
DA:1039,134
DA:1040,4288
DA:1046,21
DA:1079,0
DA:1081,0
DA:1083,0
DA:1094,0
DA:1097,0
DA:1098,0
DA:1099,0
DA:1100,0
DA:1101,0
DA:1103,0
DA:1105,0
DA:1109,0
DA:1110,0
DA:1111,0
DA:1114,0
DA:1115,0
DA:1117,0
DA:1118,0
DA:1119,0
DA:1120,0
DA:1124,0
DA:1133,0
DA:1152,0
DA:1157,21
DA:1166,6
DA:1168,6
DA:1169,6
DA:1171,6
DA:1186,6
DA:1189,6
DA:1190,6
DA:1191,6
DA:1192,6
DA:1194,6
DA:1198,0
DA:1199,0
DA:1203,1
DA:1204,1
DA:1205,1
DA:1207,1
DA:1208,1
DA:1209,0
DA:1210,0
DA:1212,0
DA:1213,0
DA:1217,1
DA:1221,2
DA:1222,2
DA:1224,2
DA:1225,1
DA:1229,1
DA:1230,1
DA:1231,4
DA:1232,0
DA:1236,1
DA:1238,1
DA:1239,1
DA:1243,2
DA:1244,2
DA:1246,2
DA:1247,1
DA:1250,1
DA:1251,1
DA:1252,1
DA:1254,1
DA:1258,0
DA:1259,0
DA:1261,0
DA:1263,0
DA:1264,0
DA:1265,0
DA:1266,0
DA:1268,0
DA:1270,0
DA:1271,0
DA:1272,0
DA:1276,0
DA:1281,0
DA:1282,0
DA:1283,0
DA:1285,0
DA:1286,0
DA:1287,0
DA:1288,0
DA:1289,0
DA:1293,0
DA:1299,12
DA:1301,12
DA:1303,12
DA:1320,12
DA:1323,12
DA:1324,12
DA:1325,12
DA:1326,12
DA:1328,12
DA:1332,0
DA:1333,0
DA:1337,1
DA:1338,1
DA:1339,1
DA:1341,1
DA:1342,1
DA:1343,0
DA:1344,0
DA:1345,0
DA:1349,1
DA:1353,3
DA:1354,3
DA:1356,3
DA:1357,1
DA:1360,2
DA:1361,2
DA:1362,14
DA:1363,1
DA:1367,2
DA:1368,2
DA:1372,2
DA:1373,2
DA:1375,2
DA:1376,1
DA:1379,1
DA:1380,1
DA:1381,1
DA:1383,1
DA:1387,0
DA:1388,0
DA:1390,0
DA:1392,0
DA:1393,0
DA:1394,0
DA:1399,0
DA:1401,0
DA:1402,0
DA:1403,0
DA:1405,0
DA:1410,1
DA:1413,1
DA:1414,1
DA:1415,7
DA:1416,7
DA:1417,7
DA:1420,1
DA:1421,1
DA:1423,1
DA:1424,7
DA:1425,7
DA:1426,0
DA:1427,0
DA:1431,1
DA:1434,0
DA:1435,0
DA:1437,0
DA:1447,0
DA:1449,0
DA:1451,0
DA:1463,0
DA:1466,0
DA:1467,0
DA:1468,0
DA:1469,0
DA:1471,0
DA:1475,0
DA:1476,0
DA:1480,0
DA:1481,0
DA:1482,0
DA:1484,0
DA:1485,0
DA:1486,0
DA:1487,0
DA:1489,0
DA:1490,0
DA:1491,0
DA:1496,0
DA:1498,0
DA:1502,0
DA:1503,0
DA:1505,0
DA:1506,0
DA:1509,0
DA:1510,0
DA:1511,0
DA:1512,0
DA:1516,0
DA:1517,0
DA:1521,0
DA:1522,0
DA:1524,0
DA:1525,0
DA:1529,0
DA:1530,0
DA:1531,0
DA:1532,0
DA:1535,0
DA:1537,0
DA:1542,21
DA:1549,21
DA:1558,2
DA:1560,2
DA:1562,2
DA:1573,2
DA:1576,2
DA:1577,2
DA:1584,2
DA:1587,2
DA:1588,2
DA:1589,2
DA:1590,2
DA:1592,2
DA:1596,9
DA:1597,9
DA:1601,1
DA:1602,1
DA:1604,1
DA:1607,1
DA:1608,1
DA:1609,0
DA:1612,1
DA:1613,1
DA:1614,2
DA:1615,1
DA:1619,1
DA:1620,1
DA:1624,2
DA:1625,2
DA:1626,2
DA:1628,2
DA:1629,2
DA:1630,1
DA:1631,1
DA:1632,1
DA:1633,1
DA:1637,2
DA:1642,16
DA:1643,16
DA:1644,16
DA:1646,16
DA:1647,16
DA:1652,5
DA:1653,5
DA:1654,5
DA:1659,3
DA:1662,3
DA:1663,3
DA:1664,0
DA:1668,3
DA:1669,3
DA:1670,3
DA:1671,0
DA:1674,3
DA:1675,0
DA:1678,3
DA:1679,3
DA:1681,3
DA:1694,3
DA:1695,3
DA:1698,3
DA:1699,3
DA:1701,3
DA:1706,0
DA:1707,0
DA:1709,0
DA:1711,0
DA:1713,0
DA:1716,0
DA:1717,0
DA:1718,0
DA:1719,0
DA:1723,0
DA:1724,0
DA:1727,0
DA:1732,1
DA:1733,1
DA:1734,1
DA:1736,1
DA:1737,1
DA:1738,1
DA:1739,1
DA:1741,1
DA:1742,0
DA:1743,0
DA:1744,0
DA:1747,1
DA:1748,1
DA:1752,1
DA:1757,0
DA:1758,0
DA:1760,0
DA:1761,0
DA:1765,0
DA:1766,0
DA:1770,0
DA:1771,0
DA:1773,0
DA:1782,0
DA:1785,0
DA:1786,0
DA:1787,0
DA:1788,0
DA:1789,0
DA:1793,0
DA:1794,0
DA:1795,0
DA:1797,0
DA:1798,0
DA:1803,0
DA:1804,0
DA:1806,0
DA:1807,0
DA:1811,0
DA:1812,0
DA:1815,0
DA:1816,0
DA:1817,0
DA:1819,0
DA:1824,1
DA:1825,1
DA:1827,1
DA:1830,1
DA:1831,1
DA:1832,0
DA:1835,1
DA:1836,1
DA:1837,1
DA:1838,1
DA:1840,1
DA:1845,1
DA:1848,1
DA:1849,1
DA:1850,0
DA:1854,1
DA:1855,1
DA:1856,0
DA:1860,1
DA:1861,0
DA:1864,1
DA:1865,1
DA:1867,2
DA:1868,1
DA:1869,0
DA:1872,1
DA:1873,1
DA:1874,1
DA:1876,1
DA:1878,1
DA:1883,2
DA:1887,2
DA:1888,2
DA:1889,2
DA:1890,0
DA:1894,2
DA:1895,2
DA:1896,0
DA:1899,2
DA:1900,2
DA:1902,3
DA:1904,2
DA:1905,0
DA:1908,2
DA:1911,2
DA:1912,2
DA:1913,2
DA:1914,2
DA:1916,2
DA:1921,1
DA:1922,1
DA:1924,1
DA:1927,1
DA:1928,0
DA:1931,1
DA:1936,1
DA:1939,1
DA:1940,1
DA:1941,0
DA:1944,1
DA:1945,1
DA:1947,1
DA:1948,1
DA:1949,1
DA:1952,1
DA:1957,2
DA:1958,2
DA:1959,2
DA:1965,0
DA:1966,0
DA:1967,0
DA:1971,0
DA:1972,0
DA:1973,0
DA:1974,0
DA:1975,0
DA:1979,0
DA:1984,21
DA:1993,21
DA:2002,3
DA:2004,3
DA:2006,3
DA:2023,3
DA:2026,3
DA:2027,3
DA:2028,3
DA:2029,3
DA:2031,3
DA:2035,0
DA:2036,0
DA:2040,4
DA:2041,4
DA:2042,4
DA:2044,4
DA:2045,4
DA:2046,3
DA:2047,3
DA:2048,3
DA:2053,4
DA:2055,4
DA:2059,2
DA:2060,2
DA:2062,2
DA:2063,1
DA:2066,1
DA:2067,1
DA:2068,6
DA:2069,3
DA:2073,1
DA:2074,1
DA:2078,2
DA:2079,2
DA:2081,2
DA:2082,1
DA:2085,1
DA:2086,1
DA:2087,1
DA:2089,1
DA:2094,3
DA:2095,3
DA:2097,3
DA:2099,3
DA:2100,3
DA:2103,3
DA:2107,3
DA:2108,3
DA:2111,3
DA:2112,3
DA:2117,3
DA:2119,2
DA:2121,0
DA:2123,0
DA:2125,0
DA:2127,0
DA:2129,0
DA:2131,1
DA:2137,3
DA:2140,3
DA:2142,0
DA:2143,0
DA:2145,0
DA:2146,0
DA:2147,0
DA:2149,3
DA:2150,3
DA:2152,0
DA:2153,0
DA:2154,0
DA:2156,0
DA:2157,0
DA:2159,0
DA:2162,3
DA:2171,8
DA:2173,8
DA:2176,8
DA:2177,8
DA:2178,0
DA:2181,8
DA:2186,26
DA:2197,8
DA:2200,8
DA:2201,8
DA:2202,8
DA:2203,8
DA:2205,8
DA:2209,0
DA:2210,0
DA:2214,4
DA:2215,4
DA:2216,4
DA:2218,4
DA:2219,4
DA:2220,1
DA:2221,1
DA:2222,1
DA:2227,4
DA:2229,4
DA:2233,0
DA:2234,0
DA:2236,0
DA:2237,0
DA:2240,0
DA:2241,0
DA:2242,0
DA:2243,0
DA:2247,0
DA:2248,0
DA:2252,3
DA:2253,3
DA:2255,3
DA:2256,2
DA:2259,1
DA:2260,1
DA:2261,1
DA:2263,1
DA:2268,1
DA:2269,2
DA:2271,2
DA:2273,2
DA:2274,0
DA:2275,0
DA:2278,0
DA:2280,0
DA:2281,0
DA:2282,0
DA:2287,2
DA:2294,1
DA:2295,2
DA:2296,2
DA:2300,2
DA:2304,2
DA:2308,2
DA:2317,1
DA:2321,1
DA:2331,0
DA:2333,0
DA:2335,0
DA:2337,0
DA:2339,0
DA:2341,0
DA:2342,0
DA:2344,0
DA:2347,0
DA:2355,3
DA:2357,3
DA:2358,3
DA:2359,3
DA:2362,3
DA:2363,3
DA:2364,2
DA:2376,3
DA:2384,3
DA:2385,3
DA:2388,3
DA:2389,3
DA:2391,0
DA:2393,3
DA:2395,3
DA:2397,3
DA:2402,1
DA:2404,1
DA:2405,1
DA:2406,1
DA:2409,1
DA:2410,1
DA:2411,1
DA:2424,1
DA:2425,1
DA:2428,1
DA:2429,0
DA:2433,1
DA:2434,1
DA:2435,1
DA:2437,1
DA:2440,1
DA:2441,1
DA:2442,1
DA:2445,1
DA:2447,1
DA:2452,3
DA:2455,3
DA:2456,3
DA:2457,3
DA:2459,3
DA:2460,4
DA:2461,4
DA:2465,3
DA:2473,3
DA:2474,4
DA:2475,4
DA:2477,4
DA:2478,3
DA:2479,3
DA:2482,3
DA:2483,3
DA:2489,3
DA:2490,300
DA:2492,3
DA:2493,4
DA:2494,4
DA:2495,4
DA:2499,3
DA:2500,3
DA:2501,300
DA:2502,30000
DA:2507,3
DA:2508,2
DA:2509,200
DA:2510,20000
DA:2515,3
DA:2524,1
DA:2527,1
DA:2528,1
DA:2529,1
DA:2531,1
DA:2532,1
DA:2533,1
DA:2537,1
DA:2546,1
DA:2548,1
DA:2549,1
DA:2550,1
DA:2552,1
DA:2553,1
DA:2554,1
DA:2557,1
DA:2558,2
DA:2562,1
DA:2563,1
DA:2569,1
DA:2570,5
DA:2574,1
DA:2575,1
DA:2576,50
DA:2577,10
DA:2580,1
DA:2588,1
DA:2591,1
DA:2592,1
DA:2593,1
DA:2595,1
DA:2596,8
DA:2597,8
DA:2601,1
DA:2604,1
DA:2606,1
DA:2608,2
DA:2609,2
DA:2610,2
DA:2611,2
DA:2612,2
DA:2614,2
DA:2615,2
DA:2616,1
DA:2619,2
DA:2620,1
DA:2621,1
DA:2622,1
DA:2628,1
LF:1088
LH:613
BRDA:33,0,0,5
BRDA:60,1,0,1
BRDA:60,1,1,14
BRDA:68,2,0,0
BRDA:68,2,1,0
BRDA:73,3,0,0
BRDA:73,3,1,0
BRDA:73,4,0,0
BRDA:73,4,1,0
BRDA:76,5,0,0
BRDA:76,5,1,0
BRDA:84,6,0,0
BRDA:84,6,1,0
BRDA:86,7,0,0
BRDA:86,7,1,0
BRDA:86,8,0,0
BRDA:86,8,1,0
BRDA:90,9,0,0
BRDA:90,9,1,0
BRDA:100,10,0,0
BRDA:100,10,1,0
BRDA:127,11,0,4
BRDA:127,11,1,16
BRDA:130,12,0,2
BRDA:130,12,1,14
BRDA:167,13,0,9
BRDA:167,13,1,7
BRDA:189,14,0,0
BRDA:189,14,1,5
BRDA:205,15,0,2
BRDA:205,15,1,0
BRDA:222,16,0,227
BRDA:222,16,1,3
BRDA:239,17,0,0
BRDA:239,17,1,0
BRDA:243,18,0,0
BRDA:243,18,1,0
BRDA:244,19,0,0
BRDA:244,19,1,0
BRDA:250,20,0,0
BRDA:250,20,1,0
BRDA:255,21,0,0
BRDA:255,21,1,0
BRDA:256,22,0,0
BRDA:256,22,1,0
BRDA:259,23,0,0
BRDA:259,23,1,0
BRDA:259,24,0,0
BRDA:259,24,1,0
BRDA:260,25,0,0
BRDA:260,25,1,0
BRDA:261,26,0,0
BRDA:261,26,1,0
BRDA:265,27,0,0
BRDA:265,27,1,0
BRDA:265,28,0,0
BRDA:265,28,1,0
BRDA:266,29,0,0
BRDA:266,29,1,0
BRDA:270,30,0,0
BRDA:270,30,1,0
BRDA:272,31,0,0
BRDA:272,31,1,0
BRDA:276,32,0,0
BRDA:276,32,1,0
BRDA:278,33,0,0
BRDA:278,33,1,0
BRDA:281,34,0,0
BRDA:281,34,1,0
BRDA:284,35,0,0
BRDA:284,35,1,0
BRDA:287,36,0,0
BRDA:287,36,1,0
BRDA:287,37,0,0
BRDA:287,37,1,0
BRDA:289,38,0,0
BRDA:289,38,1,0
BRDA:293,39,0,0
BRDA:293,39,1,0
BRDA:295,40,0,0
BRDA:295,40,1,0
BRDA:300,41,0,0
BRDA:300,41,1,0
BRDA:301,42,0,0
BRDA:301,42,1,0
BRDA:302,43,0,0
BRDA:302,43,1,0
BRDA:304,44,0,0
BRDA:304,44,1,0
BRDA:305,45,0,0
BRDA:305,45,1,0
BRDA:310,46,0,0
BRDA:310,46,1,0
BRDA:310,47,0,0
BRDA:310,47,1,0
BRDA:311,48,0,0
BRDA:311,48,1,0
BRDA:315,49,0,0
BRDA:315,49,1,0
BRDA:346,50,0,0
BRDA:346,50,1,0
BRDA:351,51,0,0
BRDA:351,51,1,0
BRDA:352,52,0,0
BRDA:352,52,1,0
BRDA:352,53,0,0
BRDA:352,53,1,0
BRDA:353,54,0,0
BRDA:353,54,1,0
BRDA:354,55,0,0
BRDA:354,55,1,0
BRDA:362,56,0,0
BRDA:362,56,1,0
BRDA:363,57,0,0
BRDA:363,57,1,0
BRDA:369,58,0,0
BRDA:369,58,1,0
BRDA:370,59,0,0
BRDA:370,59,1,0
BRDA:371,60,0,0
BRDA:371,60,1,0
BRDA:375,61,0,0
BRDA:375,61,1,0
BRDA:376,62,0,0
BRDA:376,62,1,0
BRDA:380,63,0,0
BRDA:380,63,1,0
BRDA:380,64,0,0
BRDA:380,64,1,0
BRDA:381,65,0,0
BRDA:381,65,1,0
BRDA:387,66,0,0
BRDA:387,66,1,0
BRDA:388,67,0,0
BRDA:388,67,1,0
BRDA:408,68,0,4
BRDA:408,68,1,2
BRDA:419,69,0,4
BRDA:419,69,1,2
BRDA:433,70,0,1
BRDA:433,70,1,5
BRDA:435,71,0,1
BRDA:435,71,1,1
BRDA:439,72,0,1
BRDA:439,72,1,5
BRDA:439,73,0,6
BRDA:439,73,1,1
BRDA:458,74,0,2
BRDA:458,74,1,1
BRDA:472,75,0,0
BRDA:472,75,1,4
BRDA:488,76,0,1
BRDA:488,76,1,1
BRDA:496,77,0,2
BRDA:496,77,1,0
BRDA:529,78,0,109
BRDA:529,78,1,107
BRDA:537,79,0,109
BRDA:537,79,1,109
BRDA:572,80,0,109
BRDA:572,80,1,107
BRDA:573,81,0,109
BRDA:573,81,1,107
BRDA:574,82,0,109
BRDA:574,82,1,107
BRDA:575,83,0,109
BRDA:575,83,1,109
BRDA:576,84,0,109
BRDA:576,84,1,109
BRDA:577,85,0,109
BRDA:577,85,1,107
BRDA:595,86,0,107
BRDA:595,86,1,2
BRDA:597,87,0,0
BRDA:597,87,1,0
BRDA:606,88,0,107
BRDA:606,88,1,2
BRDA:607,89,0,107
BRDA:607,89,1,107
BRDA:608,90,0,107
BRDA:608,90,1,107
BRDA:612,91,0,107
BRDA:612,91,1,2
BRDA:613,92,0,107
BRDA:613,92,1,107
BRDA:614,93,0,107
BRDA:614,93,1,107
BRDA:618,94,0,107
BRDA:618,94,1,2
BRDA:619,95,0,107
BRDA:619,95,1,107
BRDA:620,96,0,107
BRDA:620,96,1,107
BRDA:626,97,0,109
BRDA:626,97,1,109
BRDA:627,98,0,109
BRDA:627,98,1,0
BRDA:628,99,0,0
BRDA:628,99,1,0
BRDA:637,100,0,2
BRDA:637,100,1,5
BRDA:641,101,0,0
BRDA:641,101,1,7
BRDA:645,102,0,0
BRDA:645,102,1,7
BRDA:649,103,0,0
BRDA:649,103,1,7
BRDA:656,104,0,0
BRDA:656,104,1,0
BRDA:697,105,0,26
BRDA:697,105,1,1391
BRDA:699,106,0,0
BRDA:699,106,1,0
BRDA:705,107,0,0
BRDA:716,108,0,0
BRDA:716,108,1,0
BRDA:717,109,0,0
BRDA:717,109,1,0
BRDA:718,110,0,0
BRDA:718,110,1,0
BRDA:727,111,0,0
BRDA:727,111,1,0
BRDA:738,112,0,0
BRDA:738,112,1,0
BRDA:741,113,0,0
BRDA:741,113,1,0
BRDA:741,114,0,0
BRDA:741,114,1,0
BRDA:746,115,0,0
BRDA:746,115,1,0
BRDA:756,116,0,0
BRDA:756,116,1,0
BRDA:761,117,0,0
BRDA:761,117,1,0
BRDA:761,118,0,0
BRDA:761,118,1,0
BRDA:773,119,0,0
BRDA:773,119,1,0
BRDA:773,120,0,0
BRDA:773,120,1,0
BRDA:787,121,0,0
BRDA:797,122,0,0
BRDA:797,122,1,0
BRDA:798,123,0,0
BRDA:798,123,1,0
BRDA:808,124,0,0
BRDA:808,124,1,0
BRDA:823,125,0,0
BRDA:823,125,1,0
BRDA:828,126,0,0
BRDA:828,126,1,0
BRDA:828,127,0,0
BRDA:828,127,1,0
BRDA:843,128,0,0
BRDA:843,128,1,0
BRDA:855,129,0,0
BRDA:855,129,1,0
BRDA:855,130,0,0
BRDA:855,130,1,0
BRDA:866,131,0,0
BRDA:869,132,0,0
BRDA:869,132,1,0
BRDA:873,133,0,0
BRDA:873,133,1,0
BRDA:876,134,0,0
BRDA:876,134,1,0
BRDA:876,135,0,0
BRDA:876,135,1,0
BRDA:889,136,0,0
BRDA:889,136,1,0
BRDA:892,137,0,0
BRDA:892,137,1,0
BRDA:893,138,0,0
BRDA:893,138,1,0
BRDA:896,139,0,0
BRDA:896,139,1,0
BRDA:896,140,0,0
BRDA:896,140,1,0
BRDA:897,141,0,0
BRDA:897,141,1,0
BRDA:898,142,0,0
BRDA:898,142,1,0
BRDA:898,143,0,0
BRDA:898,143,1,0
BRDA:899,144,0,0
BRDA:899,144,1,0
BRDA:902,145,0,0
BRDA:902,145,1,0
BRDA:903,146,0,0
BRDA:903,146,1,0
BRDA:904,147,0,0
BRDA:904,147,1,0
BRDA:905,148,0,0
BRDA:905,148,1,0
BRDA:906,149,0,0
BRDA:906,149,1,0
BRDA:913,150,0,0
BRDA:926,151,0,0
BRDA:926,151,1,0
BRDA:940,152,0,0
BRDA:940,152,1,0
BRDA:959,153,0,0
BRDA:959,153,1,0
BRDA:964,154,0,0
BRDA:964,154,1,0
BRDA:964,155,0,0
BRDA:964,155,1,0
BRDA:978,156,0,1
BRDA:978,156,1,134
BRDA:978,157,0,135
BRDA:978,157,1,135
BRDA:989,158,0,134
BRDA:989,158,1,0
BRDA:991,159,0,134
BRDA:991,159,1,0
BRDA:991,160,0,134
BRDA:991,160,1,134
BRDA:991,160,2,134
BRDA:1008,161,0,0
BRDA:1008,161,1,0
BRDA:1008,162,0,0
BRDA:1008,162,1,0
BRDA:1023,163,0,0
BRDA:1023,163,1,0
BRDA:1023,164,0,0
BRDA:1023,164,1,0
BRDA:1023,164,2,0
BRDA:1078,165,0,0
BRDA:1078,166,0,0
BRDA:1088,167,0,0
BRDA:1088,167,1,0
BRDA:1089,168,0,0
BRDA:1089,168,1,0
BRDA:1098,169,0,0
BRDA:1098,169,1,0
BRDA:1100,170,0,0
BRDA:1100,170,1,0
BRDA:1108,171,0,0
BRDA:1108,172,0,0
BRDA:1111,173,0,0
BRDA:1111,173,1,0
BRDA:1119,174,0,0
BRDA:1119,174,1,0
BRDA:1138,175,0,0
BRDA:1138,175,1,0
BRDA:1139,176,0,0
BRDA:1139,176,1,0
BRDA:1140,177,0,0
BRDA:1140,177,1,0
BRDA:1141,178,0,0
BRDA:1141,178,1,0
BRDA:1142,179,0,0
BRDA:1142,179,1,0
BRDA:1143,180,0,0
BRDA:1143,180,1,0
BRDA:1147,181,0,0
BRDA:1147,181,1,0
BRDA:1152,182,0,0
BRDA:1152,182,1,0
BRDA:1177,183,0,6
BRDA:1177,183,1,0
BRDA:1178,184,0,6
BRDA:1178,184,1,5
BRDA:1190,185,0,6
BRDA:1190,185,1,6
BRDA:1205,186,0,1
BRDA:1205,186,1,1
BRDA:1210,187,0,0
BRDA:1210,187,1,0
BRDA:1210,188,0,0
BRDA:1210,188,1,0
BRDA:1224,189,0,1
BRDA:1224,189,1,1
BRDA:1224,190,0,2
BRDA:1224,190,1,1
BRDA:1231,191,0,0
BRDA:1231,191,1,4
BRDA:1246,192,0,1
BRDA:1246,192,1,1
BRDA:1246,193,0,2
BRDA:1246,193,1,1
BRDA:1261,194,0,0
BRDA:1261,194,1,0
BRDA:1264,195,0,0
BRDA:1264,195,1,0
BRDA:1270,196,0,0
BRDA:1270,196,1,0
BRDA:1283,197,0,0
BRDA:1283,197,1,0
BRDA:1288,198,0,0
BRDA:1288,198,1,0
BRDA:1288,199,0,0
BRDA:1288,199,1,0
BRDA:1288,199,2,0
BRDA:1307,200,0,12
BRDA:1307,200,1,0
BRDA:1308,201,0,12
BRDA:1308,201,1,9
BRDA:1309,202,0,12
BRDA:1309,202,1,0
BRDA:1310,203,0,12
BRDA:1310,203,1,0
BRDA:1311,204,0,12
BRDA:1311,204,1,0
BRDA:1312,205,0,12
BRDA:1312,205,1,10
BRDA:1313,206,0,12
BRDA:1313,206,1,0
BRDA:1324,207,0,12
BRDA:1324,207,1,10
BRDA:1339,208,0,1
BRDA:1339,208,1,1
BRDA:1344,209,0,0
BRDA:1344,209,1,0
BRDA:1344,210,0,0
BRDA:1344,210,1,0
BRDA:1356,211,0,1
BRDA:1356,211,1,2
BRDA:1356,212,0,3
BRDA:1356,212,1,2
BRDA:1362,213,0,1
BRDA:1362,213,1,13
BRDA:1375,214,0,1
BRDA:1375,214,1,1
BRDA:1375,215,0,2
BRDA:1375,215,1,1
BRDA:1390,216,0,0
BRDA:1390,216,1,0
BRDA:1399,217,0,0
BRDA:1399,217,1,0
BRDA:1425,218,0,0
BRDA:1425,218,1,7
BRDA:1425,219,0,7
BRDA:1425,219,1,0
BRDA:1431,220,0,1
BRDA:1431,220,1,0
BRDA:1456,221,0,0
BRDA:1456,221,1,0
BRDA:1457,222,0,0
BRDA:1457,222,1,0
BRDA:1458,223,0,0
BRDA:1458,223,1,0
BRDA:1459,224,0,0
BRDA:1459,224,1,0
BRDA:1467,225,0,0
BRDA:1467,225,1,0
BRDA:1479,226,0,0
BRDA:1479,227,0,0
BRDA:1482,228,0,0
BRDA:1482,228,1,0
BRDA:1487,229,0,0
BRDA:1487,229,1,0
BRDA:1489,230,0,0
BRDA:1489,230,1,0
BRDA:1489,231,0,0
BRDA:1489,231,1,0
BRDA:1490,232,0,0
BRDA:1490,232,1,0
BRDA:1490,233,0,0
BRDA:1490,233,1,0
BRDA:1505,234,0,0
BRDA:1505,234,1,0
BRDA:1505,235,0,0
BRDA:1505,235,1,0
BRDA:1511,236,0,0
BRDA:1511,236,1,0
BRDA:1524,237,0,0
BRDA:1524,237,1,0
BRDA:1524,238,0,0
BRDA:1524,238,1,0
BRDA:1530,239,0,0
BRDA:1530,239,1,0
BRDA:1564,240,0,2
BRDA:1564,240,1,0
BRDA:1588,241,0,2
BRDA:1588,241,1,2
BRDA:1604,242,0,0
BRDA:1604,242,1,1
BRDA:1608,243,0,0
BRDA:1608,243,1,1
BRDA:1608,244,0,1
BRDA:1608,244,1,0
BRDA:1614,245,0,1
BRDA:1614,245,1,1
BRDA:1626,246,0,2
BRDA:1626,246,1,1
BRDA:1631,247,0,1
BRDA:1631,247,1,0
BRDA:1644,248,0,16
BRDA:1644,248,1,2
BRDA:1647,249,0,14
BRDA:1647,249,1,2
BRDA:1654,250,0,5
BRDA:1654,250,1,0
BRDA:1658,251,0,0
BRDA:1663,252,0,0
BRDA:1663,252,1,3
BRDA:1669,253,0,3
BRDA:1669,253,1,3
BRDA:1671,254,0,0
BRDA:1671,254,1,0
BRDA:1674,255,0,0
BRDA:1674,255,1,3
BRDA:1709,256,0,0
BRDA:1709,256,1,0
BRDA:1713,257,0,0
BRDA:1713,257,1,0
BRDA:1716,258,0,0
BRDA:1716,258,1,0
BRDA:1723,259,0,0
BRDA:1723,259,1,0
BRDA:1734,260,0,1
BRDA:1734,260,1,0
BRDA:1739,261,0,1
BRDA:1739,261,1,0
BRDA:1739,262,0,1
BRDA:1739,262,1,1
BRDA:1741,263,0,0
BRDA:1741,263,1,1
BRDA:1760,264,0,0
BRDA:1760,264,1,0
BRDA:1765,265,0,0
BRDA:1765,265,1,0
BRDA:1771,266,0,0
BRDA:1771,266,1,0
BRDA:1786,267,0,0
BRDA:1786,267,1,0
BRDA:1787,268,0,0
BRDA:1787,268,1,0
BRDA:1806,269,0,0
BRDA:1806,269,1,0
BRDA:1811,270,0,0
BRDA:1811,270,1,0
BRDA:1827,271,0,0
BRDA:1827,271,1,1
BRDA:1831,272,0,0
BRDA:1831,272,1,1
BRDA:1831,273,0,1
BRDA:1831,273,1,0
BRDA:1849,274,0,0
BRDA:1849,274,1,1
BRDA:1849,275,0,1
BRDA:1849,275,1,0
BRDA:1855,276,0,0
BRDA:1855,276,1,1
BRDA:1855,277,0,1
BRDA:1855,277,1,0
BRDA:1860,278,0,0
BRDA:1860,278,1,1
BRDA:1860,279,0,1
BRDA:1860,279,1,0
BRDA:1865,280,0,1
BRDA:1865,280,1,0
BRDA:1868,281,0,0
BRDA:1868,281,1,1
BRDA:1889,282,0,0
BRDA:1889,282,1,2
BRDA:1889,283,0,2
BRDA:1889,283,1,1
BRDA:1889,283,2,0
BRDA:1895,284,0,0
BRDA:1895,284,1,2
BRDA:1900,285,0,2
BRDA:1900,285,1,0
BRDA:1904,286,0,0
BRDA:1904,286,1,2
BRDA:1912,287,0,2
BRDA:1912,287,1,2
BRDA:1924,288,0,0
BRDA:1924,288,1,1
BRDA:1927,289,0,0
BRDA:1927,289,1,1
BRDA:1940,290,0,0
BRDA:1940,290,1,1
BRDA:1940,291,0,1
BRDA:1940,291,1,0
BRDA:1945,292,0,1
BRDA:1945,292,1,1
BRDA:1947,293,0,1
BRDA:1947,293,1,0
BRDA:1959,294,0,2
BRDA:1959,294,1,2
BRDA:1966,295,0,0
BRDA:1966,295,1,0
BRDA:1974,296,0,0
BRDA:1974,296,1,0
BRDA:2010,297,0,3
BRDA:2010,297,1,0
BRDA:2011,298,0,3
BRDA:2011,298,1,2
BRDA:2012,299,0,3
BRDA:2012,299,1,0
BRDA:2013,300,0,3
BRDA:2013,300,1,2
BRDA:2014,301,0,3
BRDA:2014,301,1,0
BRDA:2027,302,0,3
BRDA:2027,302,1,3
BRDA:2042,303,0,4
BRDA:2042,303,1,1
BRDA:2047,304,0,3
BRDA:2047,304,1,0
BRDA:2047,305,0,3
BRDA:2047,305,1,3
BRDA:2062,306,0,1
BRDA:2062,306,1,1
BRDA:2062,307,0,2
BRDA:2062,307,1,1
BRDA:2068,308,0,3
BRDA:2068,308,1,3
BRDA:2081,309,0,1
BRDA:2081,309,1,1
BRDA:2081,310,0,2
BRDA:2081,310,1,1
BRDA:2097,311,0,0
BRDA:2097,311,1,3
BRDA:2097,312,0,3
BRDA:2097,312,1,3
BRDA:2103,313,0,2
BRDA:2103,313,1,1
BRDA:2107,314,0,3
BRDA:2107,314,1,0
BRDA:2107,315,0,3
BRDA:2107,315,1,3
BRDA:2117,316,0,2
BRDA:2117,316,1,0
BRDA:2117,316,2,0
BRDA:2117,316,3,0
BRDA:2117,316,4,0
BRDA:2117,316,5,0
BRDA:2117,316,6,1
BRDA:2119,317,0,2
BRDA:2119,317,1,0
BRDA:2121,318,0,0
BRDA:2121,318,1,0
BRDA:2123,319,0,0
BRDA:2123,319,1,0
BRDA:2125,320,0,0
BRDA:2125,320,1,0
BRDA:2127,321,0,0
BRDA:2127,321,1,0
BRDA:2129,322,0,0
BRDA:2129,322,1,0
BRDA:2140,323,0,0
BRDA:2140,323,1,0
BRDA:2140,323,2,3
BRDA:2140,323,3,0
BRDA:2140,323,4,0
BRDA:2140,323,5,0
BRDA:2176,324,0,8
BRDA:2176,324,1,0
BRDA:2177,325,0,0
BRDA:2177,325,1,8
BRDA:2185,326,0,8
BRDA:2185,326,1,0
BRDA:2188,327,0,26
BRDA:2188,327,1,8
BRDA:2189,328,0,26
BRDA:2189,328,1,0
BRDA:2190,329,0,26
BRDA:2190,329,1,26
BRDA:2191,330,0,26
BRDA:2191,330,1,26
BRDA:2201,331,0,8
BRDA:2201,331,1,8
BRDA:2216,332,0,4
BRDA:2216,332,1,3
BRDA:2221,333,0,1
BRDA:2221,333,1,0
BRDA:2221,334,0,1
BRDA:2221,334,1,1
BRDA:2236,335,0,0
BRDA:2236,335,1,0
BRDA:2236,336,0,0
BRDA:2236,336,1,0
BRDA:2242,337,0,0
BRDA:2242,337,1,0
BRDA:2255,338,0,2
BRDA:2255,338,1,1
BRDA:2255,339,0,3
BRDA:2255,339,1,2
BRDA:2271,340,0,2
BRDA:2271,340,1,0
BRDA:2273,341,0,2
BRDA:2273,341,1,0
BRDA:2274,342,0,0
BRDA:2274,342,1,0
BRDA:2278,343,0,0
BRDA:2278,343,1,0
BRDA:2280,344,0,0
BRDA:2280,344,1,0
BRDA:2281,345,0,0
BRDA:2281,345,1,0
BRDA:2295,346,0,1
BRDA:2295,346,1,1
BRDA:2296,347,0,0
BRDA:2296,347,1,2
BRDA:2296,348,0,2
BRDA:2296,348,1,1
BRDA:2300,349,0,1
BRDA:2300,349,1,1
BRDA:2304,350,0,0
BRDA:2304,350,1,2
BRDA:2304,351,0,2
BRDA:2304,351,1,1
BRDA:2317,352,0,0
BRDA:2317,352,1,1
BRDA:2317,353,0,1
BRDA:2317,353,1,1
BRDA:2324,354,0,1
BRDA:2324,354,1,1
BRDA:2325,355,0,1
BRDA:2325,355,1,1
BRDA:2331,356,0,0
BRDA:2331,356,1,0
BRDA:2333,357,0,0
BRDA:2333,357,1,0
BRDA:2333,357,2,0
BRDA:2333,357,3,0
BRDA:2333,357,4,0
BRDA:2358,358,0,3
BRDA:2358,358,1,0
BRDA:2363,359,0,2
BRDA:2363,359,1,1
BRDA:2379,360,0,3
BRDA:2379,360,1,2
BRDA:2385,361,0,3
BRDA:2385,361,1,3
BRDA:2389,362,0,0
BRDA:2389,362,1,3
BRDA:2405,363,0,1
BRDA:2405,363,1,0
BRDA:2410,364,0,1
BRDA:2410,364,1,0
BRDA:2428,365,0,0
BRDA:2428,365,1,1
BRDA:2435,366,0,1
BRDA:2435,366,1,1
BRDA:2440,367,0,1
BRDA:2440,367,1,0
BRDA:2477,368,0,3
BRDA:2477,368,1,1
BRDA:2483,369,0,3
BRDA:2483,369,1,3
BRDA:2507,370,0,2
BRDA:2507,370,1,1
BRDA:2552,371,0,1
BRDA:2552,371,1,0
BRDA:2553,372,0,1
BRDA:2553,372,1,0
BRDA:2558,373,0,2
BRDA:2558,373,1,2
BRDA:2562,374,0,1
BRDA:2562,374,1,0
BRDA:2562,375,0,1
BRDA:2562,375,1,1
BRDA:2569,376,0,1
BRDA:2569,376,1,0
BRDA:2577,377,0,10
BRDA:2577,377,1,0
BRDA:2609,378,0,2
BRDA:2609,378,1,0
BRDA:2609,379,0,2
BRDA:2609,379,1,2
BRDA:2614,380,0,2
BRDA:2614,380,1,0
BRDA:2615,381,0,1
BRDA:2615,381,1,1
BRDA:2619,382,0,1
BRDA:2619,382,1,1
BRDA:2621,383,0,1
BRDA:2621,383,1,0
BRF:772
BRH:295
end_of_record
TN:
SF:netlify/functions/lib/turso.js
FN:20,normalizeRows
FN:21,(anonymous_1)
FN:34,initSchema
FN:80,ingestEvents
FN:84,(anonymous_4)
FN:119,getStats
FN:230,(anonymous_6)
FN:271,rowsToObject
FN:288,getRealtime
FN:358,exportData
FN:427,debugGetCount
FN:438,debugGetRecent
FNF:12
FNH:0
FNDA:0,normalizeRows
FNDA:0,(anonymous_1)
FNDA:0,initSchema
FNDA:0,ingestEvents
FNDA:0,(anonymous_4)
FNDA:0,getStats
FNDA:0,(anonymous_6)
FNDA:0,rowsToObject
FNDA:0,getRealtime
FNDA:0,exportData
FNDA:0,debugGetCount
FNDA:0,debugGetRecent
DA:11,0
DA:21,0
DA:22,0
DA:23,0
DA:24,0
DA:26,0
DA:35,0
DA:56,0
DA:57,0
DA:58,0
DA:62,0
DA:65,0
DA:68,0
DA:69,0
DA:70,0
DA:81,0
DA:84,0
DA:107,0
DA:108,0
DA:121,0
DA:228,0
DA:229,0
DA:230,0
DA:241,0
DA:242,0
DA:243,0
DA:244,0
DA:245,0
DA:247,0
DA:272,0
DA:273,0
DA:274,0
DA:275,0
DA:276,0
DA:279,0
DA:289,0
DA:290,0
DA:295,0
DA:326,0
DA:327,0
DA:329,0
DA:337,0
DA:338,0
DA:359,0
DA:419,0
DA:420,0
DA:421,0
DA:428,0
DA:432,0
DA:439,0
DA:443,0
LF:51
LH:0
BRDA:24,0,0,0
BRDA:24,0,1,0
BRDA:81,1,0,0
BRDA:81,1,1,0
BRDA:231,2,0,0
BRDA:231,2,1,0
BRDA:232,3,0,0
BRDA:232,3,1,0
BRDA:233,4,0,0
BRDA:233,4,1,0
BRDA:234,5,0,0
BRDA:234,5,1,0
BRDA:234,6,0,0
BRDA:234,6,1,0
BRDA:251,7,0,0
BRDA:251,7,1,0
BRDA:254,8,0,0
BRDA:254,8,1,0
BRDA:275,9,0,0
BRDA:275,9,1,0
BRDA:275,10,0,0
BRDA:275,10,1,0
BRDA:275,10,2,0
BRDA:327,11,0,0
BRDA:327,11,1,0
BRDA:330,12,0,0
BRDA:330,12,1,0
BRDA:331,13,0,0
BRDA:331,13,1,0
BRDA:358,14,0,0
BRDA:358,15,0,0
BRDA:419,16,0,0
BRDA:419,16,1,0
BRDA:432,17,0,0
BRDA:432,17,1,0
BRDA:438,18,0,0
BRF:36
BRH:0
end_of_record
TN:
SF:netlify/functions/lib/zero-trust-core.js
FN:16,getDailySalt
FN:32,createIdentityHash
FN:45,createSessionHash
FN:56,parseContext
FN:91,parseGeo
FN:105,createZTRecord
FN:142,validateNoPII
FNF:7
FNH:0
FNDA:0,getDailySalt
FNDA:0,createIdentityHash
FNDA:0,createSessionHash
FNDA:0,parseContext
FNDA:0,parseGeo
FNDA:0,createZTRecord
FNDA:0,validateNoPII
DA:13,0
DA:17,0
DA:18,0
DA:33,0
DA:34,0
DA:35,0
DA:46,0
DA:57,0
DA:60,0
DA:61,0
DA:62,0
DA:66,0
DA:67,0
DA:68,0
DA:69,0
DA:70,0
DA:71,0
DA:74,0
DA:75,0
DA:76,0
DA:77,0
DA:78,0
DA:79,0
DA:81,0
DA:92,0
DA:115,0
DA:116,0
DA:118,0
DA:143,0
DA:150,0
DA:151,0
DA:152,0
DA:153,0
DA:154,0
DA:157,0
LF:35
LH:0
BRDA:57,0,0,0
BRDA:57,0,1,0
BRDA:61,1,0,0
BRDA:61,1,1,0
BRDA:62,2,0,0
BRDA:62,2,1,0
BRDA:67,3,0,0
BRDA:67,3,1,0
BRDA:68,4,0,0
BRDA:68,4,1,0
BRDA:69,5,0,0
BRDA:69,5,1,0
BRDA:70,6,0,0
BRDA:70,6,1,0
BRDA:71,7,0,0
BRDA:71,7,1,0
BRDA:75,8,0,0
BRDA:75,8,1,0
BRDA:76,9,0,0
BRDA:76,9,1,0
BRDA:77,10,0,0
BRDA:77,10,1,0
BRDA:78,11,0,0
BRDA:78,11,1,0
BRDA:79,12,0,0
BRDA:79,12,1,0
BRDA:93,13,0,0
BRDA:93,13,1,0
BRDA:93,13,2,0
BRDA:94,14,0,0
BRDA:94,14,1,0
BRDA:94,14,2,0
BRDA:111,15,0,0
BRDA:112,16,0,0
BRDA:113,17,0,0
BRDA:122,18,0,0
BRDA:122,18,1,0
BRDA:130,19,0,0
BRDA:130,19,1,0
BRDA:131,20,0,0
BRDA:131,20,1,0
BRDA:152,21,0,0
BRDA:152,21,1,0
BRF:43
BRH:0
end_of_record
